Analysis & Synthesis report for top_de1
Mon Jan 12 16:29:54 2015
Quartus II 64-Bit Version 13.0.1 Build 232 06/12/2013 Service Pack 1 SJ Web Edition


---------------------
; Table of Contents ;
---------------------
  1. Legal Notice
  2. Analysis & Synthesis Summary
  3. Analysis & Synthesis Settings
  4. Parallel Compilation
  5. Analysis & Synthesis Source Files Read
  6. Analysis & Synthesis Resource Usage Summary
  7. Analysis & Synthesis Resource Utilization by Entity
  8. Analysis & Synthesis RAM Summary
  9. State Machine - |top_de1|spi:inst|control:ctrl1|state
 10. Registers Removed During Synthesis
 11. General Register Statistics
 12. Inverted Register Statistics
 13. Multiplexer Restructuring Statistics (Restructuring Performed)
 14. Parameter Settings for Inferred Entity Instance: sld_signaltap:auto_signaltap_0
 15. SignalTap II Logic Analyzer Settings
 16. Elapsed Time Per Partition
 17. Connections to In-System Debugging Instance "auto_signaltap_0"
 18. Analysis & Synthesis Messages



----------------
; Legal Notice ;
----------------
Copyright (C) 1991-2013 Altera Corporation
Your use of Altera Corporation's design tools, logic functions 
and other software and tools, and its AMPP partner logic 
functions, and any output files from any of the foregoing 
(including device programming or simulation files), and any 
associated documentation or information are expressly subject 
to the terms and conditions of the Altera Program License 
Subscription Agreement, Altera MegaCore Function License 
Agreement, or other applicable license agreement, including, 
without limitation, that your use is for the sole purpose of 
programming logic devices manufactured by Altera and sold by 
Altera or its authorized distributors.  Please refer to the 
applicable agreement for further details.



+--------------------------------------------------------------------------------------+
; Analysis & Synthesis Summary                                                         ;
+------------------------------------+-------------------------------------------------+
; Analysis & Synthesis Status        ; Successful - Mon Jan 12 16:29:54 2015           ;
; Quartus II 64-Bit Version          ; 13.0.1 Build 232 06/12/2013 SP 1 SJ Web Edition ;
; Revision Name                      ; top_de1                                         ;
; Top-level Entity Name              ; top_de1                                         ;
; Family                             ; Cyclone III                                     ;
; Total logic elements               ; 493                                             ;
;     Total combinational functions  ; 348                                             ;
;     Dedicated logic registers      ; 352                                             ;
; Total registers                    ; 352                                             ;
; Total pins                         ; 13                                              ;
; Total virtual pins                 ; 0                                               ;
; Total memory bits                  ; 384                                             ;
; Embedded Multiplier 9-bit elements ; 0                                               ;
; Total PLLs                         ; 0                                               ;
+------------------------------------+-------------------------------------------------+


+----------------------------------------------------------------------------------------------------------------------+
; Analysis & Synthesis Settings                                                                                        ;
+----------------------------------------------------------------------------+--------------------+--------------------+
; Option                                                                     ; Setting            ; Default Value      ;
+----------------------------------------------------------------------------+--------------------+--------------------+
; Device                                                                     ; EP3C16F484C6       ;                    ;
; Top-level entity name                                                      ; top_de1            ; top_de1            ;
; Family name                                                                ; Cyclone III        ; Cyclone IV GX      ;
; Block Design Naming                                                        ; QuartusII          ; Auto               ;
; Use smart compilation                                                      ; Off                ; Off                ;
; Enable parallel Assembler and TimeQuest Timing Analyzer during compilation ; On                 ; On                 ;
; Enable compact report table                                                ; Off                ; Off                ;
; Restructure Multiplexers                                                   ; Auto               ; Auto               ;
; Create Debugging Nodes for IP Cores                                        ; Off                ; Off                ;
; Preserve fewer node names                                                  ; On                 ; On                 ;
; Disable OpenCore Plus hardware evaluation                                  ; Off                ; Off                ;
; Verilog Version                                                            ; Verilog_2001       ; Verilog_2001       ;
; VHDL Version                                                               ; VHDL_1993          ; VHDL_1993          ;
; State Machine Processing                                                   ; Auto               ; Auto               ;
; Safe State Machine                                                         ; Off                ; Off                ;
; Extract Verilog State Machines                                             ; On                 ; On                 ;
; Extract VHDL State Machines                                                ; On                 ; On                 ;
; Ignore Verilog initial constructs                                          ; Off                ; Off                ;
; Iteration limit for constant Verilog loops                                 ; 5000               ; 5000               ;
; Iteration limit for non-constant Verilog loops                             ; 250                ; 250                ;
; Add Pass-Through Logic to Inferred RAMs                                    ; On                 ; On                 ;
; Infer RAMs from Raw Logic                                                  ; On                 ; On                 ;
; Parallel Synthesis                                                         ; On                 ; On                 ;
; DSP Block Balancing                                                        ; Auto               ; Auto               ;
; NOT Gate Push-Back                                                         ; On                 ; On                 ;
; Power-Up Don't Care                                                        ; On                 ; On                 ;
; Remove Redundant Logic Cells                                               ; Off                ; Off                ;
; Remove Duplicate Registers                                                 ; On                 ; On                 ;
; Ignore CARRY Buffers                                                       ; Off                ; Off                ;
; Ignore CASCADE Buffers                                                     ; Off                ; Off                ;
; Ignore GLOBAL Buffers                                                      ; Off                ; Off                ;
; Ignore ROW GLOBAL Buffers                                                  ; Off                ; Off                ;
; Ignore LCELL Buffers                                                       ; Off                ; Off                ;
; Ignore SOFT Buffers                                                        ; On                 ; On                 ;
; Limit AHDL Integers to 32 Bits                                             ; Off                ; Off                ;
; Optimization Technique                                                     ; Balanced           ; Balanced           ;
; Carry Chain Length                                                         ; 70                 ; 70                 ;
; Auto Carry Chains                                                          ; On                 ; On                 ;
; Auto Open-Drain Pins                                                       ; On                 ; On                 ;
; Perform WYSIWYG Primitive Resynthesis                                      ; Off                ; Off                ;
; Auto ROM Replacement                                                       ; On                 ; On                 ;
; Auto RAM Replacement                                                       ; On                 ; On                 ;
; Auto DSP Block Replacement                                                 ; On                 ; On                 ;
; Auto Shift Register Replacement                                            ; Auto               ; Auto               ;
; Allow Shift Register Merging across Hierarchies                            ; Auto               ; Auto               ;
; Auto Clock Enable Replacement                                              ; On                 ; On                 ;
; Strict RAM Replacement                                                     ; Off                ; Off                ;
; Allow Synchronous Control Signals                                          ; On                 ; On                 ;
; Force Use of Synchronous Clear Signals                                     ; Off                ; Off                ;
; Auto RAM Block Balancing                                                   ; On                 ; On                 ;
; Auto RAM to Logic Cell Conversion                                          ; Off                ; Off                ;
; Auto Resource Sharing                                                      ; Off                ; Off                ;
; Allow Any RAM Size For Recognition                                         ; Off                ; Off                ;
; Allow Any ROM Size For Recognition                                         ; Off                ; Off                ;
; Allow Any Shift Register Size For Recognition                              ; Off                ; Off                ;
; Use LogicLock Constraints during Resource Balancing                        ; On                 ; On                 ;
; Ignore translate_off and synthesis_off directives                          ; Off                ; Off                ;
; Timing-Driven Synthesis                                                    ; On                 ; On                 ;
; Report Parameter Settings                                                  ; On                 ; On                 ;
; Report Source Assignments                                                  ; On                 ; On                 ;
; Report Connectivity Checks                                                 ; On                 ; On                 ;
; Ignore Maximum Fan-Out Assignments                                         ; Off                ; Off                ;
; Synchronization Register Chain Length                                      ; 2                  ; 2                  ;
; PowerPlay Power Optimization                                               ; Normal compilation ; Normal compilation ;
; HDL message level                                                          ; Level2             ; Level2             ;
; Suppress Register Optimization Related Messages                            ; Off                ; Off                ;
; Number of Removed Registers Reported in Synthesis Report                   ; 5000               ; 5000               ;
; Number of Swept Nodes Reported in Synthesis Report                         ; 5000               ; 5000               ;
; Number of Inverted Registers Reported in Synthesis Report                  ; 100                ; 100                ;
; Clock MUX Protection                                                       ; On                 ; On                 ;
; Auto Gated Clock Conversion                                                ; Off                ; Off                ;
; SDC constraint protection                                                  ; Off                ; Off                ;
; Synthesis Effort                                                           ; Auto               ; Auto               ;
; Shift Register Replacement - Allow Asynchronous Clear Signal               ; On                 ; On                 ;
; Pre-Mapping Resynthesis Optimization                                       ; Off                ; Off                ;
; Analysis & Synthesis Message Level                                         ; Medium             ; Medium             ;
; Disable Register Merging Across Hierarchies                                ; Auto               ; Auto               ;
; Resource Aware Inference For Block RAM                                     ; On                 ; On                 ;
; Synthesis Seed                                                             ; 1                  ; 1                  ;
+----------------------------------------------------------------------------+--------------------+--------------------+


+------------------------------------------+
; Parallel Compilation                     ;
+----------------------------+-------------+
; Processors                 ; Number      ;
+----------------------------+-------------+
; Number detected on machine ; 8           ;
; Maximum allowed            ; 4           ;
;                            ;             ;
; Average used               ; 1.00        ;
; Maximum used               ; 2           ;
;                            ;             ;
; Usage by Processor         ; % Time Used ;
;     Processor 1            ; 100.0%      ;
;     Processor 2            ; < 0.1%      ;
;     Processors 3-8         ;   0.0%      ;
+----------------------------+-------------+


+-------------------------------------------------------------------------------------------------------------------------------------------------------------------------------------+
; Analysis & Synthesis Source Files Read                                                                                                                                              ;
+----------------------------------+-----------------+------------------------------------+---------------------------------------------------------------------------------+---------+
; File Name with User-Entered Path ; Used in Netlist ; File Type                          ; File Name with Absolute Path                                                    ; Library ;
+----------------------------------+-----------------+------------------------------------+---------------------------------------------------------------------------------+---------+
; ../../2_pulse.vhd                ; yes             ; User VHDL File                     ; C:/Users/Job/epo3a5/chip/subsystems/SPI/2_pulse.vhd                             ;         ;
; ../../spi.vhd                    ; yes             ; User VHDL File                     ; C:/Users/Job/epo3a5/chip/subsystems/SPI/spi.vhd                                 ;         ;
; ../../shift_reg.vhd              ; yes             ; User VHDL File                     ; C:/Users/Job/epo3a5/chip/subsystems/SPI/shift_reg.vhd                           ;         ;
; ../../counter.vhd                ; yes             ; User VHDL File                     ; C:/Users/Job/epo3a5/chip/subsystems/SPI/counter.vhd                             ;         ;
; ../../control.vhd                ; yes             ; User VHDL File                     ; C:/Users/Job/epo3a5/chip/subsystems/SPI/control.vhd                             ;         ;
; top_de1.bdf                      ; yes             ; User Block Diagram/Schematic File  ; C:/Users/Job/epo3a5/chip/subsystems/SPI/GWTF/quartus_DE1/top_de1.bdf            ;         ;
; gen6mhz.vhd                      ; yes             ; User VHDL File                     ; C:/Users/Job/epo3a5/chip/subsystems/SPI/GWTF/quartus_DE1/gen6mhz.vhd            ;         ;
; sld_signaltap.vhd                ; yes             ; Megafunction                       ; c:/altera/13.0sp1/quartus/libraries/megafunctions/sld_signaltap.vhd             ;         ;
; sld_signaltap_impl.vhd           ; yes             ; Encrypted Megafunction             ; c:/altera/13.0sp1/quartus/libraries/megafunctions/sld_signaltap_impl.vhd        ;         ;
; sld_ela_control.vhd              ; yes             ; Encrypted Megafunction             ; c:/altera/13.0sp1/quartus/libraries/megafunctions/sld_ela_control.vhd           ;         ;
; lpm_shiftreg.tdf                 ; yes             ; Megafunction                       ; c:/altera/13.0sp1/quartus/libraries/megafunctions/lpm_shiftreg.tdf              ;         ;
; lpm_constant.inc                 ; yes             ; Megafunction                       ; c:/altera/13.0sp1/quartus/libraries/megafunctions/lpm_constant.inc              ;         ;
; dffeea.inc                       ; yes             ; Megafunction                       ; c:/altera/13.0sp1/quartus/libraries/megafunctions/dffeea.inc                    ;         ;
; aglobal130.inc                   ; yes             ; Megafunction                       ; c:/altera/13.0sp1/quartus/libraries/megafunctions/aglobal130.inc                ;         ;
; sld_mbpmg.vhd                    ; yes             ; Encrypted Megafunction             ; c:/altera/13.0sp1/quartus/libraries/megafunctions/sld_mbpmg.vhd                 ;         ;
; sld_ela_trigger_flow_mgr.vhd     ; yes             ; Encrypted Megafunction             ; c:/altera/13.0sp1/quartus/libraries/megafunctions/sld_ela_trigger_flow_mgr.vhd  ;         ;
; sld_buffer_manager.vhd           ; yes             ; Encrypted Megafunction             ; c:/altera/13.0sp1/quartus/libraries/megafunctions/sld_buffer_manager.vhd        ;         ;
; altsyncram.tdf                   ; yes             ; Megafunction                       ; c:/altera/13.0sp1/quartus/libraries/megafunctions/altsyncram.tdf                ;         ;
; stratix_ram_block.inc            ; yes             ; Megafunction                       ; c:/altera/13.0sp1/quartus/libraries/megafunctions/stratix_ram_block.inc         ;         ;
; lpm_mux.inc                      ; yes             ; Megafunction                       ; c:/altera/13.0sp1/quartus/libraries/megafunctions/lpm_mux.inc                   ;         ;
; lpm_decode.inc                   ; yes             ; Megafunction                       ; c:/altera/13.0sp1/quartus/libraries/megafunctions/lpm_decode.inc                ;         ;
; a_rdenreg.inc                    ; yes             ; Megafunction                       ; c:/altera/13.0sp1/quartus/libraries/megafunctions/a_rdenreg.inc                 ;         ;
; altrom.inc                       ; yes             ; Megafunction                       ; c:/altera/13.0sp1/quartus/libraries/megafunctions/altrom.inc                    ;         ;
; altram.inc                       ; yes             ; Megafunction                       ; c:/altera/13.0sp1/quartus/libraries/megafunctions/altram.inc                    ;         ;
; altdpram.inc                     ; yes             ; Megafunction                       ; c:/altera/13.0sp1/quartus/libraries/megafunctions/altdpram.inc                  ;         ;
; db/altsyncram_tp14.tdf           ; yes             ; Auto-Generated Megafunction        ; C:/Users/Job/epo3a5/chip/subsystems/SPI/GWTF/quartus_DE1/db/altsyncram_tp14.tdf ;         ;
; altdpram.tdf                     ; yes             ; Megafunction                       ; c:/altera/13.0sp1/quartus/libraries/megafunctions/altdpram.tdf                  ;         ;
; memmodes.inc                     ; yes             ; Megafunction                       ; c:/altera/13.0sp1/quartus/libraries/others/maxplus2/memmodes.inc                ;         ;
; a_hdffe.inc                      ; yes             ; Megafunction                       ; c:/altera/13.0sp1/quartus/libraries/megafunctions/a_hdffe.inc                   ;         ;
; alt_le_rden_reg.inc              ; yes             ; Megafunction                       ; c:/altera/13.0sp1/quartus/libraries/megafunctions/alt_le_rden_reg.inc           ;         ;
; altsyncram.inc                   ; yes             ; Megafunction                       ; c:/altera/13.0sp1/quartus/libraries/megafunctions/altsyncram.inc                ;         ;
; lpm_mux.tdf                      ; yes             ; Megafunction                       ; c:/altera/13.0sp1/quartus/libraries/megafunctions/lpm_mux.tdf                   ;         ;
; muxlut.inc                       ; yes             ; Megafunction                       ; c:/altera/13.0sp1/quartus/libraries/megafunctions/muxlut.inc                    ;         ;
; bypassff.inc                     ; yes             ; Megafunction                       ; c:/altera/13.0sp1/quartus/libraries/megafunctions/bypassff.inc                  ;         ;
; altshift.inc                     ; yes             ; Megafunction                       ; c:/altera/13.0sp1/quartus/libraries/megafunctions/altshift.inc                  ;         ;
; db/mux_jrc.tdf                   ; yes             ; Auto-Generated Megafunction        ; C:/Users/Job/epo3a5/chip/subsystems/SPI/GWTF/quartus_DE1/db/mux_jrc.tdf         ;         ;
; lpm_decode.tdf                   ; yes             ; Megafunction                       ; c:/altera/13.0sp1/quartus/libraries/megafunctions/lpm_decode.tdf                ;         ;
; declut.inc                       ; yes             ; Megafunction                       ; c:/altera/13.0sp1/quartus/libraries/megafunctions/declut.inc                    ;         ;
; lpm_compare.inc                  ; yes             ; Megafunction                       ; c:/altera/13.0sp1/quartus/libraries/megafunctions/lpm_compare.inc               ;         ;
; db/decode_4uf.tdf                ; yes             ; Auto-Generated Megafunction        ; C:/Users/Job/epo3a5/chip/subsystems/SPI/GWTF/quartus_DE1/db/decode_4uf.tdf      ;         ;
; lpm_counter.tdf                  ; yes             ; Megafunction                       ; c:/altera/13.0sp1/quartus/libraries/megafunctions/lpm_counter.tdf               ;         ;
; lpm_add_sub.inc                  ; yes             ; Megafunction                       ; c:/altera/13.0sp1/quartus/libraries/megafunctions/lpm_add_sub.inc               ;         ;
; cmpconst.inc                     ; yes             ; Megafunction                       ; c:/altera/13.0sp1/quartus/libraries/megafunctions/cmpconst.inc                  ;         ;
; lpm_counter.inc                  ; yes             ; Megafunction                       ; c:/altera/13.0sp1/quartus/libraries/megafunctions/lpm_counter.inc               ;         ;
; alt_counter_stratix.inc          ; yes             ; Megafunction                       ; c:/altera/13.0sp1/quartus/libraries/megafunctions/alt_counter_stratix.inc       ;         ;
; db/cntr_gdi.tdf                  ; yes             ; Auto-Generated Megafunction        ; C:/Users/Job/epo3a5/chip/subsystems/SPI/GWTF/quartus_DE1/db/cntr_gdi.tdf        ;         ;
; db/cmpr_ffc.tdf                  ; yes             ; Auto-Generated Megafunction        ; C:/Users/Job/epo3a5/chip/subsystems/SPI/GWTF/quartus_DE1/db/cmpr_ffc.tdf        ;         ;
; db/cntr_95j.tdf                  ; yes             ; Auto-Generated Megafunction        ; C:/Users/Job/epo3a5/chip/subsystems/SPI/GWTF/quartus_DE1/db/cntr_95j.tdf        ;         ;
; db/cntr_5fi.tdf                  ; yes             ; Auto-Generated Megafunction        ; C:/Users/Job/epo3a5/chip/subsystems/SPI/GWTF/quartus_DE1/db/cntr_5fi.tdf        ;         ;
; db/cmpr_hfc.tdf                  ; yes             ; Auto-Generated Megafunction        ; C:/Users/Job/epo3a5/chip/subsystems/SPI/GWTF/quartus_DE1/db/cmpr_hfc.tdf        ;         ;
; db/cntr_p1j.tdf                  ; yes             ; Auto-Generated Megafunction        ; C:/Users/Job/epo3a5/chip/subsystems/SPI/GWTF/quartus_DE1/db/cntr_p1j.tdf        ;         ;
; db/cmpr_efc.tdf                  ; yes             ; Auto-Generated Megafunction        ; C:/Users/Job/epo3a5/chip/subsystems/SPI/GWTF/quartus_DE1/db/cmpr_efc.tdf        ;         ;
; sld_rom_sr.vhd                   ; yes             ; Encrypted Megafunction             ; c:/altera/13.0sp1/quartus/libraries/megafunctions/sld_rom_sr.vhd                ;         ;
; sld_hub.vhd                      ; yes             ; Encrypted Megafunction             ; c:/altera/13.0sp1/quartus/libraries/megafunctions/sld_hub.vhd                   ;         ;
; sld_jtag_hub.vhd                 ; yes             ; Encrypted Megafunction             ; c:/altera/13.0sp1/quartus/libraries/megafunctions/sld_jtag_hub.vhd              ;         ;
+----------------------------------+-----------------+------------------------------------+---------------------------------------------------------------------------------+---------+


+------------------------------------------------------------------------+
; Analysis & Synthesis Resource Usage Summary                            ;
+---------------------------------------------+--------------------------+
; Resource                                    ; Usage                    ;
+---------------------------------------------+--------------------------+
; Estimated Total logic elements              ; 493                      ;
;                                             ;                          ;
; Total combinational functions               ; 348                      ;
; Logic element usage by number of LUT inputs ;                          ;
;     -- 4 input functions                    ; 130                      ;
;     -- 3 input functions                    ; 115                      ;
;     -- <=2 input functions                  ; 103                      ;
;                                             ;                          ;
; Logic elements by mode                      ;                          ;
;     -- normal mode                          ; 308                      ;
;     -- arithmetic mode                      ; 40                       ;
;                                             ;                          ;
; Total registers                             ; 352                      ;
;     -- Dedicated logic registers            ; 352                      ;
;     -- I/O registers                        ; 0                        ;
;                                             ;                          ;
; I/O pins                                    ; 13                       ;
; Total memory bits                           ; 384                      ;
; Embedded Multiplier 9-bit elements          ; 0                        ;
; Maximum fan-out node                        ; altera_internal_jtag~TDO ;
; Maximum fan-out                             ; 233                      ;
; Total fan-out                               ; 2251                     ;
; Average fan-out                             ; 3.05                     ;
+---------------------------------------------+--------------------------+


+-----------------------------------------------------------------------------------------------------------------------------------------------------------------------------------------------------------------------------------------------------------------------------------------------------------------------------------------------------------------------------------------------------------------------------------------------------------------------------------------------------------------------------------------------------------------------------------+
; Analysis & Synthesis Resource Utilization by Entity                                                                                                                                                                                                                                                                                                                                                                                                                                                                                                                               ;
+---------------------------------------------------------------------------------------------------------+-------------------+--------------+-------------+--------------+---------+-----------+------+--------------+----------------------------------------------------------------------------------------------------------------------------------------------------------------------------------------------------------------------------------------------------------------------------------------------------------------------------------------------+--------------+
; Compilation Hierarchy Node                                                                              ; LC Combinationals ; LC Registers ; Memory Bits ; DSP Elements ; DSP 9x9 ; DSP 18x18 ; Pins ; Virtual Pins ; Full Hierarchy Name                                                                                                                                                                                                                                                                                                                          ; Library Name ;
+---------------------------------------------------------------------------------------------------------+-------------------+--------------+-------------+--------------+---------+-----------+------+--------------+----------------------------------------------------------------------------------------------------------------------------------------------------------------------------------------------------------------------------------------------------------------------------------------------------------------------------------------------+--------------+
; |top_de1                                                                                                ; 348 (2)           ; 352 (0)      ; 384         ; 0            ; 0       ; 0         ; 13   ; 0            ; |top_de1                                                                                                                                                                                                                                                                                                                                     ; work         ;
;    |gen6mhz:inst1|                                                                                      ; 3 (3)             ; 3 (3)        ; 0           ; 0            ; 0       ; 0         ; 0    ; 0            ; |top_de1|gen6mhz:inst1                                                                                                                                                                                                                                                                                                                       ; work         ;
;    |pulse_2:inst11|                                                                                     ; 1 (1)             ; 3 (3)        ; 0           ; 0            ; 0       ; 0         ; 0    ; 0            ; |top_de1|pulse_2:inst11                                                                                                                                                                                                                                                                                                                      ; work         ;
;    |sld_hub:auto_hub|                                                                                   ; 121 (1)           ; 86 (0)       ; 0           ; 0            ; 0       ; 0         ; 0    ; 0            ; |top_de1|sld_hub:auto_hub                                                                                                                                                                                                                                                                                                                    ; work         ;
;       |sld_jtag_hub:\jtag_hub_gen:sld_jtag_hub_inst|                                                    ; 120 (82)          ; 86 (58)      ; 0           ; 0            ; 0       ; 0         ; 0    ; 0            ; |top_de1|sld_hub:auto_hub|sld_jtag_hub:\jtag_hub_gen:sld_jtag_hub_inst                                                                                                                                                                                                                                                                       ; work         ;
;          |sld_rom_sr:hub_info_reg|                                                                      ; 21 (21)           ; 9 (9)        ; 0           ; 0            ; 0       ; 0         ; 0    ; 0            ; |top_de1|sld_hub:auto_hub|sld_jtag_hub:\jtag_hub_gen:sld_jtag_hub_inst|sld_rom_sr:hub_info_reg                                                                                                                                                                                                                                               ; work         ;
;          |sld_shadow_jsm:shadow_jsm|                                                                    ; 17 (17)           ; 19 (19)      ; 0           ; 0            ; 0       ; 0         ; 0    ; 0            ; |top_de1|sld_hub:auto_hub|sld_jtag_hub:\jtag_hub_gen:sld_jtag_hub_inst|sld_shadow_jsm:shadow_jsm                                                                                                                                                                                                                                             ; work         ;
;    |sld_signaltap:auto_signaltap_0|                                                                     ; 202 (1)           ; 244 (6)      ; 384         ; 0            ; 0       ; 0         ; 0    ; 0            ; |top_de1|sld_signaltap:auto_signaltap_0                                                                                                                                                                                                                                                                                                      ; work         ;
;       |sld_signaltap_impl:sld_signaltap_body|                                                           ; 201 (0)           ; 238 (0)      ; 384         ; 0            ; 0       ; 0         ; 0    ; 0            ; |top_de1|sld_signaltap:auto_signaltap_0|sld_signaltap_impl:sld_signaltap_body                                                                                                                                                                                                                                                                ; work         ;
;          |sld_signaltap_implb:sld_signaltap_body|                                                       ; 201 (20)          ; 238 (38)     ; 384         ; 0            ; 0       ; 0         ; 0    ; 0            ; |top_de1|sld_signaltap:auto_signaltap_0|sld_signaltap_impl:sld_signaltap_body|sld_signaltap_implb:sld_signaltap_body                                                                                                                                                                                                                         ; work         ;
;             |altdpram:\stp_non_zero_ram_gen:attribute_mem_gen:attribute_mem|                            ; 17 (0)            ; 46 (46)      ; 0           ; 0            ; 0       ; 0         ; 0    ; 0            ; |top_de1|sld_signaltap:auto_signaltap_0|sld_signaltap_impl:sld_signaltap_body|sld_signaltap_implb:sld_signaltap_body|altdpram:\stp_non_zero_ram_gen:attribute_mem_gen:attribute_mem                                                                                                                                                          ; work         ;
;                |lpm_decode:wdecoder|                                                                    ; 2 (0)             ; 0 (0)        ; 0           ; 0            ; 0       ; 0         ; 0    ; 0            ; |top_de1|sld_signaltap:auto_signaltap_0|sld_signaltap_impl:sld_signaltap_body|sld_signaltap_implb:sld_signaltap_body|altdpram:\stp_non_zero_ram_gen:attribute_mem_gen:attribute_mem|lpm_decode:wdecoder                                                                                                                                      ; work         ;
;                   |decode_4uf:auto_generated|                                                           ; 2 (2)             ; 0 (0)        ; 0           ; 0            ; 0       ; 0         ; 0    ; 0            ; |top_de1|sld_signaltap:auto_signaltap_0|sld_signaltap_impl:sld_signaltap_body|sld_signaltap_implb:sld_signaltap_body|altdpram:\stp_non_zero_ram_gen:attribute_mem_gen:attribute_mem|lpm_decode:wdecoder|decode_4uf:auto_generated                                                                                                            ; work         ;
;                |lpm_mux:mux|                                                                            ; 15 (0)            ; 0 (0)        ; 0           ; 0            ; 0       ; 0         ; 0    ; 0            ; |top_de1|sld_signaltap:auto_signaltap_0|sld_signaltap_impl:sld_signaltap_body|sld_signaltap_implb:sld_signaltap_body|altdpram:\stp_non_zero_ram_gen:attribute_mem_gen:attribute_mem|lpm_mux:mux                                                                                                                                              ; work         ;
;                   |mux_jrc:auto_generated|                                                              ; 15 (15)           ; 0 (0)        ; 0           ; 0            ; 0       ; 0         ; 0    ; 0            ; |top_de1|sld_signaltap:auto_signaltap_0|sld_signaltap_impl:sld_signaltap_body|sld_signaltap_implb:sld_signaltap_body|altdpram:\stp_non_zero_ram_gen:attribute_mem_gen:attribute_mem|lpm_mux:mux|mux_jrc:auto_generated                                                                                                                       ; work         ;
;             |altsyncram:\stp_non_zero_ram_gen:stp_buffer_ram|                                           ; 0 (0)             ; 0 (0)        ; 384         ; 0            ; 0       ; 0         ; 0    ; 0            ; |top_de1|sld_signaltap:auto_signaltap_0|sld_signaltap_impl:sld_signaltap_body|sld_signaltap_implb:sld_signaltap_body|altsyncram:\stp_non_zero_ram_gen:stp_buffer_ram                                                                                                                                                                         ; work         ;
;                |altsyncram_tp14:auto_generated|                                                         ; 0 (0)             ; 0 (0)        ; 384         ; 0            ; 0       ; 0         ; 0    ; 0            ; |top_de1|sld_signaltap:auto_signaltap_0|sld_signaltap_impl:sld_signaltap_body|sld_signaltap_implb:sld_signaltap_body|altsyncram:\stp_non_zero_ram_gen:stp_buffer_ram|altsyncram_tp14:auto_generated                                                                                                                                          ; work         ;
;             |lpm_shiftreg:segment_offset_config_deserialize|                                            ; 0 (0)             ; 7 (7)        ; 0           ; 0            ; 0       ; 0         ; 0    ; 0            ; |top_de1|sld_signaltap:auto_signaltap_0|sld_signaltap_impl:sld_signaltap_body|sld_signaltap_implb:sld_signaltap_body|lpm_shiftreg:segment_offset_config_deserialize                                                                                                                                                                          ; work         ;
;             |lpm_shiftreg:status_register|                                                              ; 17 (17)           ; 17 (17)      ; 0           ; 0            ; 0       ; 0         ; 0    ; 0            ; |top_de1|sld_signaltap:auto_signaltap_0|sld_signaltap_impl:sld_signaltap_body|sld_signaltap_implb:sld_signaltap_body|lpm_shiftreg:status_register                                                                                                                                                                                            ; work         ;
;             |sld_buffer_manager:sld_buffer_manager_inst|                                                ; 59 (59)           ; 44 (44)      ; 0           ; 0            ; 0       ; 0         ; 0    ; 0            ; |top_de1|sld_signaltap:auto_signaltap_0|sld_signaltap_impl:sld_signaltap_body|sld_signaltap_implb:sld_signaltap_body|sld_buffer_manager:sld_buffer_manager_inst                                                                                                                                                                              ; work         ;
;             |sld_ela_control:ela_control|                                                               ; 9 (1)             ; 31 (1)       ; 0           ; 0            ; 0       ; 0         ; 0    ; 0            ; |top_de1|sld_signaltap:auto_signaltap_0|sld_signaltap_impl:sld_signaltap_body|sld_signaltap_implb:sld_signaltap_body|sld_ela_control:ela_control                                                                                                                                                                                             ; work         ;
;                |lpm_shiftreg:trigger_config_deserialize|                                                ; 0 (0)             ; 4 (4)        ; 0           ; 0            ; 0       ; 0         ; 0    ; 0            ; |top_de1|sld_signaltap:auto_signaltap_0|sld_signaltap_impl:sld_signaltap_body|sld_signaltap_implb:sld_signaltap_body|sld_ela_control:ela_control|lpm_shiftreg:trigger_config_deserialize                                                                                                                                                     ; work         ;
;                |sld_ela_basic_multi_level_trigger:\basic_multi_level_mbpm_trigger_gen:multi_level_mbpm| ; 6 (0)             ; 15 (0)       ; 0           ; 0            ; 0       ; 0         ; 0    ; 0            ; |top_de1|sld_signaltap:auto_signaltap_0|sld_signaltap_impl:sld_signaltap_body|sld_signaltap_implb:sld_signaltap_body|sld_ela_control:ela_control|sld_ela_basic_multi_level_trigger:\basic_multi_level_mbpm_trigger_gen:multi_level_mbpm                                                                                                      ; work         ;
;                   |lpm_shiftreg:trigger_condition_deserialize|                                          ; 0 (0)             ; 9 (9)        ; 0           ; 0            ; 0       ; 0         ; 0    ; 0            ; |top_de1|sld_signaltap:auto_signaltap_0|sld_signaltap_impl:sld_signaltap_body|sld_signaltap_implb:sld_signaltap_body|sld_ela_control:ela_control|sld_ela_basic_multi_level_trigger:\basic_multi_level_mbpm_trigger_gen:multi_level_mbpm|lpm_shiftreg:trigger_condition_deserialize                                                           ; work         ;
;                   |sld_mbpmg:\trigger_modules_gen:0:trigger_match|                                      ; 6 (0)             ; 6 (0)        ; 0           ; 0            ; 0       ; 0         ; 0    ; 0            ; |top_de1|sld_signaltap:auto_signaltap_0|sld_signaltap_impl:sld_signaltap_body|sld_signaltap_implb:sld_signaltap_body|sld_ela_control:ela_control|sld_ela_basic_multi_level_trigger:\basic_multi_level_mbpm_trigger_gen:multi_level_mbpm|sld_mbpmg:\trigger_modules_gen:0:trigger_match                                                       ; work         ;
;                      |sld_sbpmg:\gen_sbpmg_pipeline_less_than_two:sm0:0:sm1|                            ; 2 (2)             ; 2 (2)        ; 0           ; 0            ; 0       ; 0         ; 0    ; 0            ; |top_de1|sld_signaltap:auto_signaltap_0|sld_signaltap_impl:sld_signaltap_body|sld_signaltap_implb:sld_signaltap_body|sld_ela_control:ela_control|sld_ela_basic_multi_level_trigger:\basic_multi_level_mbpm_trigger_gen:multi_level_mbpm|sld_mbpmg:\trigger_modules_gen:0:trigger_match|sld_sbpmg:\gen_sbpmg_pipeline_less_than_two:sm0:0:sm1 ; work         ;
;                      |sld_sbpmg:\gen_sbpmg_pipeline_less_than_two:sm0:1:sm1|                            ; 2 (2)             ; 2 (2)        ; 0           ; 0            ; 0       ; 0         ; 0    ; 0            ; |top_de1|sld_signaltap:auto_signaltap_0|sld_signaltap_impl:sld_signaltap_body|sld_signaltap_implb:sld_signaltap_body|sld_ela_control:ela_control|sld_ela_basic_multi_level_trigger:\basic_multi_level_mbpm_trigger_gen:multi_level_mbpm|sld_mbpmg:\trigger_modules_gen:0:trigger_match|sld_sbpmg:\gen_sbpmg_pipeline_less_than_two:sm0:1:sm1 ; work         ;
;                      |sld_sbpmg:\gen_sbpmg_pipeline_less_than_two:sm0:2:sm1|                            ; 2 (2)             ; 2 (2)        ; 0           ; 0            ; 0       ; 0         ; 0    ; 0            ; |top_de1|sld_signaltap:auto_signaltap_0|sld_signaltap_impl:sld_signaltap_body|sld_signaltap_implb:sld_signaltap_body|sld_ela_control:ela_control|sld_ela_basic_multi_level_trigger:\basic_multi_level_mbpm_trigger_gen:multi_level_mbpm|sld_mbpmg:\trigger_modules_gen:0:trigger_match|sld_sbpmg:\gen_sbpmg_pipeline_less_than_two:sm0:2:sm1 ; work         ;
;                |sld_ela_trigger_flow_mgr:\builtin:ela_trigger_flow_mgr_entity|                          ; 2 (2)             ; 11 (1)       ; 0           ; 0            ; 0       ; 0         ; 0    ; 0            ; |top_de1|sld_signaltap:auto_signaltap_0|sld_signaltap_impl:sld_signaltap_body|sld_signaltap_implb:sld_signaltap_body|sld_ela_control:ela_control|sld_ela_trigger_flow_mgr:\builtin:ela_trigger_flow_mgr_entity                                                                                                                               ; work         ;
;                   |lpm_shiftreg:trigger_config_deserialize|                                             ; 0 (0)             ; 10 (10)      ; 0           ; 0            ; 0       ; 0         ; 0    ; 0            ; |top_de1|sld_signaltap:auto_signaltap_0|sld_signaltap_impl:sld_signaltap_body|sld_signaltap_implb:sld_signaltap_body|sld_ela_control:ela_control|sld_ela_trigger_flow_mgr:\builtin:ela_trigger_flow_mgr_entity|lpm_shiftreg:trigger_config_deserialize                                                                                       ; work         ;
;             |sld_offload_buffer_mgr:\stp_non_zero_depth_offload_gen:stp_offload_buff_mgr_inst|          ; 60 (6)            ; 47 (0)       ; 0           ; 0            ; 0       ; 0         ; 0    ; 0            ; |top_de1|sld_signaltap:auto_signaltap_0|sld_signaltap_impl:sld_signaltap_body|sld_signaltap_implb:sld_signaltap_body|sld_offload_buffer_mgr:\stp_non_zero_depth_offload_gen:stp_offload_buff_mgr_inst                                                                                                                                        ; work         ;
;                |lpm_counter:\adv_point_3_and_more:advance_pointer_counter|                              ; 4 (0)             ; 2 (0)        ; 0           ; 0            ; 0       ; 0         ; 0    ; 0            ; |top_de1|sld_signaltap:auto_signaltap_0|sld_signaltap_impl:sld_signaltap_body|sld_signaltap_implb:sld_signaltap_body|sld_offload_buffer_mgr:\stp_non_zero_depth_offload_gen:stp_offload_buff_mgr_inst|lpm_counter:\adv_point_3_and_more:advance_pointer_counter                                                                              ; work         ;
;                   |cntr_gdi:auto_generated|                                                             ; 4 (4)             ; 2 (2)        ; 0           ; 0            ; 0       ; 0         ; 0    ; 0            ; |top_de1|sld_signaltap:auto_signaltap_0|sld_signaltap_impl:sld_signaltap_body|sld_signaltap_implb:sld_signaltap_body|sld_offload_buffer_mgr:\stp_non_zero_depth_offload_gen:stp_offload_buff_mgr_inst|lpm_counter:\adv_point_3_and_more:advance_pointer_counter|cntr_gdi:auto_generated                                                      ; work         ;
;                |lpm_counter:read_pointer_counter|                                                       ; 7 (0)             ; 7 (0)        ; 0           ; 0            ; 0       ; 0         ; 0    ; 0            ; |top_de1|sld_signaltap:auto_signaltap_0|sld_signaltap_impl:sld_signaltap_body|sld_signaltap_implb:sld_signaltap_body|sld_offload_buffer_mgr:\stp_non_zero_depth_offload_gen:stp_offload_buff_mgr_inst|lpm_counter:read_pointer_counter                                                                                                       ; work         ;
;                   |cntr_95j:auto_generated|                                                             ; 7 (7)             ; 7 (7)        ; 0           ; 0            ; 0       ; 0         ; 0    ; 0            ; |top_de1|sld_signaltap:auto_signaltap_0|sld_signaltap_impl:sld_signaltap_body|sld_signaltap_implb:sld_signaltap_body|sld_offload_buffer_mgr:\stp_non_zero_depth_offload_gen:stp_offload_buff_mgr_inst|lpm_counter:read_pointer_counter|cntr_95j:auto_generated                                                                               ; work         ;
;                |lpm_counter:status_advance_pointer_counter|                                             ; 6 (0)             ; 4 (0)        ; 0           ; 0            ; 0       ; 0         ; 0    ; 0            ; |top_de1|sld_signaltap:auto_signaltap_0|sld_signaltap_impl:sld_signaltap_body|sld_signaltap_implb:sld_signaltap_body|sld_offload_buffer_mgr:\stp_non_zero_depth_offload_gen:stp_offload_buff_mgr_inst|lpm_counter:status_advance_pointer_counter                                                                                             ; work         ;
;                   |cntr_5fi:auto_generated|                                                             ; 6 (6)             ; 4 (4)        ; 0           ; 0            ; 0       ; 0         ; 0    ; 0            ; |top_de1|sld_signaltap:auto_signaltap_0|sld_signaltap_impl:sld_signaltap_body|sld_signaltap_implb:sld_signaltap_body|sld_offload_buffer_mgr:\stp_non_zero_depth_offload_gen:stp_offload_buff_mgr_inst|lpm_counter:status_advance_pointer_counter|cntr_5fi:auto_generated                                                                     ; work         ;
;                |lpm_counter:status_read_pointer_counter|                                                ; 3 (0)             ; 1 (0)        ; 0           ; 0            ; 0       ; 0         ; 0    ; 0            ; |top_de1|sld_signaltap:auto_signaltap_0|sld_signaltap_impl:sld_signaltap_body|sld_signaltap_implb:sld_signaltap_body|sld_offload_buffer_mgr:\stp_non_zero_depth_offload_gen:stp_offload_buff_mgr_inst|lpm_counter:status_read_pointer_counter                                                                                                ; work         ;
;                   |cntr_p1j:auto_generated|                                                             ; 3 (3)             ; 1 (1)        ; 0           ; 0            ; 0       ; 0         ; 0    ; 0            ; |top_de1|sld_signaltap:auto_signaltap_0|sld_signaltap_impl:sld_signaltap_body|sld_signaltap_implb:sld_signaltap_body|sld_offload_buffer_mgr:\stp_non_zero_depth_offload_gen:stp_offload_buff_mgr_inst|lpm_counter:status_read_pointer_counter|cntr_p1j:auto_generated                                                                        ; work         ;
;                |lpm_shiftreg:info_data_shift_out|                                                       ; 15 (15)           ; 15 (15)      ; 0           ; 0            ; 0       ; 0         ; 0    ; 0            ; |top_de1|sld_signaltap:auto_signaltap_0|sld_signaltap_impl:sld_signaltap_body|sld_signaltap_implb:sld_signaltap_body|sld_offload_buffer_mgr:\stp_non_zero_depth_offload_gen:stp_offload_buff_mgr_inst|lpm_shiftreg:info_data_shift_out                                                                                                       ; work         ;
;                |lpm_shiftreg:ram_data_shift_out|                                                        ; 4 (4)             ; 3 (3)        ; 0           ; 0            ; 0       ; 0         ; 0    ; 0            ; |top_de1|sld_signaltap:auto_signaltap_0|sld_signaltap_impl:sld_signaltap_body|sld_signaltap_implb:sld_signaltap_body|sld_offload_buffer_mgr:\stp_non_zero_depth_offload_gen:stp_offload_buff_mgr_inst|lpm_shiftreg:ram_data_shift_out                                                                                                        ; work         ;
;                |lpm_shiftreg:status_data_shift_out|                                                     ; 15 (15)           ; 15 (15)      ; 0           ; 0            ; 0       ; 0         ; 0    ; 0            ; |top_de1|sld_signaltap:auto_signaltap_0|sld_signaltap_impl:sld_signaltap_body|sld_signaltap_implb:sld_signaltap_body|sld_offload_buffer_mgr:\stp_non_zero_depth_offload_gen:stp_offload_buff_mgr_inst|lpm_shiftreg:status_data_shift_out                                                                                                     ; work         ;
;             |sld_rom_sr:crc_rom_sr|                                                                     ; 19 (19)           ; 8 (8)        ; 0           ; 0            ; 0       ; 0         ; 0    ; 0            ; |top_de1|sld_signaltap:auto_signaltap_0|sld_signaltap_impl:sld_signaltap_body|sld_signaltap_implb:sld_signaltap_body|sld_rom_sr:crc_rom_sr                                                                                                                                                                                                   ; work         ;
;    |spi:inst|                                                                                           ; 19 (0)            ; 16 (1)       ; 0           ; 0            ; 0       ; 0         ; 0    ; 0            ; |top_de1|spi:inst                                                                                                                                                                                                                                                                                                                            ; work         ;
;       |control:ctrl1|                                                                                   ; 6 (6)             ; 3 (3)        ; 0           ; 0            ; 0       ; 0         ; 0    ; 0            ; |top_de1|spi:inst|control:ctrl1                                                                                                                                                                                                                                                                                                              ; work         ;
;       |counter:cnt1|                                                                                    ; 4 (4)             ; 4 (4)        ; 0           ; 0            ; 0       ; 0         ; 0    ; 0            ; |top_de1|spi:inst|counter:cnt1                                                                                                                                                                                                                                                                                                               ; work         ;
;       |shift_reg:shft1|                                                                                 ; 9 (9)             ; 8 (8)        ; 0           ; 0            ; 0       ; 0         ; 0    ; 0            ; |top_de1|spi:inst|shift_reg:shft1                                                                                                                                                                                                                                                                                                            ; work         ;
+---------------------------------------------------------------------------------------------------------+-------------------+--------------+-------------+--------------+---------+-----------+------+--------------+----------------------------------------------------------------------------------------------------------------------------------------------------------------------------------------------------------------------------------------------------------------------------------------------------------------------------------------------+--------------+
Note: For table entries with two numbers listed, the numbers in parentheses indicate the number of resources of the given type used by the specific entity alone. The numbers listed outside of parentheses indicate the total resources of the given type used by the specific entity and all of its sub-entities in the hierarchy.


+-----------------------------------------------------------------------------------------------------------------------------------------------------------------------------------------------------------------------------------------------------------------------------------------------------------+
; Analysis & Synthesis RAM Summary                                                                                                                                                                                                                                                                          ;
+-------------------------------------------------------------------------------------------------------------------------------------------------------------------------------------------------------+------+------------------+--------------+--------------+--------------+--------------+------+------+
; Name                                                                                                                                                                                                  ; Type ; Mode             ; Port A Depth ; Port A Width ; Port B Depth ; Port B Width ; Size ; MIF  ;
+-------------------------------------------------------------------------------------------------------------------------------------------------------------------------------------------------------+------+------------------+--------------+--------------+--------------+--------------+------+------+
; sld_signaltap:auto_signaltap_0|sld_signaltap_impl:sld_signaltap_body|sld_signaltap_implb:sld_signaltap_body|altsyncram:\stp_non_zero_ram_gen:stp_buffer_ram|altsyncram_tp14:auto_generated|ALTSYNCRAM ; AUTO ; Simple Dual Port ; 128          ; 3            ; 128          ; 3            ; 384  ; None ;
+-------------------------------------------------------------------------------------------------------------------------------------------------------------------------------------------------------+------+------------------+--------------+--------------+--------------+--------------+------+------+


Encoding Type:  One-Hot
+---------------------------------------------------------------------+
; State Machine - |top_de1|spi:inst|control:ctrl1|state               ;
+-------------------+----------------+------------+-------------------+
; Name              ; state.shifting ; state.idle ; state.reset_state ;
+-------------------+----------------+------------+-------------------+
; state.reset_state ; 0              ; 0          ; 0                 ;
; state.idle        ; 0              ; 1          ; 1                 ;
; state.shifting    ; 1              ; 0          ; 1                 ;
+-------------------+----------------+------------+-------------------+


+---------------------------------------------------------------------------------------------------------------------------------------------------------------------------------------------------------------------------------------------------------------------------------------------------------------------------------------------------------------------------------------------+
; Registers Removed During Synthesis                                                                                                                                                                                                                                                                                                                                                          ;
+----------------------------------------------------------------------------------------------------------------------------------------------------------------------------------------+----------------------------------------------------------------------------------------------------------------------------------------------------------------------------------------------------+
; Register name                                                                                                                                                                          ; Reason for Removal                                                                                                                                                                                 ;
+----------------------------------------------------------------------------------------------------------------------------------------------------------------------------------------+----------------------------------------------------------------------------------------------------------------------------------------------------------------------------------------------------+
; sld_signaltap:auto_signaltap_0|sld_signaltap_impl:sld_signaltap_body|sld_signaltap_implb:sld_signaltap_body|buffer_write_enable_delayed                                                ; Merged with sld_signaltap:auto_signaltap_0|sld_signaltap_impl:sld_signaltap_body|sld_signaltap_implb:sld_signaltap_body|segment_shift_clk_ena                                                      ;
; sld_signaltap:auto_signaltap_0|sld_signaltap_impl:sld_signaltap_body|sld_signaltap_implb:sld_signaltap_body|sld_buffer_manager:sld_buffer_manager_inst|\buffer_manager:offset_count[0] ; Merged with sld_signaltap:auto_signaltap_0|sld_signaltap_impl:sld_signaltap_body|sld_signaltap_implb:sld_signaltap_body|sld_buffer_manager:sld_buffer_manager_inst|\buffer_manager:next_address[0] ;
; sld_signaltap:auto_signaltap_0|sld_signaltap_impl:sld_signaltap_body|sld_signaltap_implb:sld_signaltap_body|sld_buffer_manager:sld_buffer_manager_inst|\buffer_manager:offset_count[1] ; Merged with sld_signaltap:auto_signaltap_0|sld_signaltap_impl:sld_signaltap_body|sld_signaltap_implb:sld_signaltap_body|sld_buffer_manager:sld_buffer_manager_inst|\buffer_manager:next_address[1] ;
; sld_signaltap:auto_signaltap_0|sld_signaltap_impl:sld_signaltap_body|sld_signaltap_implb:sld_signaltap_body|sld_buffer_manager:sld_buffer_manager_inst|\buffer_manager:offset_count[2] ; Merged with sld_signaltap:auto_signaltap_0|sld_signaltap_impl:sld_signaltap_body|sld_signaltap_implb:sld_signaltap_body|sld_buffer_manager:sld_buffer_manager_inst|\buffer_manager:next_address[2] ;
; sld_signaltap:auto_signaltap_0|sld_signaltap_impl:sld_signaltap_body|sld_signaltap_implb:sld_signaltap_body|sld_buffer_manager:sld_buffer_manager_inst|\buffer_manager:offset_count[3] ; Merged with sld_signaltap:auto_signaltap_0|sld_signaltap_impl:sld_signaltap_body|sld_signaltap_implb:sld_signaltap_body|sld_buffer_manager:sld_buffer_manager_inst|\buffer_manager:next_address[3] ;
; sld_signaltap:auto_signaltap_0|sld_signaltap_impl:sld_signaltap_body|sld_signaltap_implb:sld_signaltap_body|sld_buffer_manager:sld_buffer_manager_inst|\buffer_manager:offset_count[4] ; Merged with sld_signaltap:auto_signaltap_0|sld_signaltap_impl:sld_signaltap_body|sld_signaltap_implb:sld_signaltap_body|sld_buffer_manager:sld_buffer_manager_inst|\buffer_manager:next_address[4] ;
; sld_signaltap:auto_signaltap_0|sld_signaltap_impl:sld_signaltap_body|sld_signaltap_implb:sld_signaltap_body|sld_buffer_manager:sld_buffer_manager_inst|\buffer_manager:offset_count[5] ; Merged with sld_signaltap:auto_signaltap_0|sld_signaltap_impl:sld_signaltap_body|sld_signaltap_implb:sld_signaltap_body|sld_buffer_manager:sld_buffer_manager_inst|\buffer_manager:next_address[5] ;
; sld_signaltap:auto_signaltap_0|sld_signaltap_impl:sld_signaltap_body|sld_signaltap_implb:sld_signaltap_body|sld_buffer_manager:sld_buffer_manager_inst|\buffer_manager:offset_count[6] ; Merged with sld_signaltap:auto_signaltap_0|sld_signaltap_impl:sld_signaltap_body|sld_signaltap_implb:sld_signaltap_body|sld_buffer_manager:sld_buffer_manager_inst|\buffer_manager:next_address[6] ;
; sld_signaltap:auto_signaltap_0|sld_signaltap_impl:sld_signaltap_body|sld_signaltap_implb:sld_signaltap_body|current_offset_delayed[6]                                                  ; Merged with sld_signaltap:auto_signaltap_0|sld_signaltap_impl:sld_signaltap_body|sld_signaltap_implb:sld_signaltap_body|buffer_write_address_delayed[6]                                            ;
; sld_signaltap:auto_signaltap_0|sld_signaltap_impl:sld_signaltap_body|sld_signaltap_implb:sld_signaltap_body|current_offset_delayed[5]                                                  ; Merged with sld_signaltap:auto_signaltap_0|sld_signaltap_impl:sld_signaltap_body|sld_signaltap_implb:sld_signaltap_body|buffer_write_address_delayed[5]                                            ;
; sld_signaltap:auto_signaltap_0|sld_signaltap_impl:sld_signaltap_body|sld_signaltap_implb:sld_signaltap_body|current_offset_delayed[4]                                                  ; Merged with sld_signaltap:auto_signaltap_0|sld_signaltap_impl:sld_signaltap_body|sld_signaltap_implb:sld_signaltap_body|buffer_write_address_delayed[4]                                            ;
; sld_signaltap:auto_signaltap_0|sld_signaltap_impl:sld_signaltap_body|sld_signaltap_implb:sld_signaltap_body|current_offset_delayed[3]                                                  ; Merged with sld_signaltap:auto_signaltap_0|sld_signaltap_impl:sld_signaltap_body|sld_signaltap_implb:sld_signaltap_body|buffer_write_address_delayed[3]                                            ;
; sld_signaltap:auto_signaltap_0|sld_signaltap_impl:sld_signaltap_body|sld_signaltap_implb:sld_signaltap_body|current_offset_delayed[2]                                                  ; Merged with sld_signaltap:auto_signaltap_0|sld_signaltap_impl:sld_signaltap_body|sld_signaltap_implb:sld_signaltap_body|buffer_write_address_delayed[2]                                            ;
; sld_signaltap:auto_signaltap_0|sld_signaltap_impl:sld_signaltap_body|sld_signaltap_implb:sld_signaltap_body|current_offset_delayed[1]                                                  ; Merged with sld_signaltap:auto_signaltap_0|sld_signaltap_impl:sld_signaltap_body|sld_signaltap_implb:sld_signaltap_body|buffer_write_address_delayed[1]                                            ;
; sld_signaltap:auto_signaltap_0|sld_signaltap_impl:sld_signaltap_body|sld_signaltap_implb:sld_signaltap_body|current_offset_delayed[0]                                                  ; Merged with sld_signaltap:auto_signaltap_0|sld_signaltap_impl:sld_signaltap_body|sld_signaltap_implb:sld_signaltap_body|buffer_write_address_delayed[0]                                            ;
; Total Number of Removed Registers = 15                                                                                                                                                 ;                                                                                                                                                                                                    ;
+----------------------------------------------------------------------------------------------------------------------------------------------------------------------------------------+----------------------------------------------------------------------------------------------------------------------------------------------------------------------------------------------------+


+------------------------------------------------------+
; General Register Statistics                          ;
+----------------------------------------------+-------+
; Statistic                                    ; Value ;
+----------------------------------------------+-------+
; Total registers                              ; 352   ;
; Number of registers using Synchronous Clear  ; 12    ;
; Number of registers using Synchronous Load   ; 24    ;
; Number of registers using Asynchronous Clear ; 160   ;
; Number of registers using Asynchronous Load  ; 0     ;
; Number of registers using Clock Enable       ; 219   ;
; Number of registers using Preset             ; 0     ;
+----------------------------------------------+-------+


+-----------------------------------------------------------------------------------------------------------------------------------------------------------------------------------------+
; Inverted Register Statistics                                                                                                                                                            ;
+-------------------------------------------------------------------------------------------------------------------------------------------------------------------------------+---------+
; Inverted Register                                                                                                                                                             ; Fan out ;
+-------------------------------------------------------------------------------------------------------------------------------------------------------------------------------+---------+
; sld_hub:auto_hub|sld_jtag_hub:\jtag_hub_gen:sld_jtag_hub_inst|tdo                                                                                                             ; 1       ;
; sld_hub:auto_hub|sld_jtag_hub:\jtag_hub_gen:sld_jtag_hub_inst|jtag_ir_reg[2]                                                                                                  ; 2       ;
; sld_hub:auto_hub|sld_jtag_hub:\jtag_hub_gen:sld_jtag_hub_inst|jtag_ir_reg[1]                                                                                                  ; 3       ;
; sld_signaltap:auto_signaltap_0|sld_signaltap_impl:sld_signaltap_body|sld_signaltap_implb:sld_signaltap_body|sld_buffer_manager:sld_buffer_manager_inst|modified_post_count[1] ; 1       ;
; sld_signaltap:auto_signaltap_0|sld_signaltap_impl:sld_signaltap_body|sld_signaltap_implb:sld_signaltap_body|sld_buffer_manager:sld_buffer_manager_inst|modified_post_count[2] ; 1       ;
; sld_signaltap:auto_signaltap_0|sld_signaltap_impl:sld_signaltap_body|sld_signaltap_implb:sld_signaltap_body|sld_buffer_manager:sld_buffer_manager_inst|modified_post_count[3] ; 1       ;
; sld_signaltap:auto_signaltap_0|sld_signaltap_impl:sld_signaltap_body|sld_signaltap_implb:sld_signaltap_body|sld_buffer_manager:sld_buffer_manager_inst|modified_post_count[4] ; 1       ;
; sld_signaltap:auto_signaltap_0|sld_signaltap_impl:sld_signaltap_body|sld_signaltap_implb:sld_signaltap_body|sld_buffer_manager:sld_buffer_manager_inst|modified_post_count[5] ; 1       ;
; sld_signaltap:auto_signaltap_0|sld_signaltap_impl:sld_signaltap_body|sld_signaltap_implb:sld_signaltap_body|sld_buffer_manager:sld_buffer_manager_inst|modified_post_count[6] ; 1       ;
; sld_signaltap:auto_signaltap_0|sld_signaltap_impl:sld_signaltap_body|sld_signaltap_implb:sld_signaltap_body|sld_buffer_manager:sld_buffer_manager_inst|modified_post_count[7] ; 1       ;
; sld_signaltap:auto_signaltap_0|sld_signaltap_impl:sld_signaltap_body|sld_signaltap_implb:sld_signaltap_body|trigger_out_mode_ff                                               ; 3       ;
; sld_signaltap:auto_signaltap_0|sld_signaltap_impl:sld_signaltap_body|sld_signaltap_implb:sld_signaltap_body|sld_buffer_manager:sld_buffer_manager_inst|modified_post_count[0] ; 1       ;
; Total number of inverted registers = 12                                                                                                                                       ;         ;
+-------------------------------------------------------------------------------------------------------------------------------------------------------------------------------+---------+


+--------------------------------------------------------------------------------------------------------------------------------------------------------------------------------------------------------------------------------------------------------------------------------------------+
; Multiplexer Restructuring Statistics (Restructuring Performed)                                                                                                                                                                                                                             ;
+--------------------+-----------+---------------+----------------------+------------------------+------------+------------------------------------------------------------------------------------------------------------------------------------------------------------------------------+
; Multiplexer Inputs ; Bus Width ; Baseline Area ; Area if Restructured ; Saving if Restructured ; Registered ; Example Multiplexer Output                                                                                                                                                   ;
+--------------------+-----------+---------------+----------------------+------------------------+------------+------------------------------------------------------------------------------------------------------------------------------------------------------------------------------+
; 3:1                ; 8 bits    ; 16 LEs        ; 8 LEs                ; 8 LEs                  ; Yes        ; |top_de1|spi:inst|shift_reg:shft1|reg_shift[7]                                                                                                                               ;
; 3:1                ; 2 bits    ; 4 LEs         ; 2 LEs                ; 2 LEs                  ; No         ; |top_de1|spi:inst|control:ctrl1|c_reset                                                                                                                                      ;
; 4:1                ; 8 bits    ; 16 LEs        ; 16 LEs               ; 0 LEs                  ; Yes        ; |top_de1|sld_signaltap:auto_signaltap_0|sld_signaltap_impl:sld_signaltap_body|sld_signaltap_implb:sld_signaltap_body|sld_buffer_manager:sld_buffer_manager_inst|counter[5]   ;
; 5:1                ; 4 bits    ; 12 LEs        ; 4 LEs                ; 8 LEs                  ; Yes        ; |top_de1|sld_signaltap:auto_signaltap_0|sld_signaltap_impl:sld_signaltap_body|sld_signaltap_implb:sld_signaltap_body|sld_rom_sr:crc_rom_sr|word_counter[2]                   ;
; 12:1               ; 4 bits    ; 32 LEs        ; 28 LEs               ; 4 LEs                  ; Yes        ; |top_de1|sld_signaltap:auto_signaltap_0|sld_signaltap_impl:sld_signaltap_body|sld_signaltap_implb:sld_signaltap_body|sld_rom_sr:crc_rom_sr|WORD_SR[0]                        ;
; 3:1                ; 7 bits    ; 14 LEs        ; 7 LEs                ; 7 LEs                  ; No         ; |top_de1|sld_signaltap:auto_signaltap_0|sld_signaltap_impl:sld_signaltap_body|sld_signaltap_implb:sld_signaltap_body|sld_buffer_manager:sld_buffer_manager_inst|offset_count ;
; 3:1                ; 4 bits    ; 8 LEs         ; 4 LEs                ; 4 LEs                  ; Yes        ; |top_de1|sld_hub:auto_hub|sld_jtag_hub:\jtag_hub_gen:sld_jtag_hub_inst|hub_minor_ver_reg[0]                                                                                  ;
; 4:1                ; 5 bits    ; 10 LEs        ; 5 LEs                ; 5 LEs                  ; Yes        ; |top_de1|sld_hub:auto_hub|sld_jtag_hub:\jtag_hub_gen:sld_jtag_hub_inst|mixer_addr_reg[4]                                                                                     ;
; 5:1                ; 5 bits    ; 15 LEs        ; 5 LEs                ; 10 LEs                 ; Yes        ; |top_de1|sld_hub:auto_hub|sld_jtag_hub:\jtag_hub_gen:sld_jtag_hub_inst|sld_rom_sr:hub_info_reg|word_counter[0]                                                               ;
; 6:1                ; 7 bits    ; 28 LEs        ; 7 LEs                ; 21 LEs                 ; Yes        ; |top_de1|sld_hub:auto_hub|sld_jtag_hub:\jtag_hub_gen:sld_jtag_hub_inst|irsr_reg[2]                                                                                           ;
; 34:1               ; 4 bits    ; 88 LEs        ; 56 LEs               ; 32 LEs                 ; Yes        ; |top_de1|sld_hub:auto_hub|sld_jtag_hub:\jtag_hub_gen:sld_jtag_hub_inst|design_hash_reg[3]                                                                                    ;
; 20:1               ; 4 bits    ; 52 LEs        ; 36 LEs               ; 16 LEs                 ; Yes        ; |top_de1|sld_hub:auto_hub|sld_jtag_hub:\jtag_hub_gen:sld_jtag_hub_inst|sld_rom_sr:hub_info_reg|WORD_SR[0]                                                                    ;
+--------------------+-----------+---------------+----------------------+------------------------+------------+------------------------------------------------------------------------------------------------------------------------------------------------------------------------------+


+---------------------------------------------------------------------------------------------------+
; Parameter Settings for Inferred Entity Instance: sld_signaltap:auto_signaltap_0                   ;
+-------------------------------------------------+--------------------------------+----------------+
; Parameter Name                                  ; Value                          ; Type           ;
+-------------------------------------------------+--------------------------------+----------------+
; lpm_type                                        ; sld_signaltap                  ; String         ;
; sld_node_info                                   ; 805334528                      ; Untyped        ;
; SLD_IP_VERSION                                  ; 6                              ; Signed Integer ;
; SLD_IP_MINOR_VERSION                            ; 0                              ; Signed Integer ;
; SLD_COMMON_IP_VERSION                           ; 0                              ; Signed Integer ;
; sld_data_bits                                   ; 3                              ; Untyped        ;
; sld_trigger_bits                                ; 3                              ; Untyped        ;
; SLD_NODE_CRC_BITS                               ; 32                             ; Signed Integer ;
; sld_node_crc_hiword                             ; 30383                          ; Untyped        ;
; sld_node_crc_loword                             ; 54297                          ; Untyped        ;
; SLD_INCREMENTAL_ROUTING                         ; 0                              ; Signed Integer ;
; sld_sample_depth                                ; 128                            ; Untyped        ;
; sld_segment_size                                ; 128                            ; Untyped        ;
; SLD_RAM_BLOCK_TYPE                              ; AUTO                           ; String         ;
; sld_state_bits                                  ; 11                             ; Untyped        ;
; sld_buffer_full_stop                            ; 1                              ; Untyped        ;
; SLD_MEM_ADDRESS_BITS                            ; 7                              ; Signed Integer ;
; SLD_DATA_BIT_CNTR_BITS                          ; 4                              ; Signed Integer ;
; sld_trigger_level                               ; 1                              ; Untyped        ;
; sld_trigger_in_enabled                          ; 0                              ; Untyped        ;
; SLD_HPS_TRIGGER_IN_ENABLED                      ; 0                              ; Signed Integer ;
; SLD_HPS_TRIGGER_OUT_ENABLED                     ; 0                              ; Signed Integer ;
; SLD_HPS_EVENT_ENABLED                           ; 0                              ; Signed Integer ;
; SLD_HPS_EVENT_ID                                ; 0                              ; Signed Integer ;
; sld_advanced_trigger_entity                     ; basic,1,                       ; Untyped        ;
; sld_trigger_level_pipeline                      ; 1                              ; Untyped        ;
; sld_enable_advanced_trigger                     ; 0                              ; Untyped        ;
; SLD_ADVANCED_TRIGGER_1                          ; NONE                           ; String         ;
; SLD_ADVANCED_TRIGGER_2                          ; NONE                           ; String         ;
; SLD_ADVANCED_TRIGGER_3                          ; NONE                           ; String         ;
; SLD_ADVANCED_TRIGGER_4                          ; NONE                           ; String         ;
; SLD_ADVANCED_TRIGGER_5                          ; NONE                           ; String         ;
; SLD_ADVANCED_TRIGGER_6                          ; NONE                           ; String         ;
; SLD_ADVANCED_TRIGGER_7                          ; NONE                           ; String         ;
; SLD_ADVANCED_TRIGGER_8                          ; NONE                           ; String         ;
; SLD_ADVANCED_TRIGGER_9                          ; NONE                           ; String         ;
; SLD_ADVANCED_TRIGGER_10                         ; NONE                           ; String         ;
; sld_inversion_mask_length                       ; 30                             ; Untyped        ;
; sld_inversion_mask                              ; 000000000000000000000000000000 ; Untyped        ;
; sld_power_up_trigger                            ; 0                              ; Untyped        ;
; SLD_STATE_FLOW_MGR_ENTITY                       ; state_flow_mgr_entity.vhd      ; String         ;
; sld_state_flow_use_generated                    ; 0                              ; Untyped        ;
; sld_current_resource_width                      ; 1                              ; Untyped        ;
; sld_attribute_mem_mode                          ; OFF                            ; Untyped        ;
; SLD_STORAGE_QUALIFIER_BITS                      ; 1                              ; Signed Integer ;
; SLD_STORAGE_QUALIFIER_GAP_RECORD                ; 0                              ; Signed Integer ;
; SLD_STORAGE_QUALIFIER_MODE                      ; OFF                            ; String         ;
; SLD_STORAGE_QUALIFIER_ENABLE_ADVANCED_CONDITION ; 0                              ; Signed Integer ;
; sld_storage_qualifier_inversion_mask_length     ; 0                              ; Untyped        ;
; SLD_STORAGE_QUALIFIER_ADVANCED_CONDITION_ENTITY ; basic                          ; String         ;
; SLD_STORAGE_QUALIFIER_PIPELINE                  ; 0                              ; Signed Integer ;
+-------------------------------------------------+--------------------------------+----------------+
Note: In order to hide this table in the UI and the text report file, please set the "Show Parameter Settings in Synthesis Report" option in "Analysis and Synthesis Settings -> More Settings" to "Off".


+-------------------------------------------------------------------------------------------------------------------------------------------------------------------------------------------------------------------------------------------------------------------------+
; SignalTap II Logic Analyzer Settings                                                                                                                                                                                                                                    ;
+----------------+------------------+---------------------+------------------+--------------+----------+------------------------+----------------------+--------------------+-----------------------------+-----------------+------------------+--------------------------+
; Instance Index ; Instance Name    ; Trigger Input Width ; Data Input Width ; Sample Depth ; Segments ; Storage Qualifier Type ; Trigger Flow Control ; Trigger Conditions ; Advanced Trigger Conditions ; Trigger In Used ; Trigger Out Used ; Power-Up Trigger Enabled ;
+----------------+------------------+---------------------+------------------+--------------+----------+------------------------+----------------------+--------------------+-----------------------------+-----------------+------------------+--------------------------+
; 0              ; auto_signaltap_0 ; 3                   ; 3                ; 128          ; 1        ; continuous             ; sequential           ; 1                  ; 0                           ; no              ; no               ; no                       ;
+----------------+------------------+---------------------+------------------+--------------+----------+------------------------+----------------------+--------------------+-----------------------------+-----------------+------------------+--------------------------+


+-----------------------------------------------+
; Elapsed Time Per Partition                    ;
+--------------------------------+--------------+
; Partition Name                 ; Elapsed Time ;
+--------------------------------+--------------+
; sld_signaltap:auto_signaltap_0 ; 00:00:02     ;
; sld_hub:auto_hub               ; 00:00:02     ;
; Top                            ; 00:00:01     ;
+--------------------------------+--------------+


+----------------------------------------------------------------------------------------------------------------------------------+
; Connections to In-System Debugging Instance "auto_signaltap_0"                                                                   ;
+---------------+---------------+-----------+----------------+-------------------+---------------------------------------+---------+
; Name          ; Type          ; Status    ; Partition Name ; Netlist Type Used ; Actual Connection                     ; Details ;
+---------------+---------------+-----------+----------------+-------------------+---------------------------------------+---------+
; CLOCK_50      ; pre-synthesis ; connected ; Top            ; post-synthesis    ; CLOCK_50                              ; N/A     ;
; spi:inst|miso ; pre-synthesis ; connected ; Top            ; post-synthesis    ; VCC                                   ; N/A     ;
; spi:inst|miso ; pre-synthesis ; connected ; Top            ; post-synthesis    ; VCC                                   ; N/A     ;
; spi:inst|mosi ; pre-synthesis ; connected ; Top            ; post-synthesis    ; spi:inst|shift_reg:shft1|reg_shift[7] ; N/A     ;
; spi:inst|mosi ; pre-synthesis ; connected ; Top            ; post-synthesis    ; spi:inst|shift_reg:shft1|reg_shift[7] ; N/A     ;
; spi:inst|sclk ; pre-synthesis ; connected ; Top            ; post-synthesis    ; spi:inst|control:ctrl1|sclk           ; N/A     ;
; spi:inst|sclk ; pre-synthesis ; connected ; Top            ; post-synthesis    ; spi:inst|control:ctrl1|sclk           ; N/A     ;
+---------------+---------------+-----------+----------------+-------------------+---------------------------------------+---------+


+-------------------------------+
; Analysis & Synthesis Messages ;
+-------------------------------+
Info: *******************************************************************
Info: Running Quartus II 64-Bit Analysis & Synthesis
    Info: Version 13.0.1 Build 232 06/12/2013 Service Pack 1 SJ Web Edition
    Info: Processing started: Mon Jan 12 16:29:36 2015
Info: Command: quartus_map --read_settings_files=on --write_settings_files=off de1 -c top_de1
Info (11104): Parallel Compilation has detected 8 hyper-threaded processors. However, the extra hyper-threaded processors will not be used by default. Parallel Compilation will use 4 of the 4 physical processors detected instead.
Info (12021): Found 2 design units, including 1 entities, in source file /users/job/epo3a5/chip/subsystems/spi/2_pulse.vhd
    Info (12022): Found design unit 1: pulse_2-behavioral
    Info (12023): Found entity 1: pulse_2
Info (12021): Found 2 design units, including 1 entities, in source file /users/job/epo3a5/chip/subsystems/spi/spi.vhd
    Info (12022): Found design unit 1: spi-structural
    Info (12023): Found entity 1: spi
Info (12021): Found 2 design units, including 1 entities, in source file /users/job/epo3a5/chip/subsystems/spi/shift_reg.vhd
    Info (12022): Found design unit 1: shift_reg-behavioral
    Info (12023): Found entity 1: shift_reg
Info (12021): Found 2 design units, including 1 entities, in source file /users/job/epo3a5/chip/subsystems/spi/counter.vhd
    Info (12022): Found design unit 1: counter-behavioural
    Info (12023): Found entity 1: counter
Info (12021): Found 2 design units, including 1 entities, in source file /users/job/epo3a5/chip/subsystems/spi/control.vhd
    Info (12022): Found design unit 1: control-behavioural
    Info (12023): Found entity 1: control
Info (12021): Found 1 design units, including 1 entities, in source file top_de1.bdf
    Info (12023): Found entity 1: top_de1
Info (12021): Found 2 design units, including 1 entities, in source file pre_vga_dac_4.vhd
    Info (12022): Found design unit 1: pre_vga_dac_4-signal_flow
    Info (12023): Found entity 1: pre_vga_dac_4
Info (12021): Found 2 design units, including 1 entities, in source file gen6mhz.vhd
    Info (12022): Found design unit 1: gen6mhz-behaviour
    Info (12023): Found entity 1: gen6mhz
Info (12127): Elaborating entity "top_de1" for the top level hierarchy
Warning (275089): Not all bits in bus "LEDG[9..0]" are used
Info (12128): Elaborating entity "spi" for hierarchy "spi:inst"
Info (12128): Elaborating entity "counter" for hierarchy "spi:inst|counter:cnt1"
Info (12128): Elaborating entity "shift_reg" for hierarchy "spi:inst|shift_reg:shft1"
Info (12128): Elaborating entity "control" for hierarchy "spi:inst|control:ctrl1"
Info (12128): Elaborating entity "gen6mhz" for hierarchy "gen6mhz:inst1"
Info (12128): Elaborating entity "pulse_2" for hierarchy "pulse_2:inst11"
Info (12021): Found 1 design units, including 1 entities, in source file db/altsyncram_tp14.tdf
    Info (12023): Found entity 1: altsyncram_tp14
Info (12021): Found 1 design units, including 1 entities, in source file db/mux_jrc.tdf
    Info (12023): Found entity 1: mux_jrc
Info (12021): Found 1 design units, including 1 entities, in source file db/decode_4uf.tdf
    Info (12023): Found entity 1: decode_4uf
Info (12021): Found 1 design units, including 1 entities, in source file db/cntr_gdi.tdf
    Info (12023): Found entity 1: cntr_gdi
Info (12021): Found 1 design units, including 1 entities, in source file db/cmpr_ffc.tdf
    Info (12023): Found entity 1: cmpr_ffc
Info (12021): Found 1 design units, including 1 entities, in source file db/cntr_95j.tdf
    Info (12023): Found entity 1: cntr_95j
Info (12021): Found 1 design units, including 1 entities, in source file db/cntr_5fi.tdf
    Info (12023): Found entity 1: cntr_5fi
Info (12021): Found 1 design units, including 1 entities, in source file db/cmpr_hfc.tdf
    Info (12023): Found entity 1: cmpr_hfc
Info (12021): Found 1 design units, including 1 entities, in source file db/cntr_p1j.tdf
    Info (12023): Found entity 1: cntr_p1j
Info (12021): Found 1 design units, including 1 entities, in source file db/cmpr_efc.tdf
    Info (12023): Found entity 1: cmpr_efc
Info (12033): Analysis and Synthesis generated SignalTap II or debug node instance "auto_signaltap_0"
Info (286031): Timing-Driven Synthesis is running on partition "Top"
Info (13000): Registers with preset signals will power-up high
Info (13003): DEV_CLRn pin will set, and not reset, register with preset signal due to NOT Gate Push-Back
Warning (18057): The assignment to disallow NOT gate push-back on register "sld_signaltap:auto_signaltap_0|sld_signaltap_impl:sld_signaltap_body|sld_signaltap_implb:sld_signaltap_body|trigger_out_mode_ff" is ignored
Info (286031): Timing-Driven Synthesis is running on partition "sld_signaltap:auto_signaltap_0"
Info (13000): Registers with preset signals will power-up high
Info (13003): DEV_CLRn pin will set, and not reset, register with preset signal due to NOT Gate Push-Back
Warning (13024): Output pins are stuck at VCC or GND
    Warning (13410): Pin "sld_hub:auto_hub|receive[0][0]" is stuck at GND
Info (286031): Timing-Driven Synthesis is running on partition "sld_hub:auto_hub"
Info (35024): Succesfully connected in-system debug instance "auto_signaltap_0" to all 7 required data inputs, trigger inputs, acquisition clocks, and dynamic pins
Info (16010): Generating hard_block partition "hard_block:auto_generated_inst"
    Info (16011): Adding 0 node(s), including 0 DDIO, 0 PLL, 0 transceiver and 0 LCELL
Info (21057): Implemented 528 device resources after synthesis - the final resource count might be different
    Info (21058): Implemented 7 input pins
    Info (21059): Implemented 10 output pins
    Info (21061): Implemented 507 logic cells
    Info (21064): Implemented 3 RAM segments
Info: Quartus II 64-Bit Analysis & Synthesis was successful. 0 errors, 4 warnings
    Info: Peak virtual memory: 530 megabytes
    Info: Processing ended: Mon Jan 12 16:29:54 2015
    Info: Elapsed time: 00:00:18
    Info: Total CPU time (on all processors): 00:00:18


