Analysis & Synthesis report for top_de1
Thu Dec 18 10:55:08 2014
Quartus II Version 10.0 Build 262 08/18/2010 Service Pack 1 SJ Full Version


---------------------
; Table of Contents ;
---------------------
  1. Legal Notice
  2. Analysis & Synthesis Summary
  3. Analysis & Synthesis Settings
  4. Parallel Compilation
  5. Analysis & Synthesis Source Files Read
  6. Analysis & Synthesis Resource Usage Summary
  7. Analysis & Synthesis Resource Utilization by Entity
  8. State Machine - |top_de1|sdcard:inst10|state
  9. State Machine - |top_de1|sdcard:inst10|spi:spi5|control:ctrl1|state
 10. User-Specified and Inferred Latches
 11. Registers Removed During Synthesis
 12. General Register Statistics
 13. Inverted Register Statistics
 14. Multiplexer Restructuring Statistics (Restructuring Performed)
 15. Port Connectivity Checks: "sdcard:inst10|spi:spi5"
 16. Analysis & Synthesis Messages



----------------
; Legal Notice ;
----------------
Copyright (C) 1991-2010 Altera Corporation
Your use of Altera Corporation's design tools, logic functions 
and other software and tools, and its AMPP partner logic 
functions, and any output files from any of the foregoing 
(including device programming or simulation files), and any 
associated documentation or information are expressly subject 
to the terms and conditions of the Altera Program License 
Subscription Agreement, Altera MegaCore Function License 
Agreement, or other applicable license agreement, including, 
without limitation, that your use is for the sole purpose of 
programming logic devices manufactured by Altera and sold by 
Altera or its authorized distributors.  Please refer to the 
applicable agreement for further details.



+-------------------------------------------------------------------------------------+
; Analysis & Synthesis Summary                                                        ;
+------------------------------------+------------------------------------------------+
; Analysis & Synthesis Status        ; Successful - Thu Dec 18 10:55:08 2014          ;
; Quartus II Version                 ; 10.0 Build 262 08/18/2010 SP 1 SJ Full Version ;
; Revision Name                      ; top_de1                                        ;
; Top-level Entity Name              ; top_de1                                        ;
; Family                             ; Cyclone II                                     ;
; Total logic elements               ; 180                                            ;
;     Total combinational functions  ; 168                                            ;
;     Dedicated logic registers      ; 74                                             ;
; Total registers                    ; 74                                             ;
; Total pins                         ; 30                                             ;
; Total virtual pins                 ; 0                                              ;
; Total memory bits                  ; 0                                              ;
; Embedded Multiplier 9-bit elements ; 0                                              ;
; Total PLLs                         ; 0                                              ;
+------------------------------------+------------------------------------------------+


+----------------------------------------------------------------------------------------------------------------------+
; Analysis & Synthesis Settings                                                                                        ;
+----------------------------------------------------------------------------+--------------------+--------------------+
; Option                                                                     ; Setting            ; Default Value      ;
+----------------------------------------------------------------------------+--------------------+--------------------+
; Device                                                                     ; EP2C20F484C7       ;                    ;
; Top-level entity name                                                      ; top_de1            ; top_de1            ;
; Family name                                                                ; Cyclone II         ; Stratix II         ;
; Use smart compilation                                                      ; Off                ; Off                ;
; Enable parallel Assembler and TimeQuest Timing Analyzer during compilation ; On                 ; On                 ;
; Enable compact report table                                                ; Off                ; Off                ;
; Restructure Multiplexers                                                   ; Auto               ; Auto               ;
; Create Debugging Nodes for IP Cores                                        ; Off                ; Off                ;
; Preserve fewer node names                                                  ; On                 ; On                 ;
; Disable OpenCore Plus hardware evaluation                                  ; Off                ; Off                ;
; Verilog Version                                                            ; Verilog_2001       ; Verilog_2001       ;
; VHDL Version                                                               ; VHDL_1993          ; VHDL_1993          ;
; State Machine Processing                                                   ; Auto               ; Auto               ;
; Safe State Machine                                                         ; Off                ; Off                ;
; Extract Verilog State Machines                                             ; On                 ; On                 ;
; Extract VHDL State Machines                                                ; On                 ; On                 ;
; Ignore Verilog initial constructs                                          ; Off                ; Off                ;
; Iteration limit for constant Verilog loops                                 ; 5000               ; 5000               ;
; Iteration limit for non-constant Verilog loops                             ; 250                ; 250                ;
; Add Pass-Through Logic to Inferred RAMs                                    ; On                 ; On                 ;
; Parallel Synthesis                                                         ; On                 ; On                 ;
; DSP Block Balancing                                                        ; Auto               ; Auto               ;
; NOT Gate Push-Back                                                         ; On                 ; On                 ;
; Power-Up Don't Care                                                        ; On                 ; On                 ;
; Remove Redundant Logic Cells                                               ; Off                ; Off                ;
; Remove Duplicate Registers                                                 ; On                 ; On                 ;
; Ignore CARRY Buffers                                                       ; Off                ; Off                ;
; Ignore CASCADE Buffers                                                     ; Off                ; Off                ;
; Ignore GLOBAL Buffers                                                      ; Off                ; Off                ;
; Ignore ROW GLOBAL Buffers                                                  ; Off                ; Off                ;
; Ignore LCELL Buffers                                                       ; Off                ; Off                ;
; Ignore SOFT Buffers                                                        ; On                 ; On                 ;
; Limit AHDL Integers to 32 Bits                                             ; Off                ; Off                ;
; Optimization Technique                                                     ; Balanced           ; Balanced           ;
; Carry Chain Length                                                         ; 70                 ; 70                 ;
; Auto Carry Chains                                                          ; On                 ; On                 ;
; Auto Open-Drain Pins                                                       ; On                 ; On                 ;
; Perform WYSIWYG Primitive Resynthesis                                      ; Off                ; Off                ;
; Auto ROM Replacement                                                       ; On                 ; On                 ;
; Auto RAM Replacement                                                       ; On                 ; On                 ;
; Auto Shift Register Replacement                                            ; Auto               ; Auto               ;
; Auto Clock Enable Replacement                                              ; On                 ; On                 ;
; Strict RAM Replacement                                                     ; Off                ; Off                ;
; Allow Synchronous Control Signals                                          ; On                 ; On                 ;
; Force Use of Synchronous Clear Signals                                     ; Off                ; Off                ;
; Auto RAM to Logic Cell Conversion                                          ; Off                ; Off                ;
; Auto Resource Sharing                                                      ; Off                ; Off                ;
; Allow Any RAM Size For Recognition                                         ; Off                ; Off                ;
; Allow Any ROM Size For Recognition                                         ; Off                ; Off                ;
; Allow Any Shift Register Size For Recognition                              ; Off                ; Off                ;
; Use LogicLock Constraints during Resource Balancing                        ; On                 ; On                 ;
; Ignore translate_off and synthesis_off directives                          ; Off                ; Off                ;
; Timing-Driven Synthesis                                                    ; Off                ; Off                ;
; Report Parameter Settings                                                  ; On                 ; On                 ;
; Report Source Assignments                                                  ; On                 ; On                 ;
; Report Connectivity Checks                                                 ; On                 ; On                 ;
; Ignore Maximum Fan-Out Assignments                                         ; Off                ; Off                ;
; Synchronization Register Chain Length                                      ; 2                  ; 2                  ;
; PowerPlay Power Optimization                                               ; Normal compilation ; Normal compilation ;
; HDL message level                                                          ; Level2             ; Level2             ;
; Suppress Register Optimization Related Messages                            ; Off                ; Off                ;
; Number of Removed Registers Reported in Synthesis Report                   ; 5000               ; 5000               ;
; Number of Inverted Registers Reported in Synthesis Report                  ; 100                ; 100                ;
; Clock MUX Protection                                                       ; On                 ; On                 ;
; Auto Gated Clock Conversion                                                ; Off                ; Off                ;
; Block Design Naming                                                        ; Auto               ; Auto               ;
; SDC constraint protection                                                  ; Off                ; Off                ;
; Synthesis Effort                                                           ; Auto               ; Auto               ;
; Shift Register Replacement - Allow Asynchronous Clear Signal               ; On                 ; On                 ;
; Analysis & Synthesis Message Level                                         ; Medium             ; Medium             ;
; Disable Register Merging Across Hierarchies                                ; Auto               ; Auto               ;
; Resource Aware Inference For Block RAM                                     ; On                 ; On                 ;
; Synthesis Seed                                                             ; 1                  ; 1                  ;
+----------------------------------------------------------------------------+--------------------+--------------------+


+------------------------------------------+
; Parallel Compilation                     ;
+----------------------------+-------------+
; Processors                 ; Number      ;
+----------------------------+-------------+
; Number detected on machine ; 4           ;
; Maximum allowed            ; 4           ;
;                            ;             ;
; Average used               ; 1.00        ;
; Maximum used               ; 1           ;
;                            ;             ;
; Usage by Processor         ; % Time Used ;
;     1 processor            ; 100.0%      ;
;     2-4 processors         ;   0.0%      ;
+----------------------------+-------------+


+---------------------------------------------------------------------------------------------------------------------------------------------------------------------+
; Analysis & Synthesis Source Files Read                                                                                                                              ;
+----------------------------------+-----------------+------------------------------------+---------------------------------------------------------------------------+
; File Name with User-Entered Path ; Used in Netlist ; File Type                          ; File Name with Absolute Path                                              ;
+----------------------------------+-----------------+------------------------------------+---------------------------------------------------------------------------+
; ../../dff2.vhd                   ; yes             ; User VHDL File                     ; /home/jtijhuis/epo3a5/chip/subsystems/SDCARD/dff2.vhd                     ;
; ../../klokdeler.vhd              ; yes             ; User VHDL File                     ; /home/jtijhuis/epo3a5/chip/subsystems/SDCARD/klokdeler.vhd                ;
; ../../../SPI/spi.vhd             ; yes             ; User VHDL File                     ; /home/jtijhuis/epo3a5/chip/subsystems/SPI/spi.vhd                         ;
; ../../../SPI/shift_reg.vhd       ; yes             ; User VHDL File                     ; /home/jtijhuis/epo3a5/chip/subsystems/SPI/shift_reg.vhd                   ;
; ../../../SPI/counter.vhd         ; yes             ; User VHDL File                     ; /home/jtijhuis/epo3a5/chip/subsystems/SPI/counter.vhd                     ;
; ../../../SPI/control.vhd         ; yes             ; User VHDL File                     ; /home/jtijhuis/epo3a5/chip/subsystems/SPI/control.vhd                     ;
; ../../sdcard.vhd                 ; yes             ; User VHDL File                     ; /home/jtijhuis/epo3a5/chip/subsystems/SDCARD/sdcard.vhd                   ;
; top_de1.bdf                      ; yes             ; User Block Diagram/Schematic File  ; /home/jtijhuis/epo3a5/chip/subsystems/SDCARD/GWTF/quartus_DE1/top_de1.bdf ;
; gen6mhz.vhd                      ; yes             ; User VHDL File                     ; /home/jtijhuis/epo3a5/chip/subsystems/SDCARD/GWTF/quartus_DE1/gen6mhz.vhd ;
+----------------------------------+-----------------+------------------------------------+---------------------------------------------------------------------------+


+------------------------------------------------------------+
; Analysis & Synthesis Resource Usage Summary                ;
+---------------------------------------------+--------------+
; Resource                                    ; Usage        ;
+---------------------------------------------+--------------+
; Estimated Total logic elements              ; 180          ;
;                                             ;              ;
; Total combinational functions               ; 168          ;
; Logic element usage by number of LUT inputs ;              ;
;     -- 4 input functions                    ; 92           ;
;     -- 3 input functions                    ; 41           ;
;     -- <=2 input functions                  ; 35           ;
;                                             ;              ;
; Logic elements by mode                      ;              ;
;     -- normal mode                          ; 168          ;
;     -- arithmetic mode                      ; 0            ;
;                                             ;              ;
; Total registers                             ; 74           ;
;     -- Dedicated logic registers            ; 74           ;
;     -- I/O registers                        ; 0            ;
;                                             ;              ;
; I/O pins                                    ; 30           ;
; Maximum fan-out node                        ; reset_button ;
; Maximum fan-out                             ; 65           ;
; Total fan-out                               ; 843          ;
; Average fan-out                             ; 3.10         ;
+---------------------------------------------+--------------+


+----------------------------------------------------------------------------------------------------------------------------------------------------------------------------------------------------------------------+
; Analysis & Synthesis Resource Utilization by Entity                                                                                                                                                                  ;
+----------------------------+-------------------+--------------+-------------+------------+--------------+---------+-----------+------+--------------+-------------------------------------------------+--------------+
; Compilation Hierarchy Node ; LC Combinationals ; LC Registers ; Memory Bits ; DSP Blocks ; DSP Elements ; DSP 9x9 ; DSP 18x18 ; Pins ; Virtual Pins ; Full Hierarchy Name                             ; Library Name ;
+----------------------------+-------------------+--------------+-------------+------------+--------------+---------+-----------+------+--------------+-------------------------------------------------+--------------+
; |top_de1                   ; 168 (0)           ; 74 (0)       ; 0           ; 0          ; 0            ; 0       ; 0         ; 30   ; 0            ; |top_de1                                        ;              ;
;    |gen6mhz:inst1|         ; 3 (3)             ; 3 (3)        ; 0           ; 0          ; 0            ; 0       ; 0         ; 0    ; 0            ; |top_de1|gen6mhz:inst1                          ;              ;
;    |klokdeler:inst9|       ; 4 (0)             ; 4 (0)        ; 0           ; 0          ; 0            ; 0       ; 0         ; 0    ; 0            ; |top_de1|klokdeler:inst9                        ;              ;
;       |dff_haat:lbl1|      ; 1 (1)             ; 1 (1)        ; 0           ; 0          ; 0            ; 0       ; 0         ; 0    ; 0            ; |top_de1|klokdeler:inst9|dff_haat:lbl1          ;              ;
;       |dff_haat:lbl2|      ; 1 (1)             ; 1 (1)        ; 0           ; 0          ; 0            ; 0       ; 0         ; 0    ; 0            ; |top_de1|klokdeler:inst9|dff_haat:lbl2          ;              ;
;       |dff_haat:lbl3|      ; 1 (1)             ; 1 (1)        ; 0           ; 0          ; 0            ; 0       ; 0         ; 0    ; 0            ; |top_de1|klokdeler:inst9|dff_haat:lbl3          ;              ;
;       |dff_haat:lbl4|      ; 1 (1)             ; 1 (1)        ; 0           ; 0          ; 0            ; 0       ; 0         ; 0    ; 0            ; |top_de1|klokdeler:inst9|dff_haat:lbl4          ;              ;
;    |sdcard:inst10|         ; 161 (108)         ; 67 (52)      ; 0           ; 0          ; 0            ; 0       ; 0         ; 0    ; 0            ; |top_de1|sdcard:inst10                          ;              ;
;       |spi:spi5|           ; 53 (0)            ; 15 (1)       ; 0           ; 0          ; 0            ; 0       ; 0         ; 0    ; 0            ; |top_de1|sdcard:inst10|spi:spi5                 ;              ;
;          |control:ctrl1|   ; 11 (11)           ; 2 (2)        ; 0           ; 0          ; 0            ; 0       ; 0         ; 0    ; 0            ; |top_de1|sdcard:inst10|spi:spi5|control:ctrl1   ;              ;
;          |counter:cnt1|    ; 4 (4)             ; 4 (4)        ; 0           ; 0          ; 0            ; 0       ; 0         ; 0    ; 0            ; |top_de1|sdcard:inst10|spi:spi5|counter:cnt1    ;              ;
;          |shift_reg:shft1| ; 38 (38)           ; 8 (8)        ; 0           ; 0          ; 0            ; 0       ; 0         ; 0    ; 0            ; |top_de1|sdcard:inst10|spi:spi5|shift_reg:shft1 ;              ;
+----------------------------+-------------------+--------------+-------------+------------+--------------+---------+-----------+------+--------------+-------------------------------------------------+--------------+
Note: For table entries with two numbers listed, the numbers in parentheses indicate the number of resources of the given type used by the specific entity alone. The numbers listed outside of parentheses indicate the total resources of the given type used by the specific entity and all of its sub-entities in the hierarchy.


Encoding Type:  One-Hot
+--------------------------------------------------------------------------------------------------------------------------------------------------------------------------------------------------------------------------------------------------------------------------------------------------------------------------------------------------------------------------------------------------------------------------------------------------------------------------------------------------------------------------------------------------------------------------------------------------------------------------------------------------------------------------------------------------------------------------------------------------------------------------------------------------------------------------------------------------------------------------------------------------------------+
; State Machine - |top_de1|sdcard:inst10|state                                                                                                                                                                                                                                                                                                                                                                                                                                                                                                                                                                                                                                                                                                                                                                                                                                                                 ;
+------------------------------------+-------------+-------------------+-----------------+-----------------------+----------------------+----------------------------+-----------------+------------------------+------------------------------+---------------------+-----------------+-----------------------+----------------+------------+-----------------------------+-----------------------------------+--------------------------+-----------------+-----------------------+-----------------+------------------------------+------------------------------------+---------------------------+------------------+------------------------+------------------+--------------------+--------------------------+-----------------+-----------------+-----------------------+----------------+------------------------+------------------+------------------------+-------------------+-------------------+
; Name                               ; state.error ; state.buffer_data ; state.read_data ; state.start_read_data ; state.read_data_part ; state.start_read_data_part ; state.wait_data ; state.receive_response ; state.start_receive_response ; state.read_response ; state.send_part ; state.start_send_part ; state.load_cmd ; state.idle ; state.receive_response_cmd1 ; state.start_receive_response_cmd1 ; state.read_response_cmd1 ; state.send_cmd1 ; state.start_send_cmd1 ; state.load_cmd1 ; state.receive_response_cmd16 ; state.start_receive_response_cmd16 ; state.read_response_cmd16 ; state.send_cmd16 ; state.start_send_cmd16 ; state.load_cmd16 ; state.init_receive ; state.start_init_receive ; state.init_read ; state.init_send ; state.start_init_send ; state.init_cmd ; state.start_init_count ; state.dummy_send ; state.start_dummy_send ; state.dummy_count ; state.reset_state ;
+------------------------------------+-------------+-------------------+-----------------+-----------------------+----------------------+----------------------------+-----------------+------------------------+------------------------------+---------------------+-----------------+-----------------------+----------------+------------+-----------------------------+-----------------------------------+--------------------------+-----------------+-----------------------+-----------------+------------------------------+------------------------------------+---------------------------+------------------+------------------------+------------------+--------------------+--------------------------+-----------------+-----------------+-----------------------+----------------+------------------------+------------------+------------------------+-------------------+-------------------+
; state.reset_state                  ; 0           ; 0                 ; 0               ; 0                     ; 0                    ; 0                          ; 0               ; 0                      ; 0                            ; 0                   ; 0               ; 0                     ; 0              ; 0          ; 0                           ; 0                                 ; 0                        ; 0               ; 0                     ; 0               ; 0                            ; 0                                  ; 0                         ; 0                ; 0                      ; 0                ; 0                  ; 0                        ; 0               ; 0               ; 0                     ; 0              ; 0                      ; 0                ; 0                      ; 0                 ; 0                 ;
; state.dummy_count                  ; 0           ; 0                 ; 0               ; 0                     ; 0                    ; 0                          ; 0               ; 0                      ; 0                            ; 0                   ; 0               ; 0                     ; 0              ; 0          ; 0                           ; 0                                 ; 0                        ; 0               ; 0                     ; 0               ; 0                            ; 0                                  ; 0                         ; 0                ; 0                      ; 0                ; 0                  ; 0                        ; 0               ; 0               ; 0                     ; 0              ; 0                      ; 0                ; 0                      ; 1                 ; 1                 ;
; state.start_dummy_send             ; 0           ; 0                 ; 0               ; 0                     ; 0                    ; 0                          ; 0               ; 0                      ; 0                            ; 0                   ; 0               ; 0                     ; 0              ; 0          ; 0                           ; 0                                 ; 0                        ; 0               ; 0                     ; 0               ; 0                            ; 0                                  ; 0                         ; 0                ; 0                      ; 0                ; 0                  ; 0                        ; 0               ; 0               ; 0                     ; 0              ; 0                      ; 0                ; 1                      ; 0                 ; 1                 ;
; state.dummy_send                   ; 0           ; 0                 ; 0               ; 0                     ; 0                    ; 0                          ; 0               ; 0                      ; 0                            ; 0                   ; 0               ; 0                     ; 0              ; 0          ; 0                           ; 0                                 ; 0                        ; 0               ; 0                     ; 0               ; 0                            ; 0                                  ; 0                         ; 0                ; 0                      ; 0                ; 0                  ; 0                        ; 0               ; 0               ; 0                     ; 0              ; 0                      ; 1                ; 0                      ; 0                 ; 1                 ;
; state.start_init_count             ; 0           ; 0                 ; 0               ; 0                     ; 0                    ; 0                          ; 0               ; 0                      ; 0                            ; 0                   ; 0               ; 0                     ; 0              ; 0          ; 0                           ; 0                                 ; 0                        ; 0               ; 0                     ; 0               ; 0                            ; 0                                  ; 0                         ; 0                ; 0                      ; 0                ; 0                  ; 0                        ; 0               ; 0               ; 0                     ; 0              ; 1                      ; 0                ; 0                      ; 0                 ; 1                 ;
; state.init_cmd                     ; 0           ; 0                 ; 0               ; 0                     ; 0                    ; 0                          ; 0               ; 0                      ; 0                            ; 0                   ; 0               ; 0                     ; 0              ; 0          ; 0                           ; 0                                 ; 0                        ; 0               ; 0                     ; 0               ; 0                            ; 0                                  ; 0                         ; 0                ; 0                      ; 0                ; 0                  ; 0                        ; 0               ; 0               ; 0                     ; 1              ; 0                      ; 0                ; 0                      ; 0                 ; 1                 ;
; state.start_init_send              ; 0           ; 0                 ; 0               ; 0                     ; 0                    ; 0                          ; 0               ; 0                      ; 0                            ; 0                   ; 0               ; 0                     ; 0              ; 0          ; 0                           ; 0                                 ; 0                        ; 0               ; 0                     ; 0               ; 0                            ; 0                                  ; 0                         ; 0                ; 0                      ; 0                ; 0                  ; 0                        ; 0               ; 0               ; 1                     ; 0              ; 0                      ; 0                ; 0                      ; 0                 ; 1                 ;
; state.init_send                    ; 0           ; 0                 ; 0               ; 0                     ; 0                    ; 0                          ; 0               ; 0                      ; 0                            ; 0                   ; 0               ; 0                     ; 0              ; 0          ; 0                           ; 0                                 ; 0                        ; 0               ; 0                     ; 0               ; 0                            ; 0                                  ; 0                         ; 0                ; 0                      ; 0                ; 0                  ; 0                        ; 0               ; 1               ; 0                     ; 0              ; 0                      ; 0                ; 0                      ; 0                 ; 1                 ;
; state.init_read                    ; 0           ; 0                 ; 0               ; 0                     ; 0                    ; 0                          ; 0               ; 0                      ; 0                            ; 0                   ; 0               ; 0                     ; 0              ; 0          ; 0                           ; 0                                 ; 0                        ; 0               ; 0                     ; 0               ; 0                            ; 0                                  ; 0                         ; 0                ; 0                      ; 0                ; 0                  ; 0                        ; 1               ; 0               ; 0                     ; 0              ; 0                      ; 0                ; 0                      ; 0                 ; 1                 ;
; state.start_init_receive           ; 0           ; 0                 ; 0               ; 0                     ; 0                    ; 0                          ; 0               ; 0                      ; 0                            ; 0                   ; 0               ; 0                     ; 0              ; 0          ; 0                           ; 0                                 ; 0                        ; 0               ; 0                     ; 0               ; 0                            ; 0                                  ; 0                         ; 0                ; 0                      ; 0                ; 0                  ; 1                        ; 0               ; 0               ; 0                     ; 0              ; 0                      ; 0                ; 0                      ; 0                 ; 1                 ;
; state.init_receive                 ; 0           ; 0                 ; 0               ; 0                     ; 0                    ; 0                          ; 0               ; 0                      ; 0                            ; 0                   ; 0               ; 0                     ; 0              ; 0          ; 0                           ; 0                                 ; 0                        ; 0               ; 0                     ; 0               ; 0                            ; 0                                  ; 0                         ; 0                ; 0                      ; 0                ; 1                  ; 0                        ; 0               ; 0               ; 0                     ; 0              ; 0                      ; 0                ; 0                      ; 0                 ; 1                 ;
; state.load_cmd16                   ; 0           ; 0                 ; 0               ; 0                     ; 0                    ; 0                          ; 0               ; 0                      ; 0                            ; 0                   ; 0               ; 0                     ; 0              ; 0          ; 0                           ; 0                                 ; 0                        ; 0               ; 0                     ; 0               ; 0                            ; 0                                  ; 0                         ; 0                ; 0                      ; 1                ; 0                  ; 0                        ; 0               ; 0               ; 0                     ; 0              ; 0                      ; 0                ; 0                      ; 0                 ; 1                 ;
; state.start_send_cmd16             ; 0           ; 0                 ; 0               ; 0                     ; 0                    ; 0                          ; 0               ; 0                      ; 0                            ; 0                   ; 0               ; 0                     ; 0              ; 0          ; 0                           ; 0                                 ; 0                        ; 0               ; 0                     ; 0               ; 0                            ; 0                                  ; 0                         ; 0                ; 1                      ; 0                ; 0                  ; 0                        ; 0               ; 0               ; 0                     ; 0              ; 0                      ; 0                ; 0                      ; 0                 ; 1                 ;
; state.send_cmd16                   ; 0           ; 0                 ; 0               ; 0                     ; 0                    ; 0                          ; 0               ; 0                      ; 0                            ; 0                   ; 0               ; 0                     ; 0              ; 0          ; 0                           ; 0                                 ; 0                        ; 0               ; 0                     ; 0               ; 0                            ; 0                                  ; 0                         ; 1                ; 0                      ; 0                ; 0                  ; 0                        ; 0               ; 0               ; 0                     ; 0              ; 0                      ; 0                ; 0                      ; 0                 ; 1                 ;
; state.read_response_cmd16          ; 0           ; 0                 ; 0               ; 0                     ; 0                    ; 0                          ; 0               ; 0                      ; 0                            ; 0                   ; 0               ; 0                     ; 0              ; 0          ; 0                           ; 0                                 ; 0                        ; 0               ; 0                     ; 0               ; 0                            ; 0                                  ; 1                         ; 0                ; 0                      ; 0                ; 0                  ; 0                        ; 0               ; 0               ; 0                     ; 0              ; 0                      ; 0                ; 0                      ; 0                 ; 1                 ;
; state.start_receive_response_cmd16 ; 0           ; 0                 ; 0               ; 0                     ; 0                    ; 0                          ; 0               ; 0                      ; 0                            ; 0                   ; 0               ; 0                     ; 0              ; 0          ; 0                           ; 0                                 ; 0                        ; 0               ; 0                     ; 0               ; 0                            ; 1                                  ; 0                         ; 0                ; 0                      ; 0                ; 0                  ; 0                        ; 0               ; 0               ; 0                     ; 0              ; 0                      ; 0                ; 0                      ; 0                 ; 1                 ;
; state.receive_response_cmd16       ; 0           ; 0                 ; 0               ; 0                     ; 0                    ; 0                          ; 0               ; 0                      ; 0                            ; 0                   ; 0               ; 0                     ; 0              ; 0          ; 0                           ; 0                                 ; 0                        ; 0               ; 0                     ; 0               ; 1                            ; 0                                  ; 0                         ; 0                ; 0                      ; 0                ; 0                  ; 0                        ; 0               ; 0               ; 0                     ; 0              ; 0                      ; 0                ; 0                      ; 0                 ; 1                 ;
; state.load_cmd1                    ; 0           ; 0                 ; 0               ; 0                     ; 0                    ; 0                          ; 0               ; 0                      ; 0                            ; 0                   ; 0               ; 0                     ; 0              ; 0          ; 0                           ; 0                                 ; 0                        ; 0               ; 0                     ; 1               ; 0                            ; 0                                  ; 0                         ; 0                ; 0                      ; 0                ; 0                  ; 0                        ; 0               ; 0               ; 0                     ; 0              ; 0                      ; 0                ; 0                      ; 0                 ; 1                 ;
; state.start_send_cmd1              ; 0           ; 0                 ; 0               ; 0                     ; 0                    ; 0                          ; 0               ; 0                      ; 0                            ; 0                   ; 0               ; 0                     ; 0              ; 0          ; 0                           ; 0                                 ; 0                        ; 0               ; 1                     ; 0               ; 0                            ; 0                                  ; 0                         ; 0                ; 0                      ; 0                ; 0                  ; 0                        ; 0               ; 0               ; 0                     ; 0              ; 0                      ; 0                ; 0                      ; 0                 ; 1                 ;
; state.send_cmd1                    ; 0           ; 0                 ; 0               ; 0                     ; 0                    ; 0                          ; 0               ; 0                      ; 0                            ; 0                   ; 0               ; 0                     ; 0              ; 0          ; 0                           ; 0                                 ; 0                        ; 1               ; 0                     ; 0               ; 0                            ; 0                                  ; 0                         ; 0                ; 0                      ; 0                ; 0                  ; 0                        ; 0               ; 0               ; 0                     ; 0              ; 0                      ; 0                ; 0                      ; 0                 ; 1                 ;
; state.read_response_cmd1           ; 0           ; 0                 ; 0               ; 0                     ; 0                    ; 0                          ; 0               ; 0                      ; 0                            ; 0                   ; 0               ; 0                     ; 0              ; 0          ; 0                           ; 0                                 ; 1                        ; 0               ; 0                     ; 0               ; 0                            ; 0                                  ; 0                         ; 0                ; 0                      ; 0                ; 0                  ; 0                        ; 0               ; 0               ; 0                     ; 0              ; 0                      ; 0                ; 0                      ; 0                 ; 1                 ;
; state.start_receive_response_cmd1  ; 0           ; 0                 ; 0               ; 0                     ; 0                    ; 0                          ; 0               ; 0                      ; 0                            ; 0                   ; 0               ; 0                     ; 0              ; 0          ; 0                           ; 1                                 ; 0                        ; 0               ; 0                     ; 0               ; 0                            ; 0                                  ; 0                         ; 0                ; 0                      ; 0                ; 0                  ; 0                        ; 0               ; 0               ; 0                     ; 0              ; 0                      ; 0                ; 0                      ; 0                 ; 1                 ;
; state.receive_response_cmd1        ; 0           ; 0                 ; 0               ; 0                     ; 0                    ; 0                          ; 0               ; 0                      ; 0                            ; 0                   ; 0               ; 0                     ; 0              ; 0          ; 1                           ; 0                                 ; 0                        ; 0               ; 0                     ; 0               ; 0                            ; 0                                  ; 0                         ; 0                ; 0                      ; 0                ; 0                  ; 0                        ; 0               ; 0               ; 0                     ; 0              ; 0                      ; 0                ; 0                      ; 0                 ; 1                 ;
; state.idle                         ; 0           ; 0                 ; 0               ; 0                     ; 0                    ; 0                          ; 0               ; 0                      ; 0                            ; 0                   ; 0               ; 0                     ; 0              ; 1          ; 0                           ; 0                                 ; 0                        ; 0               ; 0                     ; 0               ; 0                            ; 0                                  ; 0                         ; 0                ; 0                      ; 0                ; 0                  ; 0                        ; 0               ; 0               ; 0                     ; 0              ; 0                      ; 0                ; 0                      ; 0                 ; 1                 ;
; state.load_cmd                     ; 0           ; 0                 ; 0               ; 0                     ; 0                    ; 0                          ; 0               ; 0                      ; 0                            ; 0                   ; 0               ; 0                     ; 1              ; 0          ; 0                           ; 0                                 ; 0                        ; 0               ; 0                     ; 0               ; 0                            ; 0                                  ; 0                         ; 0                ; 0                      ; 0                ; 0                  ; 0                        ; 0               ; 0               ; 0                     ; 0              ; 0                      ; 0                ; 0                      ; 0                 ; 1                 ;
; state.start_send_part              ; 0           ; 0                 ; 0               ; 0                     ; 0                    ; 0                          ; 0               ; 0                      ; 0                            ; 0                   ; 0               ; 1                     ; 0              ; 0          ; 0                           ; 0                                 ; 0                        ; 0               ; 0                     ; 0               ; 0                            ; 0                                  ; 0                         ; 0                ; 0                      ; 0                ; 0                  ; 0                        ; 0               ; 0               ; 0                     ; 0              ; 0                      ; 0                ; 0                      ; 0                 ; 1                 ;
; state.send_part                    ; 0           ; 0                 ; 0               ; 0                     ; 0                    ; 0                          ; 0               ; 0                      ; 0                            ; 0                   ; 1               ; 0                     ; 0              ; 0          ; 0                           ; 0                                 ; 0                        ; 0               ; 0                     ; 0               ; 0                            ; 0                                  ; 0                         ; 0                ; 0                      ; 0                ; 0                  ; 0                        ; 0               ; 0               ; 0                     ; 0              ; 0                      ; 0                ; 0                      ; 0                 ; 1                 ;
; state.read_response                ; 0           ; 0                 ; 0               ; 0                     ; 0                    ; 0                          ; 0               ; 0                      ; 0                            ; 1                   ; 0               ; 0                     ; 0              ; 0          ; 0                           ; 0                                 ; 0                        ; 0               ; 0                     ; 0               ; 0                            ; 0                                  ; 0                         ; 0                ; 0                      ; 0                ; 0                  ; 0                        ; 0               ; 0               ; 0                     ; 0              ; 0                      ; 0                ; 0                      ; 0                 ; 1                 ;
; state.start_receive_response       ; 0           ; 0                 ; 0               ; 0                     ; 0                    ; 0                          ; 0               ; 0                      ; 1                            ; 0                   ; 0               ; 0                     ; 0              ; 0          ; 0                           ; 0                                 ; 0                        ; 0               ; 0                     ; 0               ; 0                            ; 0                                  ; 0                         ; 0                ; 0                      ; 0                ; 0                  ; 0                        ; 0               ; 0               ; 0                     ; 0              ; 0                      ; 0                ; 0                      ; 0                 ; 1                 ;
; state.receive_response             ; 0           ; 0                 ; 0               ; 0                     ; 0                    ; 0                          ; 0               ; 1                      ; 0                            ; 0                   ; 0               ; 0                     ; 0              ; 0          ; 0                           ; 0                                 ; 0                        ; 0               ; 0                     ; 0               ; 0                            ; 0                                  ; 0                         ; 0                ; 0                      ; 0                ; 0                  ; 0                        ; 0               ; 0               ; 0                     ; 0              ; 0                      ; 0                ; 0                      ; 0                 ; 1                 ;
; state.wait_data                    ; 0           ; 0                 ; 0               ; 0                     ; 0                    ; 0                          ; 1               ; 0                      ; 0                            ; 0                   ; 0               ; 0                     ; 0              ; 0          ; 0                           ; 0                                 ; 0                        ; 0               ; 0                     ; 0               ; 0                            ; 0                                  ; 0                         ; 0                ; 0                      ; 0                ; 0                  ; 0                        ; 0               ; 0               ; 0                     ; 0              ; 0                      ; 0                ; 0                      ; 0                 ; 1                 ;
; state.start_read_data_part         ; 0           ; 0                 ; 0               ; 0                     ; 0                    ; 1                          ; 0               ; 0                      ; 0                            ; 0                   ; 0               ; 0                     ; 0              ; 0          ; 0                           ; 0                                 ; 0                        ; 0               ; 0                     ; 0               ; 0                            ; 0                                  ; 0                         ; 0                ; 0                      ; 0                ; 0                  ; 0                        ; 0               ; 0               ; 0                     ; 0              ; 0                      ; 0                ; 0                      ; 0                 ; 1                 ;
; state.read_data_part               ; 0           ; 0                 ; 0               ; 0                     ; 1                    ; 0                          ; 0               ; 0                      ; 0                            ; 0                   ; 0               ; 0                     ; 0              ; 0          ; 0                           ; 0                                 ; 0                        ; 0               ; 0                     ; 0               ; 0                            ; 0                                  ; 0                         ; 0                ; 0                      ; 0                ; 0                  ; 0                        ; 0               ; 0               ; 0                     ; 0              ; 0                      ; 0                ; 0                      ; 0                 ; 1                 ;
; state.start_read_data              ; 0           ; 0                 ; 0               ; 1                     ; 0                    ; 0                          ; 0               ; 0                      ; 0                            ; 0                   ; 0               ; 0                     ; 0              ; 0          ; 0                           ; 0                                 ; 0                        ; 0               ; 0                     ; 0               ; 0                            ; 0                                  ; 0                         ; 0                ; 0                      ; 0                ; 0                  ; 0                        ; 0               ; 0               ; 0                     ; 0              ; 0                      ; 0                ; 0                      ; 0                 ; 1                 ;
; state.read_data                    ; 0           ; 0                 ; 1               ; 0                     ; 0                    ; 0                          ; 0               ; 0                      ; 0                            ; 0                   ; 0               ; 0                     ; 0              ; 0          ; 0                           ; 0                                 ; 0                        ; 0               ; 0                     ; 0               ; 0                            ; 0                                  ; 0                         ; 0                ; 0                      ; 0                ; 0                  ; 0                        ; 0               ; 0               ; 0                     ; 0              ; 0                      ; 0                ; 0                      ; 0                 ; 1                 ;
; state.buffer_data                  ; 0           ; 1                 ; 0               ; 0                     ; 0                    ; 0                          ; 0               ; 0                      ; 0                            ; 0                   ; 0               ; 0                     ; 0              ; 0          ; 0                           ; 0                                 ; 0                        ; 0               ; 0                     ; 0               ; 0                            ; 0                                  ; 0                         ; 0                ; 0                      ; 0                ; 0                  ; 0                        ; 0               ; 0               ; 0                     ; 0              ; 0                      ; 0                ; 0                      ; 0                 ; 1                 ;
; state.error                        ; 1           ; 0                 ; 0               ; 0                     ; 0                    ; 0                          ; 0               ; 0                      ; 0                            ; 0                   ; 0               ; 0                     ; 0              ; 0          ; 0                           ; 0                                 ; 0                        ; 0               ; 0                     ; 0               ; 0                            ; 0                                  ; 0                         ; 0                ; 0                      ; 0                ; 0                  ; 0                        ; 0               ; 0               ; 0                     ; 0              ; 0                      ; 0                ; 0                      ; 0                 ; 1                 ;
+------------------------------------+-------------+-------------------+-----------------+-----------------------+----------------------+----------------------------+-----------------+------------------------+------------------------------+---------------------+-----------------+-----------------------+----------------+------------+-----------------------------+-----------------------------------+--------------------------+-----------------+-----------------------+-----------------+------------------------------+------------------------------------+---------------------------+------------------+------------------------+------------------+--------------------+--------------------------+-----------------+-----------------+-----------------------+----------------+------------------------+------------------+------------------------+-------------------+-------------------+


Encoding Type:  One-Hot
+---------------------------------------------------------------------+
; State Machine - |top_de1|sdcard:inst10|spi:spi5|control:ctrl1|state ;
+-------------------+----------------+------------+-------------------+
; Name              ; state.shifting ; state.idle ; state.reset_state ;
+-------------------+----------------+------------+-------------------+
; state.reset_state ; 0              ; 0          ; 0                 ;
; state.idle        ; 0              ; 1          ; 1                 ;
; state.shifting    ; 1              ; 0          ; 1                 ;
+-------------------+----------------+------------+-------------------+


+---------------------------------------------------------------------------------------------------+
; User-Specified and Inferred Latches                                                               ;
+----------------------------------------------------+---------------------+------------------------+
; Latch Name                                         ; Latch Enable Signal ; Free of Timing Hazards ;
+----------------------------------------------------+---------------------+------------------------+
; sdcard:inst10|new_data                             ; GND                 ; yes                    ;
; Number of user-specified and inferred latches = 1  ;                     ;                        ;
+----------------------------------------------------+---------------------+------------------------+
Note: All latches listed above may not be present at the end of synthesis due to various synthesis optimizations.


+-----------------------------------------------------------------------------+
; Registers Removed During Synthesis                                          ;
+--------------------------------------------------------+--------------------+
; Register name                                          ; Reason for Removal ;
+--------------------------------------------------------+--------------------+
; sdcard:inst10|spi:spi5|control:ctrl1|state.reset_state ; Lost fanout        ;
; Total Number of Removed Registers = 1                  ;                    ;
+--------------------------------------------------------+--------------------+


+------------------------------------------------------+
; General Register Statistics                          ;
+----------------------------------------------+-------+
; Statistic                                    ; Value ;
+----------------------------------------------+-------+
; Total registers                              ; 74    ;
; Number of registers using Synchronous Clear  ; 0     ;
; Number of registers using Synchronous Load   ; 0     ;
; Number of registers using Asynchronous Clear ; 71    ;
; Number of registers using Asynchronous Load  ; 0     ;
; Number of registers using Clock Enable       ; 55    ;
; Number of registers using Preset             ; 0     ;
+----------------------------------------------+-------+


+--------------------------------------------------+
; Inverted Register Statistics                     ;
+----------------------------------------+---------+
; Inverted Register                      ; Fan out ;
+----------------------------------------+---------+
; sdcard:inst10|send_switch              ; 1       ;
; Total number of inverted registers = 1 ;         ;
+----------------------------------------+---------+


+----------------------------------------------------------------------------------------------------------------------------------------------------------------------------+
; Multiplexer Restructuring Statistics (Restructuring Performed)                                                                                                             ;
+--------------------+-----------+---------------+----------------------+------------------------+------------+--------------------------------------------------------------+
; Multiplexer Inputs ; Bus Width ; Baseline Area ; Area if Restructured ; Saving if Restructured ; Registered ; Example Multiplexer Output                                   ;
+--------------------+-----------+---------------+----------------------+------------------------+------------+--------------------------------------------------------------+
; 7:1                ; 4 bits    ; 16 LEs        ; 4 LEs                ; 12 LEs                 ; Yes        ; |top_de1|sdcard:inst10|send_cnt[0]                           ;
; 22:1               ; 5 bits    ; 70 LEs        ; 30 LEs               ; 40 LEs                 ; Yes        ; |top_de1|sdcard:inst10|spi:spi5|shift_reg:shft1|reg_shift[2] ;
; 22:1               ; 2 bits    ; 28 LEs        ; 12 LEs               ; 16 LEs                 ; Yes        ; |top_de1|sdcard:inst10|spi:spi5|shift_reg:shft1|reg_shift[0] ;
; 3:1                ; 2 bits    ; 4 LEs         ; 4 LEs                ; 0 LEs                  ; No         ; |top_de1|sdcard:inst10|state.start_init_count                ;
; 3:1                ; 2 bits    ; 4 LEs         ; 2 LEs                ; 2 LEs                  ; No         ; |top_de1|sdcard:inst10|spi:spi5|control:ctrl1|c_reset        ;
+--------------------+-----------+---------------+----------------------+------------------------+------------+--------------------------------------------------------------+


+----------------------------------------------------------------------------------------------------------------+
; Port Connectivity Checks: "sdcard:inst10|spi:spi5"                                                             ;
+------+--------+----------+-------------------------------------------------------------------------------------+
; Port ; Type   ; Severity ; Details                                                                             ;
+------+--------+----------+-------------------------------------------------------------------------------------+
; ss   ; Output ; Info     ; Connected to dangling logic. Logic that only feeds a dangling port will be removed. ;
+------+--------+----------+-------------------------------------------------------------------------------------+


+-------------------------------+
; Analysis & Synthesis Messages ;
+-------------------------------+
Info: *******************************************************************
Info: Running Quartus II Analysis & Synthesis
    Info: Version 10.0 Build 262 08/18/2010 Service Pack 1 SJ Full Version
    Info: Processing started: Thu Dec 18 10:54:57 2014
Info: Command: quartus_map --read_settings_files=on --write_settings_files=off de1 -c top_de1
Info: Parallel compilation is enabled and will use 4 of the 4 processors detected
Info: Found 2 design units, including 1 entities, in source file /home/jtijhuis/epo3a5/chip/subsystems/SDCARD/dff2.vhd
    Info: Found design unit 1: dff_haat-behavioural
    Info: Found entity 1: dff_haat
Info: Found 2 design units, including 1 entities, in source file /home/jtijhuis/epo3a5/chip/subsystems/SDCARD/klokdeler.vhd
    Info: Found design unit 1: klokdeler-behavioural
    Info: Found entity 1: klokdeler
Info: Found 2 design units, including 1 entities, in source file /home/jtijhuis/epo3a5/chip/subsystems/SPI/spi.vhd
    Info: Found design unit 1: spi-structural
    Info: Found entity 1: spi
Info: Found 2 design units, including 1 entities, in source file /home/jtijhuis/epo3a5/chip/subsystems/SPI/shift_reg.vhd
    Info: Found design unit 1: shift_reg-behavioral
    Info: Found entity 1: shift_reg
Info: Found 2 design units, including 1 entities, in source file /home/jtijhuis/epo3a5/chip/subsystems/SPI/counter.vhd
    Info: Found design unit 1: counter-behavioural
    Info: Found entity 1: counter
Info: Found 2 design units, including 1 entities, in source file /home/jtijhuis/epo3a5/chip/subsystems/SPI/control.vhd
    Info: Found design unit 1: control-behavioural
    Info: Found entity 1: control
Info: Found 2 design units, including 1 entities, in source file /home/jtijhuis/epo3a5/chip/subsystems/SDCARD/sdcard.vhd
    Info: Found design unit 1: sdcard-behavioural
    Info: Found entity 1: sdcard
Info: Found 1 design units, including 1 entities, in source file top_de1.bdf
    Info: Found entity 1: top_de1
Info: Found 2 design units, including 1 entities, in source file pre_vga_dac_4.vhd
    Info: Found design unit 1: pre_vga_dac_4-signal_flow
    Info: Found entity 1: pre_vga_dac_4
Info: Found 2 design units, including 1 entities, in source file gen6mhz.vhd
    Info: Found design unit 1: gen6mhz-behaviour
    Info: Found entity 1: gen6mhz
Info: Elaborating entity "top_de1" for the top level hierarchy
Info: Elaborating entity "sdcard" for hierarchy "sdcard:inst10"
Warning (10036): Verilog HDL or VHDL warning at sdcard.vhd(58): object "dummy_signal" assigned a value but never read
Warning (10631): VHDL Process Statement warning at sdcard.vhd(79): inferring latch(es) for signal or variable "new_data", which holds its previous value in one or more paths through the process
Warning (10492): VHDL Process Statement warning at sdcard.vhd(139): signal "state" is read inside the Process Statement but isn't in the Process Statement's sensitivity list
Info (10041): Inferred latch for "new_data" at sdcard.vhd(79)
Info: Elaborating entity "spi" for hierarchy "sdcard:inst10|spi:spi5"
Info: Elaborating entity "counter" for hierarchy "sdcard:inst10|spi:spi5|counter:cnt1"
Info: Elaborating entity "shift_reg" for hierarchy "sdcard:inst10|spi:spi5|shift_reg:shft1"
Info: Elaborating entity "control" for hierarchy "sdcard:inst10|spi:spi5|control:ctrl1"
Info: Elaborating entity "gen6mhz" for hierarchy "gen6mhz:inst1"
Info: Elaborating entity "klokdeler" for hierarchy "klokdeler:inst9"
Info: Elaborating entity "dff_haat" for hierarchy "klokdeler:inst9|dff_haat:lbl1"
Warning: Clock multiplexers are found and protected
    Warning: Found clock multiplexer sdcard:inst10|sd_clk
Info: Registers with preset signals will power-up high
Info: DEV_CLRn pin will set, and not reset, register with preset signal due to NOT Gate Push-Back
Info: 1 registers lost all their fanouts during netlist optimizations. The first 1 are displayed below.
    Info: Register "sdcard:inst10|spi:spi5|control:ctrl1|state.reset_state" lost all its fanouts during netlist optimizations.
Info: Found the following redundant logic cells in design
    Info (17048): Logic cell "sdcard:inst10|spi:spi5|control:ctrl1|busy"
Info: Generating hard_block partition "hard_block:auto_generated_inst"
Info: Implemented 210 device resources after synthesis - the final resource count might be different
    Info: Implemented 12 input pins
    Info: Implemented 18 output pins
    Info: Implemented 180 logic cells
Info: Quartus II Analysis & Synthesis was successful. 0 errors, 5 warnings
    Info: Peak virtual memory: 261 megabytes
    Info: Processing ended: Thu Dec 18 10:55:08 2014
    Info: Elapsed time: 00:00:11
    Info: Total CPU time (on all processors): 00:00:02


