Flow report for top_de1
Mon Jan 05 11:19:34 2015
Quartus II 64-Bit Version 13.0.1 Build 232 06/12/2013 Service Pack 1 SJ Web Edition


---------------------
; Table of Contents ;
---------------------
  1. Legal Notice
  2. Flow Summary
  3. Flow Settings
  4. Flow Non-Default Global Settings
  5. Flow Elapsed Time
  6. Flow OS Summary
  7. Flow Log
  8. Flow Messages
  9. Flow Suppressed Messages



----------------
; Legal Notice ;
----------------
Copyright (C) 1991-2013 Altera Corporation
Your use of Altera Corporation's design tools, logic functions 
and other software and tools, and its AMPP partner logic 
functions, and any output files from any of the foregoing 
(including device programming or simulation files), and any 
associated documentation or information are expressly subject 
to the terms and conditions of the Altera Program License 
Subscription Agreement, Altera MegaCore Function License 
Agreement, or other applicable license agreement, including, 
without limitation, that your use is for the sole purpose of 
programming logic devices manufactured by Altera and sold by 
Altera or its authorized distributors.  Please refer to the 
applicable agreement for further details.



+--------------------------------------------------------------------------------------+
; Flow Summary                                                                         ;
+------------------------------------+-------------------------------------------------+
; Flow Status                        ; Successful - Mon Jan 05 11:19:31 2015           ;
; Quartus II 64-Bit Version          ; 13.0.1 Build 232 06/12/2013 SP 1 SJ Web Edition ;
; Revision Name                      ; top_de1                                         ;
; Top-level Entity Name              ; top_de1                                         ;
; Family                             ; Cyclone II                                      ;
; Device                             ; EP2C20F484C7                                    ;
; Timing Models                      ; Final                                           ;
; Total logic elements               ; 198 / 18,752 ( 1 % )                            ;
;     Total combinational functions  ; 193 / 18,752 ( 1 % )                            ;
;     Dedicated logic registers      ; 84 / 18,752 ( < 1 % )                           ;
; Total registers                    ; 84                                              ;
; Total pins                         ; 33 / 315 ( 10 % )                               ;
; Total virtual pins                 ; 0                                               ;
; Total memory bits                  ; 0 / 239,616 ( 0 % )                             ;
; Embedded Multiplier 9-bit elements ; 0 / 52 ( 0 % )                                  ;
; Total PLLs                         ; 0 / 4 ( 0 % )                                   ;
+------------------------------------+-------------------------------------------------+


+-----------------------------------------+
; Flow Settings                           ;
+-------------------+---------------------+
; Option            ; Setting             ;
+-------------------+---------------------+
; Start date & time ; 01/05/2015 11:19:21 ;
; Main task         ; Compilation         ;
; Revision Name     ; top_de1             ;
+-------------------+---------------------+


+-----------------------------------------------------------------------------------------------------------------------------------------------------------------------+
; Flow Non-Default Global Settings                                                                                                                                      ;
+-------------------------------------+--------------------------------------------------------------------------------------+---------------+-------------+------------+
; Assignment Name                     ; Value                                                                                ; Default Value ; Entity Name ; Section Id ;
+-------------------------------------+--------------------------------------------------------------------------------------+---------------+-------------+------------+
; COMPILER_SIGNATURE_ID               ; 39627053604704.142045316105636                                                       ; --            ; --          ; --         ;
; ENABLE_SIGNALTAP                    ; Off                                                                                  ; --            ; --          ; --         ;
; MAX_CORE_JUNCTION_TEMP              ; 85                                                                                   ; --            ; --          ; --         ;
; MIN_CORE_JUNCTION_TEMP              ; 0                                                                                    ; --            ; --          ; --         ;
; MISC_FILE                           ; /home/jtijhuis/epo3a5/chip/subsystems/SDCARD/GWTF/quartus_DE1/top_de1.dpf            ; --            ; --          ; --         ;
; PARTITION_COLOR                     ; 16764057                                                                             ; --            ; --          ; Top        ;
; PARTITION_FITTER_PRESERVATION_LEVEL ; PLACEMENT_AND_ROUTING                                                                ; --            ; --          ; Top        ;
; PARTITION_NETLIST_TYPE              ; SOURCE                                                                               ; --            ; --          ; Top        ;
; POWER_BOARD_THERMAL_MODEL           ; None (CONSERVATIVE)                                                                  ; --            ; --          ; --         ;
; POWER_PRESET_COOLING_SOLUTION       ; 23 MM HEAT SINK WITH 200 LFPM AIRFLOW                                                ; --            ; --          ; --         ;
; SLD_FILE                            ; C:/Users/Job/epo3a5/chip/subsystems/SDCARD/GWTF/quartus_DE1/sd-spi_auto_stripped.stp ; --            ; --          ; --         ;
; TIMEQUEST_DO_CCPP_REMOVAL           ; On                                                                                   ; Off           ; --          ; --         ;
; TIMEQUEST_DO_REPORT_TIMING          ; On                                                                                   ; Off           ; --          ; --         ;
; USE_SIGNALTAP_FILE                  ; sd-spi.stp                                                                           ; --            ; --          ; --         ;
+-------------------------------------+--------------------------------------------------------------------------------------+---------------+-------------+------------+


+-------------------------------------------------------------------------------------------------------------------------------+
; Flow Elapsed Time                                                                                                             ;
+---------------------------+--------------+-------------------------+---------------------+------------------------------------+
; Module Name               ; Elapsed Time ; Average Processors Used ; Peak Virtual Memory ; Total CPU Time (on all processors) ;
+---------------------------+--------------+-------------------------+---------------------+------------------------------------+
; Analysis & Synthesis      ; 00:00:02     ; 1.0                     ; 502 MB              ; 00:00:03                           ;
; Fitter                    ; 00:00:05     ; 1.0                     ; 1095 MB             ; 00:00:06                           ;
; Assembler                 ; 00:00:01     ; 1.0                     ; 434 MB              ; 00:00:01                           ;
; TimeQuest Timing Analyzer ; 00:00:02     ; 1.0                     ; 459 MB              ; 00:00:02                           ;
; Total                     ; 00:00:10     ; --                      ; --                  ; 00:00:12                           ;
+---------------------------+--------------+-------------------------+---------------------+------------------------------------+


+----------------------------------------------------------------------------------------+
; Flow OS Summary                                                                        ;
+---------------------------+------------------+-----------+------------+----------------+
; Module Name               ; Machine Hostname ; OS Name   ; OS Version ; Processor type ;
+---------------------------+------------------+-----------+------------+----------------+
; Analysis & Synthesis      ; Job-Laptop       ; Windows 7 ; 6.2        ; x86_64         ;
; Fitter                    ; Job-Laptop       ; Windows 7 ; 6.2        ; x86_64         ;
; Assembler                 ; Job-Laptop       ; Windows 7 ; 6.2        ; x86_64         ;
; TimeQuest Timing Analyzer ; Job-Laptop       ; Windows 7 ; 6.2        ; x86_64         ;
+---------------------------+------------------+-----------+------------+----------------+


------------
; Flow Log ;
------------
quartus_map --read_settings_files=on --write_settings_files=off de1 -c top_de1
quartus_fit --read_settings_files=off --write_settings_files=off de1 -c top_de1
quartus_asm --read_settings_files=off --write_settings_files=off de1 -c top_de1
quartus_sta de1 -c top_de1



