====================================================================================================================================
                                                               S L S                                                                
                                                            version: 3.3                                                            
                                                S I M U L A T I O N   R E S U L T S                                                 
====================================================================================================================================
 time         | s   m   m   s   s   m   m   s   s   m   m   s   s   m   m   s   s 
 in 1e-09 sec | c   o   i   s   c   o   i   s   c   o   i   s   c   o   i   s     
              | l   s   s   _   l   s   s   _   l   s   s   _   l   s   s   _     
              | k   i   o   m   k   i   o   m   k   i   o   s   k   i   o   s     
              | _   _   _   _   _   _   _   _   _   _   _   _   _   _   _   _     
              | m   m   m   0   m   m   m   1   s   s   s   0   s   s   s   1     
              | _   _   _       _   _   _       _   _   _       _   _   _         
              | 0   0   0       1   1   1       0   0   0       1   1   1         
====================================================================================================================================
          0.0 | 0   0   x   0   1   1   x   1   x   x   0   x   x   x   1   x   x
          0.0 | 0   0   x   0   1   1   x   1   x   x   0   x   x   x   1   x   x
         10.0 | 0   0   x   0   1   1   x   1   x   x   0   x   x   x   1   x   0
         10.5 | 0   0   0   0   1   1   x   1   0   0   0   0   x   x   1   x   0
         10.6 | 0   0   0   0   1   1   1   1   0   0   0   0   1   1   1   1   0
         49.9 | 0   0   0   0   1   1   1   1   0   0   0   0   1   1   1   1   0
====================================================================================================================================
  network : Blackbox                                                                                                    nodes : 87  
====================================================================================================================================
