Analysis & Synthesis report for top_de1
Thu Dec 11 12:27:36 2014
Quartus II Version 10.0 Build 262 08/18/2010 Service Pack 1 SJ Full Version


---------------------
; Table of Contents ;
---------------------
  1. Legal Notice
  2. Analysis & Synthesis Summary
  3. Analysis & Synthesis Settings
  4. Parallel Compilation
  5. Analysis & Synthesis Source Files Read
  6. Analysis & Synthesis Resource Usage Summary
  7. Analysis & Synthesis Resource Utilization by Entity
  8. General Register Statistics
  9. Multiplexer Restructuring Statistics (Restructuring Performed)
 10. Analysis & Synthesis Messages



----------------
; Legal Notice ;
----------------
Copyright (C) 1991-2010 Altera Corporation
Your use of Altera Corporation's design tools, logic functions 
and other software and tools, and its AMPP partner logic 
functions, and any output files from any of the foregoing 
(including device programming or simulation files), and any 
associated documentation or information are expressly subject 
to the terms and conditions of the Altera Program License 
Subscription Agreement, Altera MegaCore Function License 
Agreement, or other applicable license agreement, including, 
without limitation, that your use is for the sole purpose of 
programming logic devices manufactured by Altera and sold by 
Altera or its authorized distributors.  Please refer to the 
applicable agreement for further details.



+-------------------------------------------------------------------------------------+
; Analysis & Synthesis Summary                                                        ;
+------------------------------------+------------------------------------------------+
; Analysis & Synthesis Status        ; Successful - Thu Dec 11 12:27:36 2014          ;
; Quartus II Version                 ; 10.0 Build 262 08/18/2010 SP 1 SJ Full Version ;
; Revision Name                      ; top_de1                                        ;
; Top-level Entity Name              ; top_de1                                        ;
; Family                             ; Cyclone II                                     ;
; Total logic elements               ; 77                                             ;
;     Total combinational functions  ; 77                                             ;
;     Dedicated logic registers      ; 31                                             ;
; Total registers                    ; 31                                             ;
; Total pins                         ; 7                                              ;
; Total virtual pins                 ; 0                                              ;
; Total memory bits                  ; 0                                              ;
; Embedded Multiplier 9-bit elements ; 0                                              ;
; Total PLLs                         ; 0                                              ;
+------------------------------------+------------------------------------------------+


+----------------------------------------------------------------------------------------------------------------------+
; Analysis & Synthesis Settings                                                                                        ;
+----------------------------------------------------------------------------+--------------------+--------------------+
; Option                                                                     ; Setting            ; Default Value      ;
+----------------------------------------------------------------------------+--------------------+--------------------+
; Device                                                                     ; EP2C20F484C7       ;                    ;
; Top-level entity name                                                      ; top_de1            ; top_de1            ;
; Family name                                                                ; Cyclone II         ; Stratix II         ;
; Use smart compilation                                                      ; Off                ; Off                ;
; Enable parallel Assembler and TimeQuest Timing Analyzer during compilation ; On                 ; On                 ;
; Enable compact report table                                                ; Off                ; Off                ;
; Restructure Multiplexers                                                   ; Auto               ; Auto               ;
; Create Debugging Nodes for IP Cores                                        ; Off                ; Off                ;
; Preserve fewer node names                                                  ; On                 ; On                 ;
; Disable OpenCore Plus hardware evaluation                                  ; Off                ; Off                ;
; Verilog Version                                                            ; Verilog_2001       ; Verilog_2001       ;
; VHDL Version                                                               ; VHDL_1993          ; VHDL_1993          ;
; State Machine Processing                                                   ; Auto               ; Auto               ;
; Safe State Machine                                                         ; Off                ; Off                ;
; Extract Verilog State Machines                                             ; On                 ; On                 ;
; Extract VHDL State Machines                                                ; On                 ; On                 ;
; Ignore Verilog initial constructs                                          ; Off                ; Off                ;
; Iteration limit for constant Verilog loops                                 ; 5000               ; 5000               ;
; Iteration limit for non-constant Verilog loops                             ; 250                ; 250                ;
; Add Pass-Through Logic to Inferred RAMs                                    ; On                 ; On                 ;
; Parallel Synthesis                                                         ; On                 ; On                 ;
; DSP Block Balancing                                                        ; Auto               ; Auto               ;
; NOT Gate Push-Back                                                         ; On                 ; On                 ;
; Power-Up Don't Care                                                        ; On                 ; On                 ;
; Remove Redundant Logic Cells                                               ; Off                ; Off                ;
; Remove Duplicate Registers                                                 ; On                 ; On                 ;
; Ignore CARRY Buffers                                                       ; Off                ; Off                ;
; Ignore CASCADE Buffers                                                     ; Off                ; Off                ;
; Ignore GLOBAL Buffers                                                      ; Off                ; Off                ;
; Ignore ROW GLOBAL Buffers                                                  ; Off                ; Off                ;
; Ignore LCELL Buffers                                                       ; Off                ; Off                ;
; Ignore SOFT Buffers                                                        ; On                 ; On                 ;
; Limit AHDL Integers to 32 Bits                                             ; Off                ; Off                ;
; Optimization Technique                                                     ; Balanced           ; Balanced           ;
; Carry Chain Length                                                         ; 70                 ; 70                 ;
; Auto Carry Chains                                                          ; On                 ; On                 ;
; Auto Open-Drain Pins                                                       ; On                 ; On                 ;
; Perform WYSIWYG Primitive Resynthesis                                      ; Off                ; Off                ;
; Auto ROM Replacement                                                       ; On                 ; On                 ;
; Auto RAM Replacement                                                       ; On                 ; On                 ;
; Auto Shift Register Replacement                                            ; Auto               ; Auto               ;
; Auto Clock Enable Replacement                                              ; On                 ; On                 ;
; Strict RAM Replacement                                                     ; Off                ; Off                ;
; Allow Synchronous Control Signals                                          ; On                 ; On                 ;
; Force Use of Synchronous Clear Signals                                     ; Off                ; Off                ;
; Auto RAM to Logic Cell Conversion                                          ; Off                ; Off                ;
; Auto Resource Sharing                                                      ; Off                ; Off                ;
; Allow Any RAM Size For Recognition                                         ; Off                ; Off                ;
; Allow Any ROM Size For Recognition                                         ; Off                ; Off                ;
; Allow Any Shift Register Size For Recognition                              ; Off                ; Off                ;
; Use LogicLock Constraints during Resource Balancing                        ; On                 ; On                 ;
; Ignore translate_off and synthesis_off directives                          ; Off                ; Off                ;
; Timing-Driven Synthesis                                                    ; Off                ; Off                ;
; Report Parameter Settings                                                  ; On                 ; On                 ;
; Report Source Assignments                                                  ; On                 ; On                 ;
; Report Connectivity Checks                                                 ; On                 ; On                 ;
; Ignore Maximum Fan-Out Assignments                                         ; Off                ; Off                ;
; Synchronization Register Chain Length                                      ; 2                  ; 2                  ;
; PowerPlay Power Optimization                                               ; Normal compilation ; Normal compilation ;
; HDL message level                                                          ; Level2             ; Level2             ;
; Suppress Register Optimization Related Messages                            ; Off                ; Off                ;
; Number of Removed Registers Reported in Synthesis Report                   ; 5000               ; 5000               ;
; Number of Inverted Registers Reported in Synthesis Report                  ; 100                ; 100                ;
; Clock MUX Protection                                                       ; On                 ; On                 ;
; Auto Gated Clock Conversion                                                ; Off                ; Off                ;
; Block Design Naming                                                        ; Auto               ; Auto               ;
; SDC constraint protection                                                  ; Off                ; Off                ;
; Synthesis Effort                                                           ; Auto               ; Auto               ;
; Shift Register Replacement - Allow Asynchronous Clear Signal               ; On                 ; On                 ;
; Analysis & Synthesis Message Level                                         ; Medium             ; Medium             ;
; Disable Register Merging Across Hierarchies                                ; Auto               ; Auto               ;
; Resource Aware Inference For Block RAM                                     ; On                 ; On                 ;
; Synthesis Seed                                                             ; 1                  ; 1                  ;
+----------------------------------------------------------------------------+--------------------+--------------------+


+------------------------------------------+
; Parallel Compilation                     ;
+----------------------------+-------------+
; Processors                 ; Number      ;
+----------------------------+-------------+
; Number detected on machine ; 4           ;
; Maximum allowed            ; 4           ;
;                            ;             ;
; Average used               ; 1.00        ;
; Maximum used               ; 1           ;
;                            ;             ;
; Usage by Processor         ; % Time Used ;
;     1 processor            ; 100.0%      ;
;     2-4 processors         ;   0.0%      ;
+----------------------------+-------------+


+------------------------------------------------------------------------------------------------------------------------------------------------------+
; Analysis & Synthesis Source Files Read                                                                                                               ;
+----------------------------------+-----------------+------------------------------------+------------------------------------------------------------+
; File Name with User-Entered Path ; Used in Netlist ; File Type                          ; File Name with Absolute Path                               ;
+----------------------------------+-----------------+------------------------------------+------------------------------------------------------------+
; ../VHDL/vga.vhd                  ; yes             ; User VHDL File                     ; /home/mzwalua/Documents/vga2/VHDL/vga.vhd                  ;
; ../VHDL/counter-behaviour.vhd    ; yes             ; User VHDL File                     ; /home/mzwalua/Documents/vga2/VHDL/counter-behaviour.vhd    ;
; ../VHDL/vsync-behaviour.vhd      ; yes             ; User VHDL File                     ; /home/mzwalua/Documents/vga2/VHDL/vsync-behaviour.vhd      ;
; ../VHDL/vidcounter-behaviour.vhd ; yes             ; User VHDL File                     ; /home/mzwalua/Documents/vga2/VHDL/vidcounter-behaviour.vhd ;
; ../VHDL/rgb-behaviour.vhd        ; yes             ; User VHDL File                     ; /home/mzwalua/Documents/vga2/VHDL/rgb-behaviour.vhd        ;
; ../VHDL/hsync-behaviour.vhd      ; yes             ; User VHDL File                     ; /home/mzwalua/Documents/vga2/VHDL/hsync-behaviour.vhd      ;
; ../VHDL/deler-behaviour.vhd      ; yes             ; User VHDL File                     ; /home/mzwalua/Documents/vga2/VHDL/deler-behaviour.vhd      ;
; top_de1.bdf                      ; yes             ; User Block Diagram/Schematic File  ; /home/mzwalua/Documents/vga2/quartus_DE1/top_de1.bdf       ;
; gen6mhz.vhd                      ; yes             ; User VHDL File                     ; /home/mzwalua/Documents/vga2/quartus_DE1/gen6mhz.vhd       ;
+----------------------------------+-----------------+------------------------------------+------------------------------------------------------------+


+-------------------------------------------------------------------------------+
; Analysis & Synthesis Resource Usage Summary                                   ;
+---------------------------------------------+---------------------------------+
; Resource                                    ; Usage                           ;
+---------------------------------------------+---------------------------------+
; Estimated Total logic elements              ; 77                              ;
;                                             ;                                 ;
; Total combinational functions               ; 77                              ;
; Logic element usage by number of LUT inputs ;                                 ;
;     -- 4 input functions                    ; 35                              ;
;     -- 3 input functions                    ; 17                              ;
;     -- <=2 input functions                  ; 25                              ;
;                                             ;                                 ;
; Logic elements by mode                      ;                                 ;
;     -- normal mode                          ; 63                              ;
;     -- arithmetic mode                      ; 14                              ;
;                                             ;                                 ;
; Total registers                             ; 31                              ;
;     -- Dedicated logic registers            ; 31                              ;
;     -- I/O registers                        ; 0                               ;
;                                             ;                                 ;
; I/O pins                                    ; 7                               ;
; Maximum fan-out node                        ; vga:inst2|counter:cmp2|count[1] ;
; Maximum fan-out                             ; 15                              ;
; Total fan-out                               ; 323                             ;
; Average fan-out                             ; 2.81                            ;
+---------------------------------------------+---------------------------------+


+---------------------------------------------------------------------------------------------------------------------------------------------------------------------------------------------------------+
; Analysis & Synthesis Resource Utilization by Entity                                                                                                                                                     ;
+----------------------------+-------------------+--------------+-------------+------------+--------------+---------+-----------+------+--------------+------------------------------------+--------------+
; Compilation Hierarchy Node ; LC Combinationals ; LC Registers ; Memory Bits ; DSP Blocks ; DSP Elements ; DSP 9x9 ; DSP 18x18 ; Pins ; Virtual Pins ; Full Hierarchy Name                ; Library Name ;
+----------------------------+-------------------+--------------+-------------+------------+--------------+---------+-----------+------+--------------+------------------------------------+--------------+
; |top_de1                   ; 77 (0)            ; 31 (0)       ; 0           ; 0          ; 0            ; 0       ; 0         ; 7    ; 0            ; |top_de1                           ;              ;
;    |gen6mhz:inst1|         ; 3 (3)             ; 3 (3)        ; 0           ; 0          ; 0            ; 0       ; 0         ; 0    ; 0            ; |top_de1|gen6mhz:inst1             ;              ;
;    |vga:inst2|             ; 74 (0)            ; 28 (0)       ; 0           ; 0          ; 0            ; 0       ; 0         ; 0    ; 0            ; |top_de1|vga:inst2                 ;              ;
;       |counter:cmp2|       ; 8 (8)             ; 6 (6)        ; 0           ; 0          ; 0            ; 0       ; 0         ; 0    ; 0            ; |top_de1|vga:inst2|counter:cmp2    ;              ;
;       |deler:cmp1|         ; 4 (4)             ; 4 (4)        ; 0           ; 0          ; 0            ; 0       ; 0         ; 0    ; 0            ; |top_de1|vga:inst2|deler:cmp1      ;              ;
;       |hsync:cmp3|         ; 10 (10)           ; 3 (3)        ; 0           ; 0          ; 0            ; 0       ; 0         ; 0    ; 0            ; |top_de1|vga:inst2|hsync:cmp3      ;              ;
;       |rgb:cmp6|           ; 29 (29)           ; 3 (3)        ; 0           ; 0          ; 0            ; 0       ; 0         ; 0    ; 0            ; |top_de1|vga:inst2|rgb:cmp6        ;              ;
;       |vidcounter:cmp4|    ; 14 (14)           ; 10 (10)      ; 0           ; 0          ; 0            ; 0       ; 0         ; 0    ; 0            ; |top_de1|vga:inst2|vidcounter:cmp4 ;              ;
;       |vsync:cmp5|         ; 9 (9)             ; 2 (2)        ; 0           ; 0          ; 0            ; 0       ; 0         ; 0    ; 0            ; |top_de1|vga:inst2|vsync:cmp5      ;              ;
+----------------------------+-------------------+--------------+-------------+------------+--------------+---------+-----------+------+--------------+------------------------------------+--------------+
Note: For table entries with two numbers listed, the numbers in parentheses indicate the number of resources of the given type used by the specific entity alone. The numbers listed outside of parentheses indicate the total resources of the given type used by the specific entity and all of its sub-entities in the hierarchy.


+------------------------------------------------------+
; General Register Statistics                          ;
+----------------------------------------------+-------+
; Statistic                                    ; Value ;
+----------------------------------------------+-------+
; Total registers                              ; 31    ;
; Number of registers using Synchronous Clear  ; 16    ;
; Number of registers using Synchronous Load   ; 0     ;
; Number of registers using Asynchronous Clear ; 0     ;
; Number of registers using Asynchronous Load  ; 0     ;
; Number of registers using Clock Enable       ; 2     ;
; Number of registers using Preset             ; 0     ;
+----------------------------------------------+-------+


+-----------------------------------------------------------------------------------------------------------------------------------------------------------+
; Multiplexer Restructuring Statistics (Restructuring Performed)                                                                                            ;
+--------------------+-----------+---------------+----------------------+------------------------+------------+---------------------------------------------+
; Multiplexer Inputs ; Bus Width ; Baseline Area ; Area if Restructured ; Saving if Restructured ; Registered ; Example Multiplexer Output                  ;
+--------------------+-----------+---------------+----------------------+------------------------+------------+---------------------------------------------+
; 3:1                ; 6 bits    ; 12 LEs        ; 6 LEs                ; 6 LEs                  ; Yes        ; |top_de1|vga:inst2|counter:cmp2|count[0]    ;
; 3:1                ; 10 bits   ; 20 LEs        ; 10 LEs               ; 10 LEs                 ; Yes        ; |top_de1|vga:inst2|vidcounter:cmp4|count[0] ;
; 6:1                ; 2 bits    ; 8 LEs         ; 6 LEs                ; 2 LEs                  ; Yes        ; |top_de1|vga:inst2|vsync:cmp5|vsync_out     ;
+--------------------+-----------+---------------+----------------------+------------------------+------------+---------------------------------------------+


+-------------------------------+
; Analysis & Synthesis Messages ;
+-------------------------------+
Info: *******************************************************************
Info: Running Quartus II Analysis & Synthesis
    Info: Version 10.0 Build 262 08/18/2010 Service Pack 1 SJ Full Version
    Info: Processing started: Thu Dec 11 12:27:24 2014
Info: Command: quartus_map --read_settings_files=on --write_settings_files=off de1 -c top_de1
Info: Parallel compilation is enabled and will use 4 of the 4 processors detected
Info: Found 2 design units, including 1 entities, in source file /home/mzwalua/Documents/vga2/VHDL/vga.vhd
    Info: Found design unit 1: vga-behaviour
    Info: Found entity 1: vga
Info: Found 2 design units, including 1 entities, in source file /home/mzwalua/Documents/vga2/VHDL/counter-behaviour.vhd
    Info: Found design unit 1: counter-behavioural
    Info: Found entity 1: counter
Info: Found 2 design units, including 1 entities, in source file /home/mzwalua/Documents/vga2/VHDL/vsync-behaviour.vhd
    Info: Found design unit 1: vsync-behaviour
    Info: Found entity 1: vsync
Info: Found 2 design units, including 1 entities, in source file /home/mzwalua/Documents/vga2/VHDL/vidcounter-behaviour.vhd
    Info: Found design unit 1: vidcounter-behavioural
    Info: Found entity 1: vidcounter
Info: Found 2 design units, including 1 entities, in source file /home/mzwalua/Documents/vga2/VHDL/rgb-behaviour.vhd
    Info: Found design unit 1: rgb-behaviour
    Info: Found entity 1: rgb
Info: Found 2 design units, including 1 entities, in source file /home/mzwalua/Documents/vga2/VHDL/hsync-behaviour.vhd
    Info: Found design unit 1: hsync-behaviour
    Info: Found entity 1: hsync
Info: Found 2 design units, including 1 entities, in source file /home/mzwalua/Documents/vga2/VHDL/deler-behaviour.vhd
    Info: Found design unit 1: deler-behaviour
    Info: Found entity 1: deler
Info: Found 1 design units, including 1 entities, in source file top_de1.bdf
    Info: Found entity 1: top_de1
Info: Found 2 design units, including 1 entities, in source file pre_vga_dac_4.vhd
    Info: Found design unit 1: pre_vga_dac_4-signal_flow
    Info: Found entity 1: pre_vga_dac_4
Info: Found 2 design units, including 1 entities, in source file gen6mhz.vhd
    Info: Found design unit 1: gen6mhz-behaviour
    Info: Found entity 1: gen6mhz
Info: Elaborating entity "top_de1" for the top level hierarchy
Info: Elaborating entity "vga" for hierarchy "vga:inst2"
Info: Elaborating entity "deler" for hierarchy "vga:inst2|deler:cmp1"
Info: Elaborating entity "counter" for hierarchy "vga:inst2|counter:cmp2"
Info: Elaborating entity "hsync" for hierarchy "vga:inst2|hsync:cmp3"
Info: Elaborating entity "vidcounter" for hierarchy "vga:inst2|vidcounter:cmp4"
Info: Elaborating entity "vsync" for hierarchy "vga:inst2|vsync:cmp5"
Info: Elaborating entity "rgb" for hierarchy "vga:inst2|rgb:cmp6"
Info: Elaborating entity "gen6mhz" for hierarchy "gen6mhz:inst1"
Info: Generating hard_block partition "hard_block:auto_generated_inst"
Info: Implemented 85 device resources after synthesis - the final resource count might be different
    Info: Implemented 2 input pins
    Info: Implemented 5 output pins
    Info: Implemented 78 logic cells
Info: Quartus II Analysis & Synthesis was successful. 0 errors, 0 warnings
    Info: Peak virtual memory: 260 megabytes
    Info: Processing ended: Thu Dec 11 12:27:36 2014
    Info: Elapsed time: 00:00:12
    Info: Total CPU time (on all processors): 00:00:02


