Classic Timing Analyzer report for top_de1
Thu Dec 11 12:27:50 2014
Quartus II Version 10.0 Build 262 08/18/2010 Service Pack 1 SJ Full Version


---------------------
; Table of Contents ;
---------------------
  1. Legal Notice
  2. Classic Timing Analyzer Deprecation
  3. Timing Analyzer Summary
  4. Timing Analyzer Settings
  5. Clock Settings Summary
  6. Parallel Compilation
  7. Clock Setup: 'clock_50mhz'
  8. tsu
  9. tco
 10. th
 11. Timing Analyzer Messages



----------------
; Legal Notice ;
----------------
Copyright (C) 1991-2010 Altera Corporation
Your use of Altera Corporation's design tools, logic functions 
and other software and tools, and its AMPP partner logic 
functions, and any output files from any of the foregoing 
(including device programming or simulation files), and any 
associated documentation or information are expressly subject 
to the terms and conditions of the Altera Program License 
Subscription Agreement, Altera MegaCore Function License 
Agreement, or other applicable license agreement, including, 
without limitation, that your use is for the sole purpose of 
programming logic devices manufactured by Altera and sold by 
Altera or its authorized distributors.  Please refer to the 
applicable agreement for further details.



---------------------------------------
; Classic Timing Analyzer Deprecation ;
---------------------------------------
Classic Timing Analyzer will not be available in a future release of the Quartus II software. Use the TimeQuest Timing Analyzer to run timing analysis on your design. Convert all the project settings and the timing constraints to TimeQuest Timing Analyzer equivalents.


+-----------------------------------------------------------------------------------------------------------------------------------------------------------------------------------------------------------+
; Timing Analyzer Summary                                                                                                                                                                                   ;
+------------------------------+-------+---------------+----------------------------------+---------------------------------+------------------------------------+-------------+-------------+--------------+
; Type                         ; Slack ; Required Time ; Actual Time                      ; From                            ; To                                 ; From Clock  ; To Clock    ; Failed Paths ;
+------------------------------+-------+---------------+----------------------------------+---------------------------------+------------------------------------+-------------+-------------+--------------+
; Worst-case tsu               ; N/A   ; None          ; 2.115 ns                         ; reset                           ; vga:inst2|hsync:cmp3|nline_out     ; --          ; clock_50mhz ; 0            ;
; Worst-case tco               ; N/A   ; None          ; 15.041 ns                        ; vga:inst2|rgb:cmp6|rgb_out[1]   ; vga[1]                             ; clock_50mhz ; --          ; 0            ;
; Worst-case th                ; N/A   ; None          ; 1.050 ns                         ; reset                           ; vga:inst2|vidcounter:cmp4|count[6] ; --          ; clock_50mhz ; 0            ;
; Clock Setup: 'clock_50mhz'   ; N/A   ; None          ; 177.02 MHz ( period = 5.649 ns ) ; vga:inst2|counter:cmp2|count[5] ; vga:inst2|rgb:cmp6|rgb_out[2]      ; clock_50mhz ; clock_50mhz ; 0            ;
; Total number of failed paths ;       ;               ;                                  ;                                 ;                                    ;             ;             ; 0            ;
+------------------------------+-------+---------------+----------------------------------+---------------------------------+------------------------------------+-------------+-------------+--------------+


+-----------------------------------------------------------------------------------------------------------------------------------------------------+
; Timing Analyzer Settings                                                                                                                            ;
+------------------------------------------------------------------------------------------------------+--------------------+------+----+-------------+
; Option                                                                                               ; Setting            ; From ; To ; Entity Name ;
+------------------------------------------------------------------------------------------------------+--------------------+------+----+-------------+
; Device Name                                                                                          ; EP2C20F484C7       ;      ;    ;             ;
; Timing Models                                                                                        ; Final              ;      ;    ;             ;
; Default hold multicycle                                                                              ; Same as Multicycle ;      ;    ;             ;
; Cut paths between unrelated clock domains                                                            ; On                 ;      ;    ;             ;
; Cut off read during write signal paths                                                               ; On                 ;      ;    ;             ;
; Cut off feedback from I/O pins                                                                       ; On                 ;      ;    ;             ;
; Report Combined Fast/Slow Timing                                                                     ; Off                ;      ;    ;             ;
; Ignore Clock Settings                                                                                ; Off                ;      ;    ;             ;
; Analyze latches as synchronous elements                                                              ; On                 ;      ;    ;             ;
; Enable Recovery/Removal analysis                                                                     ; Off                ;      ;    ;             ;
; Enable Clock Latency                                                                                 ; Off                ;      ;    ;             ;
; Use TimeQuest Timing Analyzer                                                                        ; Off                ;      ;    ;             ;
; Minimum Core Junction Temperature                                                                    ; 0                  ;      ;    ;             ;
; Maximum Core Junction Temperature                                                                    ; 85                 ;      ;    ;             ;
; Number of source nodes to report per destination node                                                ; 10                 ;      ;    ;             ;
; Number of destination nodes to report                                                                ; 10                 ;      ;    ;             ;
; Number of paths to report                                                                            ; 200                ;      ;    ;             ;
; Report Minimum Timing Checks                                                                         ; Off                ;      ;    ;             ;
; Use Fast Timing Models                                                                               ; Off                ;      ;    ;             ;
; Report IO Paths Separately                                                                           ; Off                ;      ;    ;             ;
; Perform Multicorner Analysis                                                                         ; On                 ;      ;    ;             ;
; Reports the worst-case path for each clock domain and analysis                                       ; Off                ;      ;    ;             ;
; Reports worst-case timing paths for each clock domain and analysis                                   ; On                 ;      ;    ;             ;
; Specifies the maximum number of worst-case timing paths to report for each clock domain and analysis ; 100                ;      ;    ;             ;
; Removes common clock path pessimism (CCPP) during slack computation                                  ; Off                ;      ;    ;             ;
+------------------------------------------------------------------------------------------------------+--------------------+------+----+-------------+


+------------------------------------------------------------------------------------------------------------------------------------------------------------------------------------+
; Clock Settings Summary                                                                                                                                                             ;
+-----------------+--------------------+----------+------------------+---------------+--------------+----------+-----------------------+---------------------+--------+--------------+
; Clock Node Name ; Clock Setting Name ; Type     ; Fmax Requirement ; Early Latency ; Late Latency ; Based on ; Multiply Base Fmax by ; Divide Base Fmax by ; Offset ; Phase offset ;
+-----------------+--------------------+----------+------------------+---------------+--------------+----------+-----------------------+---------------------+--------+--------------+
; clock_50mhz     ;                    ; User Pin ; None             ; 0.000 ns      ; 0.000 ns     ; --       ; N/A                   ; N/A                 ; N/A    ;              ;
+-----------------+--------------------+----------+------------------+---------------+--------------+----------+-----------------------+---------------------+--------+--------------+


+------------------------------------------+
; Parallel Compilation                     ;
+----------------------------+-------------+
; Processors                 ; Number      ;
+----------------------------+-------------+
; Number detected on machine ; 4           ;
; Maximum allowed            ; 4           ;
;                            ;             ;
; Average used               ; 1.00        ;
; Maximum used               ; 1           ;
;                            ;             ;
; Usage by Processor         ; % Time Used ;
;     1 processor            ; 100.0%      ;
;     2-4 processors         ;   0.0%      ;
+----------------------------+-------------+


+-----------------------------------------------------------------------------------------------------------------------------------------------------------------------------------------------------------------------------------------------------------------------------------------+
; Clock Setup: 'clock_50mhz'                                                                                                                                                                                                                                                              ;
+-----------------------------------------+-----------------------------------------------------+------------------------------------+------------------------------------+-------------+-------------+-----------------------------+---------------------------+-------------------------+
; Slack                                   ; Actual fmax (period)                                ; From                               ; To                                 ; From Clock  ; To Clock    ; Required Setup Relationship ; Required Longest P2P Time ; Actual Longest P2P Time ;
+-----------------------------------------+-----------------------------------------------------+------------------------------------+------------------------------------+-------------+-------------+-----------------------------+---------------------------+-------------------------+
; N/A                                     ; 177.02 MHz ( period = 5.649 ns )                    ; vga:inst2|counter:cmp2|count[5]    ; vga:inst2|rgb:cmp6|rgb_out[2]      ; clock_50mhz ; clock_50mhz ; None                        ; None                      ; 5.430 ns                ;
; N/A                                     ; 177.81 MHz ( period = 5.624 ns )                    ; vga:inst2|counter:cmp2|count[4]    ; vga:inst2|rgb:cmp6|rgb_out[2]      ; clock_50mhz ; clock_50mhz ; None                        ; None                      ; 5.405 ns                ;
; N/A                                     ; 183.59 MHz ( period = 5.447 ns )                    ; vga:inst2|counter:cmp2|count[5]    ; vga:inst2|rgb:cmp6|rgb_out[1]      ; clock_50mhz ; clock_50mhz ; None                        ; None                      ; 5.228 ns                ;
; N/A                                     ; 184.43 MHz ( period = 5.422 ns )                    ; vga:inst2|counter:cmp2|count[4]    ; vga:inst2|rgb:cmp6|rgb_out[1]      ; clock_50mhz ; clock_50mhz ; None                        ; None                      ; 5.203 ns                ;
; N/A                                     ; 186.05 MHz ( period = 5.375 ns )                    ; vga:inst2|counter:cmp2|count[5]    ; vga:inst2|rgb:cmp6|rgb_out[0]      ; clock_50mhz ; clock_50mhz ; None                        ; None                      ; 5.156 ns                ;
; N/A                                     ; 186.92 MHz ( period = 5.350 ns )                    ; vga:inst2|counter:cmp2|count[4]    ; vga:inst2|rgb:cmp6|rgb_out[0]      ; clock_50mhz ; clock_50mhz ; None                        ; None                      ; 5.131 ns                ;
; N/A                                     ; 187.34 MHz ( period = 5.338 ns )                    ; vga:inst2|counter:cmp2|count[3]    ; vga:inst2|rgb:cmp6|rgb_out[2]      ; clock_50mhz ; clock_50mhz ; None                        ; None                      ; 5.119 ns                ;
; N/A                                     ; 189.21 MHz ( period = 5.285 ns )                    ; vga:inst2|counter:cmp2|count[1]    ; vga:inst2|rgb:cmp6|rgb_out[2]      ; clock_50mhz ; clock_50mhz ; None                        ; None                      ; 5.066 ns                ;
; N/A                                     ; 193.12 MHz ( period = 5.178 ns )                    ; vga:inst2|vidcounter:cmp4|count[2] ; vga:inst2|vsync:cmp5|vsync_out     ; clock_50mhz ; clock_50mhz ; None                        ; None                      ; 4.066 ns                ;
; N/A                                     ; 193.12 MHz ( period = 5.178 ns )                    ; vga:inst2|vidcounter:cmp4|count[2] ; vga:inst2|vsync:cmp5|line_on_out   ; clock_50mhz ; clock_50mhz ; None                        ; None                      ; 4.066 ns                ;
; N/A                                     ; 194.25 MHz ( period = 5.148 ns )                    ; vga:inst2|counter:cmp2|count[1]    ; vga:inst2|hsync:cmp3|nline_out     ; clock_50mhz ; clock_50mhz ; None                        ; None                      ; 2.637 ns                ;
; N/A                                     ; 194.33 MHz ( period = 5.146 ns )                    ; vga:inst2|vidcounter:cmp4|count[8] ; vga:inst2|vsync:cmp5|vsync_out     ; clock_50mhz ; clock_50mhz ; None                        ; None                      ; 4.034 ns                ;
; N/A                                     ; 194.33 MHz ( period = 5.146 ns )                    ; vga:inst2|vidcounter:cmp4|count[8] ; vga:inst2|vsync:cmp5|line_on_out   ; clock_50mhz ; clock_50mhz ; None                        ; None                      ; 4.034 ns                ;
; N/A                                     ; 195.47 MHz ( period = 5.116 ns )                    ; vga:inst2|counter:cmp2|count[2]    ; vga:inst2|rgb:cmp6|rgb_out[0]      ; clock_50mhz ; clock_50mhz ; None                        ; None                      ; 4.897 ns                ;
; N/A                                     ; 195.69 MHz ( period = 5.110 ns )                    ; vga:inst2|counter:cmp2|count[3]    ; vga:inst2|rgb:cmp6|rgb_out[1]      ; clock_50mhz ; clock_50mhz ; None                        ; None                      ; 4.891 ns                ;
; N/A                                     ; 195.81 MHz ( period = 5.107 ns )                    ; vga:inst2|counter:cmp2|count[3]    ; vga:inst2|rgb:cmp6|rgb_out[0]      ; clock_50mhz ; clock_50mhz ; None                        ; None                      ; 4.888 ns                ;
; N/A                                     ; 198.26 MHz ( period = 5.044 ns )                    ; vga:inst2|vidcounter:cmp4|count[8] ; vga:inst2|rgb:cmp6|rgb_out[1]      ; clock_50mhz ; clock_50mhz ; None                        ; None                      ; 3.932 ns                ;
; N/A                                     ; 198.49 MHz ( period = 5.038 ns )                    ; vga:inst2|counter:cmp2|count[2]    ; vga:inst2|hsync:cmp3|nline_out     ; clock_50mhz ; clock_50mhz ; None                        ; None                      ; 2.527 ns                ;
; N/A                                     ; 198.97 MHz ( period = 5.026 ns )                    ; vga:inst2|vidcounter:cmp4|count[0] ; vga:inst2|vsync:cmp5|vsync_out     ; clock_50mhz ; clock_50mhz ; None                        ; None                      ; 3.914 ns                ;
; N/A                                     ; 198.97 MHz ( period = 5.026 ns )                    ; vga:inst2|vidcounter:cmp4|count[0] ; vga:inst2|vsync:cmp5|line_on_out   ; clock_50mhz ; clock_50mhz ; None                        ; None                      ; 3.914 ns                ;
; N/A                                     ; 199.04 MHz ( period = 5.024 ns )                    ; vga:inst2|vidcounter:cmp4|count[6] ; vga:inst2|vsync:cmp5|vsync_out     ; clock_50mhz ; clock_50mhz ; None                        ; None                      ; 3.912 ns                ;
; N/A                                     ; 199.04 MHz ( period = 5.024 ns )                    ; vga:inst2|vidcounter:cmp4|count[6] ; vga:inst2|vsync:cmp5|line_on_out   ; clock_50mhz ; clock_50mhz ; None                        ; None                      ; 3.912 ns                ;
; N/A                                     ; 199.08 MHz ( period = 5.023 ns )                    ; vga:inst2|vidcounter:cmp4|count[1] ; vga:inst2|vsync:cmp5|vsync_out     ; clock_50mhz ; clock_50mhz ; None                        ; None                      ; 3.911 ns                ;
; N/A                                     ; 199.08 MHz ( period = 5.023 ns )                    ; vga:inst2|vidcounter:cmp4|count[1] ; vga:inst2|vsync:cmp5|line_on_out   ; clock_50mhz ; clock_50mhz ; None                        ; None                      ; 3.911 ns                ;
; N/A                                     ; 199.32 MHz ( period = 5.017 ns )                    ; vga:inst2|counter:cmp2|count[2]    ; vga:inst2|rgb:cmp6|rgb_out[2]      ; clock_50mhz ; clock_50mhz ; None                        ; None                      ; 4.798 ns                ;
; N/A                                     ; 200.36 MHz ( period = 4.991 ns )                    ; vga:inst2|counter:cmp2|count[4]    ; vga:inst2|hsync:cmp3|nline_out     ; clock_50mhz ; clock_50mhz ; None                        ; None                      ; 2.480 ns                ;
; N/A                                     ; 202.39 MHz ( period = 4.941 ns )                    ; vga:inst2|vidcounter:cmp4|count[5] ; vga:inst2|vsync:cmp5|vsync_out     ; clock_50mhz ; clock_50mhz ; None                        ; None                      ; 3.829 ns                ;
; N/A                                     ; 202.39 MHz ( period = 4.941 ns )                    ; vga:inst2|vidcounter:cmp4|count[5] ; vga:inst2|vsync:cmp5|line_on_out   ; clock_50mhz ; clock_50mhz ; None                        ; None                      ; 3.829 ns                ;
; N/A                                     ; 202.92 MHz ( period = 4.928 ns )                    ; vga:inst2|counter:cmp2|count[1]    ; vga:inst2|rgb:cmp6|rgb_out[1]      ; clock_50mhz ; clock_50mhz ; None                        ; None                      ; 4.709 ns                ;
; N/A                                     ; 203.17 MHz ( period = 4.922 ns )                    ; vga:inst2|vidcounter:cmp4|count[6] ; vga:inst2|rgb:cmp6|rgb_out[1]      ; clock_50mhz ; clock_50mhz ; None                        ; None                      ; 3.810 ns                ;
; N/A                                     ; 203.21 MHz ( period = 4.921 ns )                    ; vga:inst2|vidcounter:cmp4|count[1] ; vga:inst2|rgb:cmp6|rgb_out[1]      ; clock_50mhz ; clock_50mhz ; None                        ; None                      ; 3.809 ns                ;
; N/A                                     ; 203.67 MHz ( period = 4.910 ns )                    ; vga:inst2|vidcounter:cmp4|count[3] ; vga:inst2|vsync:cmp5|vsync_out     ; clock_50mhz ; clock_50mhz ; None                        ; None                      ; 3.798 ns                ;
; N/A                                     ; 203.67 MHz ( period = 4.910 ns )                    ; vga:inst2|vidcounter:cmp4|count[3] ; vga:inst2|vsync:cmp5|line_on_out   ; clock_50mhz ; clock_50mhz ; None                        ; None                      ; 3.798 ns                ;
; N/A                                     ; 204.96 MHz ( period = 4.879 ns )                    ; vga:inst2|counter:cmp2|count[0]    ; vga:inst2|rgb:cmp6|rgb_out[0]      ; clock_50mhz ; clock_50mhz ; None                        ; None                      ; 4.660 ns                ;
; N/A                                     ; 205.04 MHz ( period = 4.877 ns )                    ; vga:inst2|counter:cmp2|count[5]    ; vga:inst2|hsync:cmp3|nline_out     ; clock_50mhz ; clock_50mhz ; None                        ; None                      ; 2.366 ns                ;
; N/A                                     ; 206.57 MHz ( period = 4.841 ns )                    ; vga:inst2|vidcounter:cmp4|count[7] ; vga:inst2|vsync:cmp5|vsync_out     ; clock_50mhz ; clock_50mhz ; None                        ; None                      ; 3.729 ns                ;
; N/A                                     ; 206.57 MHz ( period = 4.841 ns )                    ; vga:inst2|vidcounter:cmp4|count[7] ; vga:inst2|vsync:cmp5|line_on_out   ; clock_50mhz ; clock_50mhz ; None                        ; None                      ; 3.729 ns                ;
; N/A                                     ; 209.95 MHz ( period = 4.763 ns )                    ; vga:inst2|vidcounter:cmp4|count[2] ; vga:inst2|rgb:cmp6|rgb_out[1]      ; clock_50mhz ; clock_50mhz ; None                        ; None                      ; 3.651 ns                ;
; N/A                                     ; 210.13 MHz ( period = 4.759 ns )                    ; vga:inst2|counter:cmp2|count[0]    ; vga:inst2|hsync:cmp3|nline_out     ; clock_50mhz ; clock_50mhz ; None                        ; None                      ; 2.248 ns                ;
; N/A                                     ; 210.22 MHz ( period = 4.757 ns )                    ; vga:inst2|vidcounter:cmp4|count[9] ; vga:inst2|vsync:cmp5|vsync_out     ; clock_50mhz ; clock_50mhz ; None                        ; None                      ; 3.645 ns                ;
; N/A                                     ; 210.22 MHz ( period = 4.757 ns )                    ; vga:inst2|vidcounter:cmp4|count[9] ; vga:inst2|vsync:cmp5|line_on_out   ; clock_50mhz ; clock_50mhz ; None                        ; None                      ; 3.645 ns                ;
; N/A                                     ; 211.42 MHz ( period = 4.730 ns )                    ; vga:inst2|counter:cmp2|count[1]    ; vga:inst2|rgb:cmp6|rgb_out[0]      ; clock_50mhz ; clock_50mhz ; None                        ; None                      ; 4.511 ns                ;
; N/A                                     ; 211.46 MHz ( period = 4.729 ns )                    ; vga:inst2|counter:cmp2|count[0]    ; vga:inst2|rgb:cmp6|rgb_out[2]      ; clock_50mhz ; clock_50mhz ; None                        ; None                      ; 4.510 ns                ;
; N/A                                     ; 211.64 MHz ( period = 4.725 ns )                    ; vga:inst2|counter:cmp2|count[0]    ; vga:inst2|rgb:cmp6|rgb_out[1]      ; clock_50mhz ; clock_50mhz ; None                        ; None                      ; 4.506 ns                ;
; N/A                                     ; 212.09 MHz ( period = 4.715 ns )                    ; vga:inst2|counter:cmp2|count[2]    ; vga:inst2|rgb:cmp6|rgb_out[1]      ; clock_50mhz ; clock_50mhz ; None                        ; None                      ; 4.496 ns                ;
; N/A                                     ; 214.27 MHz ( period = 4.667 ns )                    ; vga:inst2|vidcounter:cmp4|count[5] ; vga:inst2|rgb:cmp6|rgb_out[2]      ; clock_50mhz ; clock_50mhz ; None                        ; None                      ; 3.555 ns                ;
; N/A                                     ; 214.32 MHz ( period = 4.666 ns )                    ; vga:inst2|vidcounter:cmp4|count[5] ; vga:inst2|rgb:cmp6|rgb_out[0]      ; clock_50mhz ; clock_50mhz ; None                        ; None                      ; 3.554 ns                ;
; N/A                                     ; 214.82 MHz ( period = 4.655 ns )                    ; vga:inst2|vidcounter:cmp4|count[9] ; vga:inst2|rgb:cmp6|rgb_out[1]      ; clock_50mhz ; clock_50mhz ; None                        ; None                      ; 3.543 ns                ;
; N/A                                     ; 216.87 MHz ( period = 4.611 ns )                    ; vga:inst2|vidcounter:cmp4|count[0] ; vga:inst2|rgb:cmp6|rgb_out[1]      ; clock_50mhz ; clock_50mhz ; None                        ; None                      ; 3.499 ns                ;
; N/A                                     ; 218.72 MHz ( period = 4.572 ns )                    ; vga:inst2|vidcounter:cmp4|count[5] ; vga:inst2|rgb:cmp6|rgb_out[1]      ; clock_50mhz ; clock_50mhz ; None                        ; None                      ; 3.460 ns                ;
; N/A                                     ; 218.96 MHz ( period = 4.567 ns )                    ; vga:inst2|vidcounter:cmp4|count[7] ; vga:inst2|rgb:cmp6|rgb_out[2]      ; clock_50mhz ; clock_50mhz ; None                        ; None                      ; 3.455 ns                ;
; N/A                                     ; 219.01 MHz ( period = 4.566 ns )                    ; vga:inst2|vidcounter:cmp4|count[7] ; vga:inst2|rgb:cmp6|rgb_out[0]      ; clock_50mhz ; clock_50mhz ; None                        ; None                      ; 3.454 ns                ;
; N/A                                     ; 219.73 MHz ( period = 4.551 ns )                    ; vga:inst2|vidcounter:cmp4|count[7] ; vga:inst2|rgb:cmp6|rgb_out[1]      ; clock_50mhz ; clock_50mhz ; None                        ; None                      ; 3.439 ns                ;
; N/A                                     ; 220.75 MHz ( period = 4.530 ns )                    ; vga:inst2|vidcounter:cmp4|count[8] ; vga:inst2|rgb:cmp6|rgb_out[2]      ; clock_50mhz ; clock_50mhz ; None                        ; None                      ; 3.418 ns                ;
; N/A                                     ; 220.80 MHz ( period = 4.529 ns )                    ; vga:inst2|vidcounter:cmp4|count[8] ; vga:inst2|rgb:cmp6|rgb_out[0]      ; clock_50mhz ; clock_50mhz ; None                        ; None                      ; 3.417 ns                ;
; N/A                                     ; 221.73 MHz ( period = 4.510 ns )                    ; vga:inst2|vidcounter:cmp4|count[4] ; vga:inst2|vsync:cmp5|vsync_out     ; clock_50mhz ; clock_50mhz ; None                        ; None                      ; 3.398 ns                ;
; N/A                                     ; 221.73 MHz ( period = 4.510 ns )                    ; vga:inst2|vidcounter:cmp4|count[4] ; vga:inst2|vsync:cmp5|line_on_out   ; clock_50mhz ; clock_50mhz ; None                        ; None                      ; 3.398 ns                ;
; N/A                                     ; 222.47 MHz ( period = 4.495 ns )                    ; vga:inst2|vidcounter:cmp4|count[3] ; vga:inst2|rgb:cmp6|rgb_out[1]      ; clock_50mhz ; clock_50mhz ; None                        ; None                      ; 3.383 ns                ;
; N/A                                     ; 224.42 MHz ( period = 4.456 ns )                    ; vga:inst2|counter:cmp2|count[3]    ; vga:inst2|hsync:cmp3|nline_out     ; clock_50mhz ; clock_50mhz ; None                        ; None                      ; 1.945 ns                ;
; N/A                                     ; 227.84 MHz ( period = 4.389 ns )                    ; vga:inst2|vidcounter:cmp4|count[2] ; vga:inst2|rgb:cmp6|rgb_out[2]      ; clock_50mhz ; clock_50mhz ; None                        ; None                      ; 3.277 ns                ;
; N/A                                     ; 227.89 MHz ( period = 4.388 ns )                    ; vga:inst2|vidcounter:cmp4|count[2] ; vga:inst2|rgb:cmp6|rgb_out[0]      ; clock_50mhz ; clock_50mhz ; None                        ; None                      ; 3.276 ns                ;
; N/A                                     ; 234.36 MHz ( period = 4.267 ns )                    ; vga:inst2|vidcounter:cmp4|count[6] ; vga:inst2|rgb:cmp6|rgb_out[2]      ; clock_50mhz ; clock_50mhz ; None                        ; None                      ; 3.155 ns                ;
; N/A                                     ; 234.41 MHz ( period = 4.266 ns )                    ; vga:inst2|vidcounter:cmp4|count[6] ; vga:inst2|rgb:cmp6|rgb_out[0]      ; clock_50mhz ; clock_50mhz ; None                        ; None                      ; 3.154 ns                ;
; N/A                                     ; 235.85 MHz ( period = 4.240 ns )                    ; vga:inst2|vidcounter:cmp4|count[9] ; vga:inst2|rgb:cmp6|rgb_out[2]      ; clock_50mhz ; clock_50mhz ; None                        ; None                      ; 3.128 ns                ;
; N/A                                     ; 235.90 MHz ( period = 4.239 ns )                    ; vga:inst2|vidcounter:cmp4|count[9] ; vga:inst2|rgb:cmp6|rgb_out[0]      ; clock_50mhz ; clock_50mhz ; None                        ; None                      ; 3.127 ns                ;
; N/A                                     ; 236.02 MHz ( period = 4.237 ns )                    ; vga:inst2|vidcounter:cmp4|count[0] ; vga:inst2|rgb:cmp6|rgb_out[2]      ; clock_50mhz ; clock_50mhz ; None                        ; None                      ; 3.125 ns                ;
; N/A                                     ; 236.07 MHz ( period = 4.236 ns )                    ; vga:inst2|vidcounter:cmp4|count[0] ; vga:inst2|rgb:cmp6|rgb_out[0]      ; clock_50mhz ; clock_50mhz ; None                        ; None                      ; 3.124 ns                ;
; N/A                                     ; 242.66 MHz ( period = 4.121 ns )                    ; vga:inst2|vidcounter:cmp4|count[3] ; vga:inst2|rgb:cmp6|rgb_out[2]      ; clock_50mhz ; clock_50mhz ; None                        ; None                      ; 3.009 ns                ;
; N/A                                     ; 242.72 MHz ( period = 4.120 ns )                    ; vga:inst2|vidcounter:cmp4|count[3] ; vga:inst2|rgb:cmp6|rgb_out[0]      ; clock_50mhz ; clock_50mhz ; None                        ; None                      ; 3.008 ns                ;
; N/A                                     ; 244.14 MHz ( period = 4.096 ns )                    ; vga:inst2|vidcounter:cmp4|count[1] ; vga:inst2|rgb:cmp6|rgb_out[2]      ; clock_50mhz ; clock_50mhz ; None                        ; None                      ; 2.984 ns                ;
; N/A                                     ; 244.14 MHz ( period = 4.096 ns )                    ; vga:inst2|vidcounter:cmp4|count[4] ; vga:inst2|rgb:cmp6|rgb_out[1]      ; clock_50mhz ; clock_50mhz ; None                        ; None                      ; 2.984 ns                ;
; N/A                                     ; 244.20 MHz ( period = 4.095 ns )                    ; vga:inst2|vidcounter:cmp4|count[1] ; vga:inst2|rgb:cmp6|rgb_out[0]      ; clock_50mhz ; clock_50mhz ; None                        ; None                      ; 2.983 ns                ;
; N/A                                     ; 246.31 MHz ( period = 4.060 ns )                    ; vga:inst2|hsync:cmp3|von           ; vga:inst2|rgb:cmp6|rgb_out[2]      ; clock_50mhz ; clock_50mhz ; None                        ; None                      ; 3.841 ns                ;
; N/A                                     ; 246.37 MHz ( period = 4.059 ns )                    ; vga:inst2|hsync:cmp3|von           ; vga:inst2|rgb:cmp6|rgb_out[0]      ; clock_50mhz ; clock_50mhz ; None                        ; None                      ; 3.840 ns                ;
; N/A                                     ; 257.60 MHz ( period = 3.882 ns )                    ; vga:inst2|hsync:cmp3|von           ; vga:inst2|rgb:cmp6|rgb_out[1]      ; clock_50mhz ; clock_50mhz ; None                        ; None                      ; 3.663 ns                ;
; N/A                                     ; 261.92 MHz ( period = 3.818 ns )                    ; vga:inst2|vidcounter:cmp4|count[5] ; vga:inst2|vidcounter:cmp4|count[9] ; clock_50mhz ; clock_50mhz ; None                        ; None                      ; 3.579 ns                ;
; N/A                                     ; 261.92 MHz ( period = 3.818 ns )                    ; vga:inst2|vidcounter:cmp4|count[5] ; vga:inst2|vidcounter:cmp4|count[8] ; clock_50mhz ; clock_50mhz ; None                        ; None                      ; 3.579 ns                ;
; N/A                                     ; 261.92 MHz ( period = 3.818 ns )                    ; vga:inst2|vidcounter:cmp4|count[5] ; vga:inst2|vidcounter:cmp4|count[4] ; clock_50mhz ; clock_50mhz ; None                        ; None                      ; 3.579 ns                ;
; N/A                                     ; 261.92 MHz ( period = 3.818 ns )                    ; vga:inst2|vidcounter:cmp4|count[5] ; vga:inst2|vidcounter:cmp4|count[2] ; clock_50mhz ; clock_50mhz ; None                        ; None                      ; 3.579 ns                ;
; N/A                                     ; 261.92 MHz ( period = 3.818 ns )                    ; vga:inst2|vidcounter:cmp4|count[5] ; vga:inst2|vidcounter:cmp4|count[3] ; clock_50mhz ; clock_50mhz ; None                        ; None                      ; 3.579 ns                ;
; N/A                                     ; 261.92 MHz ( period = 3.818 ns )                    ; vga:inst2|vidcounter:cmp4|count[5] ; vga:inst2|vidcounter:cmp4|count[1] ; clock_50mhz ; clock_50mhz ; None                        ; None                      ; 3.579 ns                ;
; N/A                                     ; 261.92 MHz ( period = 3.818 ns )                    ; vga:inst2|vidcounter:cmp4|count[5] ; vga:inst2|vidcounter:cmp4|count[0] ; clock_50mhz ; clock_50mhz ; None                        ; None                      ; 3.579 ns                ;
; N/A                                     ; 261.92 MHz ( period = 3.818 ns )                    ; vga:inst2|vidcounter:cmp4|count[5] ; vga:inst2|vidcounter:cmp4|count[7] ; clock_50mhz ; clock_50mhz ; None                        ; None                      ; 3.579 ns                ;
; N/A                                     ; 261.92 MHz ( period = 3.818 ns )                    ; vga:inst2|vidcounter:cmp4|count[5] ; vga:inst2|vidcounter:cmp4|count[5] ; clock_50mhz ; clock_50mhz ; None                        ; None                      ; 3.579 ns                ;
; N/A                                     ; 261.92 MHz ( period = 3.818 ns )                    ; vga:inst2|vidcounter:cmp4|count[5] ; vga:inst2|vidcounter:cmp4|count[6] ; clock_50mhz ; clock_50mhz ; None                        ; None                      ; 3.579 ns                ;
; N/A                                     ; 262.33 MHz ( period = 3.812 ns )                    ; vga:inst2|rgb:cmp6|rgb_out[0]      ; vga:inst2|rgb:cmp6|rgb_out[0]      ; clock_50mhz ; clock_50mhz ; None                        ; None                      ; 3.573 ns                ;
; N/A                                     ; 264.20 MHz ( period = 3.785 ns )                    ; vga:inst2|vidcounter:cmp4|count[4] ; vga:inst2|rgb:cmp6|rgb_out[2]      ; clock_50mhz ; clock_50mhz ; None                        ; None                      ; 2.673 ns                ;
; N/A                                     ; 264.27 MHz ( period = 3.784 ns )                    ; vga:inst2|vidcounter:cmp4|count[4] ; vga:inst2|rgb:cmp6|rgb_out[0]      ; clock_50mhz ; clock_50mhz ; None                        ; None                      ; 2.672 ns                ;
; N/A                                     ; 268.96 MHz ( period = 3.718 ns )                    ; vga:inst2|vidcounter:cmp4|count[7] ; vga:inst2|vidcounter:cmp4|count[9] ; clock_50mhz ; clock_50mhz ; None                        ; None                      ; 3.479 ns                ;
; N/A                                     ; 268.96 MHz ( period = 3.718 ns )                    ; vga:inst2|vidcounter:cmp4|count[7] ; vga:inst2|vidcounter:cmp4|count[8] ; clock_50mhz ; clock_50mhz ; None                        ; None                      ; 3.479 ns                ;
; N/A                                     ; 268.96 MHz ( period = 3.718 ns )                    ; vga:inst2|vidcounter:cmp4|count[7] ; vga:inst2|vidcounter:cmp4|count[4] ; clock_50mhz ; clock_50mhz ; None                        ; None                      ; 3.479 ns                ;
; N/A                                     ; 268.96 MHz ( period = 3.718 ns )                    ; vga:inst2|vidcounter:cmp4|count[7] ; vga:inst2|vidcounter:cmp4|count[2] ; clock_50mhz ; clock_50mhz ; None                        ; None                      ; 3.479 ns                ;
; N/A                                     ; 268.96 MHz ( period = 3.718 ns )                    ; vga:inst2|vidcounter:cmp4|count[7] ; vga:inst2|vidcounter:cmp4|count[3] ; clock_50mhz ; clock_50mhz ; None                        ; None                      ; 3.479 ns                ;
; N/A                                     ; 268.96 MHz ( period = 3.718 ns )                    ; vga:inst2|vidcounter:cmp4|count[7] ; vga:inst2|vidcounter:cmp4|count[1] ; clock_50mhz ; clock_50mhz ; None                        ; None                      ; 3.479 ns                ;
; N/A                                     ; 268.96 MHz ( period = 3.718 ns )                    ; vga:inst2|vidcounter:cmp4|count[7] ; vga:inst2|vidcounter:cmp4|count[0] ; clock_50mhz ; clock_50mhz ; None                        ; None                      ; 3.479 ns                ;
; N/A                                     ; 268.96 MHz ( period = 3.718 ns )                    ; vga:inst2|vidcounter:cmp4|count[7] ; vga:inst2|vidcounter:cmp4|count[7] ; clock_50mhz ; clock_50mhz ; None                        ; None                      ; 3.479 ns                ;
; N/A                                     ; 268.96 MHz ( period = 3.718 ns )                    ; vga:inst2|vidcounter:cmp4|count[7] ; vga:inst2|vidcounter:cmp4|count[5] ; clock_50mhz ; clock_50mhz ; None                        ; None                      ; 3.479 ns                ;
; N/A                                     ; 268.96 MHz ( period = 3.718 ns )                    ; vga:inst2|vidcounter:cmp4|count[7] ; vga:inst2|vidcounter:cmp4|count[6] ; clock_50mhz ; clock_50mhz ; None                        ; None                      ; 3.479 ns                ;
; N/A                                     ; 271.67 MHz ( period = 3.681 ns )                    ; vga:inst2|vidcounter:cmp4|count[8] ; vga:inst2|vidcounter:cmp4|count[9] ; clock_50mhz ; clock_50mhz ; None                        ; None                      ; 3.442 ns                ;
; N/A                                     ; 271.67 MHz ( period = 3.681 ns )                    ; vga:inst2|vidcounter:cmp4|count[8] ; vga:inst2|vidcounter:cmp4|count[8] ; clock_50mhz ; clock_50mhz ; None                        ; None                      ; 3.442 ns                ;
; N/A                                     ; 271.67 MHz ( period = 3.681 ns )                    ; vga:inst2|vidcounter:cmp4|count[8] ; vga:inst2|vidcounter:cmp4|count[4] ; clock_50mhz ; clock_50mhz ; None                        ; None                      ; 3.442 ns                ;
; N/A                                     ; 271.67 MHz ( period = 3.681 ns )                    ; vga:inst2|vidcounter:cmp4|count[8] ; vga:inst2|vidcounter:cmp4|count[2] ; clock_50mhz ; clock_50mhz ; None                        ; None                      ; 3.442 ns                ;
; N/A                                     ; 271.67 MHz ( period = 3.681 ns )                    ; vga:inst2|vidcounter:cmp4|count[8] ; vga:inst2|vidcounter:cmp4|count[3] ; clock_50mhz ; clock_50mhz ; None                        ; None                      ; 3.442 ns                ;
; N/A                                     ; 271.67 MHz ( period = 3.681 ns )                    ; vga:inst2|vidcounter:cmp4|count[8] ; vga:inst2|vidcounter:cmp4|count[1] ; clock_50mhz ; clock_50mhz ; None                        ; None                      ; 3.442 ns                ;
; N/A                                     ; 271.67 MHz ( period = 3.681 ns )                    ; vga:inst2|vidcounter:cmp4|count[8] ; vga:inst2|vidcounter:cmp4|count[0] ; clock_50mhz ; clock_50mhz ; None                        ; None                      ; 3.442 ns                ;
; N/A                                     ; 271.67 MHz ( period = 3.681 ns )                    ; vga:inst2|vidcounter:cmp4|count[8] ; vga:inst2|vidcounter:cmp4|count[7] ; clock_50mhz ; clock_50mhz ; None                        ; None                      ; 3.442 ns                ;
; N/A                                     ; 271.67 MHz ( period = 3.681 ns )                    ; vga:inst2|vidcounter:cmp4|count[8] ; vga:inst2|vidcounter:cmp4|count[5] ; clock_50mhz ; clock_50mhz ; None                        ; None                      ; 3.442 ns                ;
; N/A                                     ; 271.67 MHz ( period = 3.681 ns )                    ; vga:inst2|vidcounter:cmp4|count[8] ; vga:inst2|vidcounter:cmp4|count[6] ; clock_50mhz ; clock_50mhz ; None                        ; None                      ; 3.442 ns                ;
; N/A                                     ; 273.00 MHz ( period = 3.663 ns )                    ; vga:inst2|vsync:cmp5|line_on_out   ; vga:inst2|hsync:cmp3|von           ; clock_50mhz ; clock_50mhz ; None                        ; None                      ; 3.404 ns                ;
; N/A                                     ; 292.57 MHz ( period = 3.418 ns )                    ; vga:inst2|vidcounter:cmp4|count[6] ; vga:inst2|vidcounter:cmp4|count[9] ; clock_50mhz ; clock_50mhz ; None                        ; None                      ; 3.179 ns                ;
; N/A                                     ; 292.57 MHz ( period = 3.418 ns )                    ; vga:inst2|vidcounter:cmp4|count[6] ; vga:inst2|vidcounter:cmp4|count[8] ; clock_50mhz ; clock_50mhz ; None                        ; None                      ; 3.179 ns                ;
; N/A                                     ; 292.57 MHz ( period = 3.418 ns )                    ; vga:inst2|vidcounter:cmp4|count[6] ; vga:inst2|vidcounter:cmp4|count[4] ; clock_50mhz ; clock_50mhz ; None                        ; None                      ; 3.179 ns                ;
; N/A                                     ; 292.57 MHz ( period = 3.418 ns )                    ; vga:inst2|vidcounter:cmp4|count[6] ; vga:inst2|vidcounter:cmp4|count[2] ; clock_50mhz ; clock_50mhz ; None                        ; None                      ; 3.179 ns                ;
; N/A                                     ; 292.57 MHz ( period = 3.418 ns )                    ; vga:inst2|vidcounter:cmp4|count[6] ; vga:inst2|vidcounter:cmp4|count[3] ; clock_50mhz ; clock_50mhz ; None                        ; None                      ; 3.179 ns                ;
; N/A                                     ; 292.57 MHz ( period = 3.418 ns )                    ; vga:inst2|vidcounter:cmp4|count[6] ; vga:inst2|vidcounter:cmp4|count[1] ; clock_50mhz ; clock_50mhz ; None                        ; None                      ; 3.179 ns                ;
; N/A                                     ; 292.57 MHz ( period = 3.418 ns )                    ; vga:inst2|vidcounter:cmp4|count[6] ; vga:inst2|vidcounter:cmp4|count[0] ; clock_50mhz ; clock_50mhz ; None                        ; None                      ; 3.179 ns                ;
; N/A                                     ; 292.57 MHz ( period = 3.418 ns )                    ; vga:inst2|vidcounter:cmp4|count[6] ; vga:inst2|vidcounter:cmp4|count[7] ; clock_50mhz ; clock_50mhz ; None                        ; None                      ; 3.179 ns                ;
; N/A                                     ; 292.57 MHz ( period = 3.418 ns )                    ; vga:inst2|vidcounter:cmp4|count[6] ; vga:inst2|vidcounter:cmp4|count[5] ; clock_50mhz ; clock_50mhz ; None                        ; None                      ; 3.179 ns                ;
; N/A                                     ; 292.57 MHz ( period = 3.418 ns )                    ; vga:inst2|vidcounter:cmp4|count[6] ; vga:inst2|vidcounter:cmp4|count[6] ; clock_50mhz ; clock_50mhz ; None                        ; None                      ; 3.179 ns                ;
; N/A                                     ; 300.48 MHz ( period = 3.328 ns )                    ; vga:inst2|counter:cmp2|count[1]    ; vga:inst2|counter:cmp2|count[1]    ; clock_50mhz ; clock_50mhz ; None                        ; None                      ; 3.089 ns                ;
; N/A                                     ; 300.48 MHz ( period = 3.328 ns )                    ; vga:inst2|counter:cmp2|count[1]    ; vga:inst2|counter:cmp2|count[0]    ; clock_50mhz ; clock_50mhz ; None                        ; None                      ; 3.089 ns                ;
; N/A                                     ; 300.48 MHz ( period = 3.328 ns )                    ; vga:inst2|counter:cmp2|count[1]    ; vga:inst2|counter:cmp2|count[2]    ; clock_50mhz ; clock_50mhz ; None                        ; None                      ; 3.089 ns                ;
; N/A                                     ; 300.48 MHz ( period = 3.328 ns )                    ; vga:inst2|counter:cmp2|count[1]    ; vga:inst2|counter:cmp2|count[4]    ; clock_50mhz ; clock_50mhz ; None                        ; None                      ; 3.089 ns                ;
; N/A                                     ; 300.48 MHz ( period = 3.328 ns )                    ; vga:inst2|counter:cmp2|count[1]    ; vga:inst2|counter:cmp2|count[5]    ; clock_50mhz ; clock_50mhz ; None                        ; None                      ; 3.089 ns                ;
; N/A                                     ; 300.48 MHz ( period = 3.328 ns )                    ; vga:inst2|counter:cmp2|count[1]    ; vga:inst2|counter:cmp2|count[3]    ; clock_50mhz ; clock_50mhz ; None                        ; None                      ; 3.089 ns                ;
; N/A                                     ; 302.76 MHz ( period = 3.303 ns )                    ; vga:inst2|counter:cmp2|count[5]    ; vga:inst2|counter:cmp2|count[1]    ; clock_50mhz ; clock_50mhz ; None                        ; None                      ; 3.064 ns                ;
; N/A                                     ; 302.76 MHz ( period = 3.303 ns )                    ; vga:inst2|counter:cmp2|count[5]    ; vga:inst2|counter:cmp2|count[0]    ; clock_50mhz ; clock_50mhz ; None                        ; None                      ; 3.064 ns                ;
; N/A                                     ; 302.76 MHz ( period = 3.303 ns )                    ; vga:inst2|counter:cmp2|count[5]    ; vga:inst2|counter:cmp2|count[2]    ; clock_50mhz ; clock_50mhz ; None                        ; None                      ; 3.064 ns                ;
; N/A                                     ; 302.76 MHz ( period = 3.303 ns )                    ; vga:inst2|counter:cmp2|count[5]    ; vga:inst2|counter:cmp2|count[4]    ; clock_50mhz ; clock_50mhz ; None                        ; None                      ; 3.064 ns                ;
; N/A                                     ; 302.76 MHz ( period = 3.303 ns )                    ; vga:inst2|counter:cmp2|count[5]    ; vga:inst2|counter:cmp2|count[5]    ; clock_50mhz ; clock_50mhz ; None                        ; None                      ; 3.064 ns                ;
; N/A                                     ; 302.76 MHz ( period = 3.303 ns )                    ; vga:inst2|counter:cmp2|count[5]    ; vga:inst2|counter:cmp2|count[3]    ; clock_50mhz ; clock_50mhz ; None                        ; None                      ; 3.064 ns                ;
; N/A                                     ; 310.27 MHz ( period = 3.223 ns )                    ; vga:inst2|counter:cmp2|count[2]    ; vga:inst2|counter:cmp2|count[1]    ; clock_50mhz ; clock_50mhz ; None                        ; None                      ; 2.984 ns                ;
; N/A                                     ; 310.27 MHz ( period = 3.223 ns )                    ; vga:inst2|counter:cmp2|count[2]    ; vga:inst2|counter:cmp2|count[0]    ; clock_50mhz ; clock_50mhz ; None                        ; None                      ; 2.984 ns                ;
; N/A                                     ; 310.27 MHz ( period = 3.223 ns )                    ; vga:inst2|counter:cmp2|count[2]    ; vga:inst2|counter:cmp2|count[2]    ; clock_50mhz ; clock_50mhz ; None                        ; None                      ; 2.984 ns                ;
; N/A                                     ; 310.27 MHz ( period = 3.223 ns )                    ; vga:inst2|counter:cmp2|count[2]    ; vga:inst2|counter:cmp2|count[4]    ; clock_50mhz ; clock_50mhz ; None                        ; None                      ; 2.984 ns                ;
; N/A                                     ; 310.27 MHz ( period = 3.223 ns )                    ; vga:inst2|counter:cmp2|count[2]    ; vga:inst2|counter:cmp2|count[5]    ; clock_50mhz ; clock_50mhz ; None                        ; None                      ; 2.984 ns                ;
; N/A                                     ; 310.27 MHz ( period = 3.223 ns )                    ; vga:inst2|counter:cmp2|count[2]    ; vga:inst2|counter:cmp2|count[3]    ; clock_50mhz ; clock_50mhz ; None                        ; None                      ; 2.984 ns                ;
; N/A                                     ; 312.01 MHz ( period = 3.205 ns )                    ; vga:inst2|counter:cmp2|count[4]    ; vga:inst2|counter:cmp2|count[1]    ; clock_50mhz ; clock_50mhz ; None                        ; None                      ; 2.966 ns                ;
; N/A                                     ; 312.01 MHz ( period = 3.205 ns )                    ; vga:inst2|counter:cmp2|count[4]    ; vga:inst2|counter:cmp2|count[0]    ; clock_50mhz ; clock_50mhz ; None                        ; None                      ; 2.966 ns                ;
; N/A                                     ; 312.01 MHz ( period = 3.205 ns )                    ; vga:inst2|counter:cmp2|count[4]    ; vga:inst2|counter:cmp2|count[2]    ; clock_50mhz ; clock_50mhz ; None                        ; None                      ; 2.966 ns                ;
; N/A                                     ; 312.01 MHz ( period = 3.205 ns )                    ; vga:inst2|counter:cmp2|count[4]    ; vga:inst2|counter:cmp2|count[4]    ; clock_50mhz ; clock_50mhz ; None                        ; None                      ; 2.966 ns                ;
; N/A                                     ; 312.01 MHz ( period = 3.205 ns )                    ; vga:inst2|counter:cmp2|count[4]    ; vga:inst2|counter:cmp2|count[5]    ; clock_50mhz ; clock_50mhz ; None                        ; None                      ; 2.966 ns                ;
; N/A                                     ; 312.01 MHz ( period = 3.205 ns )                    ; vga:inst2|counter:cmp2|count[4]    ; vga:inst2|counter:cmp2|count[3]    ; clock_50mhz ; clock_50mhz ; None                        ; None                      ; 2.966 ns                ;
; N/A                                     ; 313.48 MHz ( period = 3.190 ns )                    ; vga:inst2|vidcounter:cmp4|count[4] ; vga:inst2|vidcounter:cmp4|count[9] ; clock_50mhz ; clock_50mhz ; None                        ; None                      ; 2.951 ns                ;
; N/A                                     ; 313.48 MHz ( period = 3.190 ns )                    ; vga:inst2|vidcounter:cmp4|count[4] ; vga:inst2|vidcounter:cmp4|count[8] ; clock_50mhz ; clock_50mhz ; None                        ; None                      ; 2.951 ns                ;
; N/A                                     ; 313.48 MHz ( period = 3.190 ns )                    ; vga:inst2|vidcounter:cmp4|count[4] ; vga:inst2|vidcounter:cmp4|count[4] ; clock_50mhz ; clock_50mhz ; None                        ; None                      ; 2.951 ns                ;
; N/A                                     ; 313.48 MHz ( period = 3.190 ns )                    ; vga:inst2|vidcounter:cmp4|count[4] ; vga:inst2|vidcounter:cmp4|count[2] ; clock_50mhz ; clock_50mhz ; None                        ; None                      ; 2.951 ns                ;
; N/A                                     ; 313.48 MHz ( period = 3.190 ns )                    ; vga:inst2|vidcounter:cmp4|count[4] ; vga:inst2|vidcounter:cmp4|count[3] ; clock_50mhz ; clock_50mhz ; None                        ; None                      ; 2.951 ns                ;
; N/A                                     ; 313.48 MHz ( period = 3.190 ns )                    ; vga:inst2|vidcounter:cmp4|count[4] ; vga:inst2|vidcounter:cmp4|count[1] ; clock_50mhz ; clock_50mhz ; None                        ; None                      ; 2.951 ns                ;
; N/A                                     ; 313.48 MHz ( period = 3.190 ns )                    ; vga:inst2|vidcounter:cmp4|count[4] ; vga:inst2|vidcounter:cmp4|count[0] ; clock_50mhz ; clock_50mhz ; None                        ; None                      ; 2.951 ns                ;
; N/A                                     ; 313.48 MHz ( period = 3.190 ns )                    ; vga:inst2|vidcounter:cmp4|count[4] ; vga:inst2|vidcounter:cmp4|count[7] ; clock_50mhz ; clock_50mhz ; None                        ; None                      ; 2.951 ns                ;
; N/A                                     ; 313.48 MHz ( period = 3.190 ns )                    ; vga:inst2|vidcounter:cmp4|count[4] ; vga:inst2|vidcounter:cmp4|count[5] ; clock_50mhz ; clock_50mhz ; None                        ; None                      ; 2.951 ns                ;
; N/A                                     ; 313.48 MHz ( period = 3.190 ns )                    ; vga:inst2|vidcounter:cmp4|count[4] ; vga:inst2|vidcounter:cmp4|count[6] ; clock_50mhz ; clock_50mhz ; None                        ; None                      ; 2.951 ns                ;
; N/A                                     ; 325.20 MHz ( period = 3.075 ns )                    ; vga:inst2|counter:cmp2|count[1]    ; vga:inst2|hsync:cmp3|hsync_out     ; clock_50mhz ; clock_50mhz ; None                        ; None                      ; 2.836 ns                ;
; N/A                                     ; 340.25 MHz ( period = 2.939 ns )                    ; vga:inst2|counter:cmp2|count[0]    ; vga:inst2|counter:cmp2|count[1]    ; clock_50mhz ; clock_50mhz ; None                        ; None                      ; 2.700 ns                ;
; N/A                                     ; 340.25 MHz ( period = 2.939 ns )                    ; vga:inst2|counter:cmp2|count[0]    ; vga:inst2|counter:cmp2|count[0]    ; clock_50mhz ; clock_50mhz ; None                        ; None                      ; 2.700 ns                ;
; N/A                                     ; 340.25 MHz ( period = 2.939 ns )                    ; vga:inst2|counter:cmp2|count[0]    ; vga:inst2|counter:cmp2|count[2]    ; clock_50mhz ; clock_50mhz ; None                        ; None                      ; 2.700 ns                ;
; N/A                                     ; 340.25 MHz ( period = 2.939 ns )                    ; vga:inst2|counter:cmp2|count[0]    ; vga:inst2|counter:cmp2|count[4]    ; clock_50mhz ; clock_50mhz ; None                        ; None                      ; 2.700 ns                ;
; N/A                                     ; 340.25 MHz ( period = 2.939 ns )                    ; vga:inst2|counter:cmp2|count[0]    ; vga:inst2|counter:cmp2|count[5]    ; clock_50mhz ; clock_50mhz ; None                        ; None                      ; 2.700 ns                ;
; N/A                                     ; 340.25 MHz ( period = 2.939 ns )                    ; vga:inst2|counter:cmp2|count[0]    ; vga:inst2|counter:cmp2|count[3]    ; clock_50mhz ; clock_50mhz ; None                        ; None                      ; 2.700 ns                ;
; N/A                                     ; 346.74 MHz ( period = 2.884 ns )                    ; vga:inst2|counter:cmp2|count[3]    ; vga:inst2|counter:cmp2|count[1]    ; clock_50mhz ; clock_50mhz ; None                        ; None                      ; 2.645 ns                ;
; N/A                                     ; 346.74 MHz ( period = 2.884 ns )                    ; vga:inst2|counter:cmp2|count[3]    ; vga:inst2|counter:cmp2|count[0]    ; clock_50mhz ; clock_50mhz ; None                        ; None                      ; 2.645 ns                ;
; N/A                                     ; 346.74 MHz ( period = 2.884 ns )                    ; vga:inst2|counter:cmp2|count[3]    ; vga:inst2|counter:cmp2|count[2]    ; clock_50mhz ; clock_50mhz ; None                        ; None                      ; 2.645 ns                ;
; N/A                                     ; 346.74 MHz ( period = 2.884 ns )                    ; vga:inst2|counter:cmp2|count[3]    ; vga:inst2|counter:cmp2|count[4]    ; clock_50mhz ; clock_50mhz ; None                        ; None                      ; 2.645 ns                ;
; N/A                                     ; 346.74 MHz ( period = 2.884 ns )                    ; vga:inst2|counter:cmp2|count[3]    ; vga:inst2|counter:cmp2|count[5]    ; clock_50mhz ; clock_50mhz ; None                        ; None                      ; 2.645 ns                ;
; N/A                                     ; 346.74 MHz ( period = 2.884 ns )                    ; vga:inst2|counter:cmp2|count[3]    ; vga:inst2|counter:cmp2|count[3]    ; clock_50mhz ; clock_50mhz ; None                        ; None                      ; 2.645 ns                ;
; N/A                                     ; 349.77 MHz ( period = 2.859 ns )                    ; vga:inst2|counter:cmp2|count[2]    ; vga:inst2|hsync:cmp3|hsync_out     ; clock_50mhz ; clock_50mhz ; None                        ; None                      ; 2.620 ns                ;
; N/A                                     ; 350.88 MHz ( period = 2.850 ns )                    ; vga:inst2|vidcounter:cmp4|count[3] ; vga:inst2|vidcounter:cmp4|count[9] ; clock_50mhz ; clock_50mhz ; None                        ; None                      ; 2.611 ns                ;
; N/A                                     ; 350.88 MHz ( period = 2.850 ns )                    ; vga:inst2|vidcounter:cmp4|count[3] ; vga:inst2|vidcounter:cmp4|count[8] ; clock_50mhz ; clock_50mhz ; None                        ; None                      ; 2.611 ns                ;
; N/A                                     ; 350.88 MHz ( period = 2.850 ns )                    ; vga:inst2|vidcounter:cmp4|count[3] ; vga:inst2|vidcounter:cmp4|count[4] ; clock_50mhz ; clock_50mhz ; None                        ; None                      ; 2.611 ns                ;
; N/A                                     ; 350.88 MHz ( period = 2.850 ns )                    ; vga:inst2|vidcounter:cmp4|count[3] ; vga:inst2|vidcounter:cmp4|count[2] ; clock_50mhz ; clock_50mhz ; None                        ; None                      ; 2.611 ns                ;
; N/A                                     ; 350.88 MHz ( period = 2.850 ns )                    ; vga:inst2|vidcounter:cmp4|count[3] ; vga:inst2|vidcounter:cmp4|count[3] ; clock_50mhz ; clock_50mhz ; None                        ; None                      ; 2.611 ns                ;
; N/A                                     ; 350.88 MHz ( period = 2.850 ns )                    ; vga:inst2|vidcounter:cmp4|count[3] ; vga:inst2|vidcounter:cmp4|count[1] ; clock_50mhz ; clock_50mhz ; None                        ; None                      ; 2.611 ns                ;
; N/A                                     ; 350.88 MHz ( period = 2.850 ns )                    ; vga:inst2|vidcounter:cmp4|count[3] ; vga:inst2|vidcounter:cmp4|count[0] ; clock_50mhz ; clock_50mhz ; None                        ; None                      ; 2.611 ns                ;
; N/A                                     ; 350.88 MHz ( period = 2.850 ns )                    ; vga:inst2|vidcounter:cmp4|count[3] ; vga:inst2|vidcounter:cmp4|count[7] ; clock_50mhz ; clock_50mhz ; None                        ; None                      ; 2.611 ns                ;
; N/A                                     ; 350.88 MHz ( period = 2.850 ns )                    ; vga:inst2|vidcounter:cmp4|count[3] ; vga:inst2|vidcounter:cmp4|count[5] ; clock_50mhz ; clock_50mhz ; None                        ; None                      ; 2.611 ns                ;
; N/A                                     ; 350.88 MHz ( period = 2.850 ns )                    ; vga:inst2|vidcounter:cmp4|count[3] ; vga:inst2|vidcounter:cmp4|count[6] ; clock_50mhz ; clock_50mhz ; None                        ; None                      ; 2.611 ns                ;
; N/A                                     ; 361.53 MHz ( period = 2.766 ns )                    ; vga:inst2|counter:cmp2|count[4]    ; vga:inst2|hsync:cmp3|hsync_out     ; clock_50mhz ; clock_50mhz ; None                        ; None                      ; 2.527 ns                ;
; N/A                                     ; 372.02 MHz ( period = 2.688 ns )                    ; vga:inst2|deler:cmp1|cnt[0]        ; vga:inst2|deler:cmp1|deler_out     ; clock_50mhz ; clock_50mhz ; None                        ; None                      ; 0.917 ns                ;
; N/A                                     ; 372.58 MHz ( period = 2.684 ns )                    ; vga:inst2|counter:cmp2|count[5]    ; vga:inst2|hsync:cmp3|hsync_out     ; clock_50mhz ; clock_50mhz ; None                        ; None                      ; 2.445 ns                ;
; N/A                                     ; 373.13 MHz ( period = 2.680 ns )                    ; vga:inst2|vidcounter:cmp4|count[2] ; vga:inst2|vidcounter:cmp4|count[9] ; clock_50mhz ; clock_50mhz ; None                        ; None                      ; 2.441 ns                ;
; N/A                                     ; 373.13 MHz ( period = 2.680 ns )                    ; vga:inst2|vidcounter:cmp4|count[2] ; vga:inst2|vidcounter:cmp4|count[8] ; clock_50mhz ; clock_50mhz ; None                        ; None                      ; 2.441 ns                ;
; N/A                                     ; 373.13 MHz ( period = 2.680 ns )                    ; vga:inst2|vidcounter:cmp4|count[2] ; vga:inst2|vidcounter:cmp4|count[4] ; clock_50mhz ; clock_50mhz ; None                        ; None                      ; 2.441 ns                ;
; N/A                                     ; 373.13 MHz ( period = 2.680 ns )                    ; vga:inst2|vidcounter:cmp4|count[2] ; vga:inst2|vidcounter:cmp4|count[2] ; clock_50mhz ; clock_50mhz ; None                        ; None                      ; 2.441 ns                ;
; N/A                                     ; 373.13 MHz ( period = 2.680 ns )                    ; vga:inst2|vidcounter:cmp4|count[2] ; vga:inst2|vidcounter:cmp4|count[3] ; clock_50mhz ; clock_50mhz ; None                        ; None                      ; 2.441 ns                ;
; N/A                                     ; 373.13 MHz ( period = 2.680 ns )                    ; vga:inst2|vidcounter:cmp4|count[2] ; vga:inst2|vidcounter:cmp4|count[1] ; clock_50mhz ; clock_50mhz ; None                        ; None                      ; 2.441 ns                ;
; N/A                                     ; 373.13 MHz ( period = 2.680 ns )                    ; vga:inst2|vidcounter:cmp4|count[2] ; vga:inst2|vidcounter:cmp4|count[0] ; clock_50mhz ; clock_50mhz ; None                        ; None                      ; 2.441 ns                ;
; N/A                                     ; 373.13 MHz ( period = 2.680 ns )                    ; vga:inst2|vidcounter:cmp4|count[2] ; vga:inst2|vidcounter:cmp4|count[7] ; clock_50mhz ; clock_50mhz ; None                        ; None                      ; 2.441 ns                ;
; N/A                                     ; 373.13 MHz ( period = 2.680 ns )                    ; vga:inst2|vidcounter:cmp4|count[2] ; vga:inst2|vidcounter:cmp4|count[5] ; clock_50mhz ; clock_50mhz ; None                        ; None                      ; 2.441 ns                ;
; N/A                                     ; 373.13 MHz ( period = 2.680 ns )                    ; vga:inst2|vidcounter:cmp4|count[2] ; vga:inst2|vidcounter:cmp4|count[6] ; clock_50mhz ; clock_50mhz ; None                        ; None                      ; 2.441 ns                ;
; N/A                                     ; 376.51 MHz ( period = 2.656 ns )                    ; vga:inst2|rgb:cmp6|rgb_out[2]      ; vga:inst2|rgb:cmp6|rgb_out[2]      ; clock_50mhz ; clock_50mhz ; None                        ; None                      ; 2.417 ns                ;
; N/A                                     ; 377.07 MHz ( period = 2.652 ns )                    ; vga:inst2|counter:cmp2|count[3]    ; vga:inst2|hsync:cmp3|hsync_out     ; clock_50mhz ; clock_50mhz ; None                        ; None                      ; 2.413 ns                ;
; N/A                                     ; Restricted to 380.08 MHz ( period = 2.631 ns )      ; vga:inst2|deler:cmp1|cnt[2]        ; vga:inst2|deler:cmp1|deler_out     ; clock_50mhz ; clock_50mhz ; None                        ; None                      ; 0.784 ns                ;
; N/A                                     ; Restricted to 380.08 MHz ( period = 2.631 ns )      ; vga:inst2|counter:cmp2|count[5]    ; vga:inst2|hsync:cmp3|von           ; clock_50mhz ; clock_50mhz ; None                        ; None                      ; 2.306 ns                ;
; N/A                                     ; Restricted to 380.08 MHz ( period = 2.631 ns )      ; vga:inst2|counter:cmp2|count[0]    ; vga:inst2|hsync:cmp3|hsync_out     ; clock_50mhz ; clock_50mhz ; None                        ; None                      ; 2.261 ns                ;
; N/A                                     ; Restricted to 380.08 MHz ( period = 2.631 ns )      ; vga:inst2|vidcounter:cmp4|count[0] ; vga:inst2|vidcounter:cmp4|count[9] ; clock_50mhz ; clock_50mhz ; None                        ; None                      ; 2.226 ns                ;
; N/A                                     ; Restricted to 380.08 MHz ( period = 2.631 ns )      ; vga:inst2|vidcounter:cmp4|count[1] ; vga:inst2|vidcounter:cmp4|count[1] ; clock_50mhz ; clock_50mhz ; None                        ; None                      ; 2.195 ns                ;
; N/A                                     ; Restricted to 380.08 MHz ( period = 2.631 ns )      ; vga:inst2|vidcounter:cmp4|count[1] ; vga:inst2|vidcounter:cmp4|count[0] ; clock_50mhz ; clock_50mhz ; None                        ; None                      ; 2.195 ns                ;
; N/A                                     ; Restricted to 380.08 MHz ( period = 2.631 ns )      ; vga:inst2|vidcounter:cmp4|count[1] ; vga:inst2|vidcounter:cmp4|count[7] ; clock_50mhz ; clock_50mhz ; None                        ; None                      ; 2.195 ns                ;
; N/A                                     ; Restricted to 380.08 MHz ( period = 2.631 ns )      ; vga:inst2|vidcounter:cmp4|count[1] ; vga:inst2|vidcounter:cmp4|count[5] ; clock_50mhz ; clock_50mhz ; None                        ; None                      ; 2.195 ns                ;
; Timing analysis restricted to 200 rows. ; To change the limit use Settings (Assignments menu) ;                                    ;                                    ;             ;             ;                             ;                           ;                         ;
+-----------------------------------------+-----------------------------------------------------+------------------------------------+------------------------------------+-------------+-------------+-----------------------------+---------------------------+-------------------------+


+----------------------------------------------------------------------------------------------+
; tsu                                                                                          ;
+-------+--------------+------------+-------+------------------------------------+-------------+
; Slack ; Required tsu ; Actual tsu ; From  ; To                                 ; To Clock    ;
+-------+--------------+------------+-------+------------------------------------+-------------+
; N/A   ; None         ; 2.115 ns   ; reset ; vga:inst2|hsync:cmp3|nline_out     ; clock_50mhz ;
; N/A   ; None         ; 1.235 ns   ; reset ; vga:inst2|vsync:cmp5|vsync_out     ; clock_50mhz ;
; N/A   ; None         ; 1.235 ns   ; reset ; vga:inst2|vsync:cmp5|line_on_out   ; clock_50mhz ;
; N/A   ; None         ; -0.213 ns  ; reset ; vga:inst2|hsync:cmp3|hsync_out     ; clock_50mhz ;
; N/A   ; None         ; -0.421 ns  ; reset ; vga:inst2|counter:cmp2|count[1]    ; clock_50mhz ;
; N/A   ; None         ; -0.421 ns  ; reset ; vga:inst2|counter:cmp2|count[0]    ; clock_50mhz ;
; N/A   ; None         ; -0.421 ns  ; reset ; vga:inst2|counter:cmp2|count[2]    ; clock_50mhz ;
; N/A   ; None         ; -0.421 ns  ; reset ; vga:inst2|counter:cmp2|count[4]    ; clock_50mhz ;
; N/A   ; None         ; -0.421 ns  ; reset ; vga:inst2|counter:cmp2|count[5]    ; clock_50mhz ;
; N/A   ; None         ; -0.421 ns  ; reset ; vga:inst2|counter:cmp2|count[3]    ; clock_50mhz ;
; N/A   ; None         ; -0.570 ns  ; reset ; vga:inst2|hsync:cmp3|von           ; clock_50mhz ;
; N/A   ; None         ; -0.802 ns  ; reset ; vga:inst2|vidcounter:cmp4|count[9] ; clock_50mhz ;
; N/A   ; None         ; -0.802 ns  ; reset ; vga:inst2|vidcounter:cmp4|count[8] ; clock_50mhz ;
; N/A   ; None         ; -0.802 ns  ; reset ; vga:inst2|vidcounter:cmp4|count[4] ; clock_50mhz ;
; N/A   ; None         ; -0.802 ns  ; reset ; vga:inst2|vidcounter:cmp4|count[2] ; clock_50mhz ;
; N/A   ; None         ; -0.802 ns  ; reset ; vga:inst2|vidcounter:cmp4|count[3] ; clock_50mhz ;
; N/A   ; None         ; -0.802 ns  ; reset ; vga:inst2|vidcounter:cmp4|count[1] ; clock_50mhz ;
; N/A   ; None         ; -0.802 ns  ; reset ; vga:inst2|vidcounter:cmp4|count[0] ; clock_50mhz ;
; N/A   ; None         ; -0.802 ns  ; reset ; vga:inst2|vidcounter:cmp4|count[7] ; clock_50mhz ;
; N/A   ; None         ; -0.802 ns  ; reset ; vga:inst2|vidcounter:cmp4|count[5] ; clock_50mhz ;
; N/A   ; None         ; -0.802 ns  ; reset ; vga:inst2|vidcounter:cmp4|count[6] ; clock_50mhz ;
+-------+--------------+------------+-------+------------------------------------+-------------+


+----------------------------------------------------------------------------------------------+
; tco                                                                                          ;
+-------+--------------+------------+--------------------------------+-----------+-------------+
; Slack ; Required tco ; Actual tco ; From                           ; To        ; From Clock  ;
+-------+--------------+------------+--------------------------------+-----------+-------------+
; N/A   ; None         ; 15.041 ns  ; vga:inst2|rgb:cmp6|rgb_out[1]  ; vga[1]    ; clock_50mhz ;
; N/A   ; None         ; 14.877 ns  ; vga:inst2|rgb:cmp6|rgb_out[2]  ; vga[2]    ; clock_50mhz ;
; N/A   ; None         ; 14.262 ns  ; vga:inst2|rgb:cmp6|rgb_out[0]  ; vga[0]    ; clock_50mhz ;
; N/A   ; None         ; 14.034 ns  ; vga:inst2|vsync:cmp5|vsync_out ; vga_vsync ; clock_50mhz ;
; N/A   ; None         ; 13.637 ns  ; vga:inst2|hsync:cmp3|hsync_out ; vga_hsync ; clock_50mhz ;
+-------+--------------+------------+--------------------------------+-----------+-------------+


+----------------------------------------------------------------------------------------------------+
; th                                                                                                 ;
+---------------+-------------+-----------+-------+------------------------------------+-------------+
; Minimum Slack ; Required th ; Actual th ; From  ; To                                 ; To Clock    ;
+---------------+-------------+-----------+-------+------------------------------------+-------------+
; N/A           ; None        ; 1.050 ns  ; reset ; vga:inst2|vidcounter:cmp4|count[9] ; clock_50mhz ;
; N/A           ; None        ; 1.050 ns  ; reset ; vga:inst2|vidcounter:cmp4|count[8] ; clock_50mhz ;
; N/A           ; None        ; 1.050 ns  ; reset ; vga:inst2|vidcounter:cmp4|count[4] ; clock_50mhz ;
; N/A           ; None        ; 1.050 ns  ; reset ; vga:inst2|vidcounter:cmp4|count[2] ; clock_50mhz ;
; N/A           ; None        ; 1.050 ns  ; reset ; vga:inst2|vidcounter:cmp4|count[3] ; clock_50mhz ;
; N/A           ; None        ; 1.050 ns  ; reset ; vga:inst2|vidcounter:cmp4|count[1] ; clock_50mhz ;
; N/A           ; None        ; 1.050 ns  ; reset ; vga:inst2|vidcounter:cmp4|count[0] ; clock_50mhz ;
; N/A           ; None        ; 1.050 ns  ; reset ; vga:inst2|vidcounter:cmp4|count[7] ; clock_50mhz ;
; N/A           ; None        ; 1.050 ns  ; reset ; vga:inst2|vidcounter:cmp4|count[5] ; clock_50mhz ;
; N/A           ; None        ; 1.050 ns  ; reset ; vga:inst2|vidcounter:cmp4|count[6] ; clock_50mhz ;
; N/A           ; None        ; 0.818 ns  ; reset ; vga:inst2|hsync:cmp3|von           ; clock_50mhz ;
; N/A           ; None        ; 0.753 ns  ; reset ; vga:inst2|hsync:cmp3|hsync_out     ; clock_50mhz ;
; N/A           ; None        ; 0.669 ns  ; reset ; vga:inst2|counter:cmp2|count[1]    ; clock_50mhz ;
; N/A           ; None        ; 0.669 ns  ; reset ; vga:inst2|counter:cmp2|count[0]    ; clock_50mhz ;
; N/A           ; None        ; 0.669 ns  ; reset ; vga:inst2|counter:cmp2|count[2]    ; clock_50mhz ;
; N/A           ; None        ; 0.669 ns  ; reset ; vga:inst2|counter:cmp2|count[4]    ; clock_50mhz ;
; N/A           ; None        ; 0.669 ns  ; reset ; vga:inst2|counter:cmp2|count[5]    ; clock_50mhz ;
; N/A           ; None        ; 0.669 ns  ; reset ; vga:inst2|counter:cmp2|count[3]    ; clock_50mhz ;
; N/A           ; None        ; 0.581 ns  ; reset ; vga:inst2|vsync:cmp5|vsync_out     ; clock_50mhz ;
; N/A           ; None        ; -0.043 ns ; reset ; vga:inst2|vsync:cmp5|line_on_out   ; clock_50mhz ;
; N/A           ; None        ; -1.461 ns ; reset ; vga:inst2|hsync:cmp3|nline_out     ; clock_50mhz ;
+---------------+-------------+-----------+-------+------------------------------------+-------------+


+--------------------------+
; Timing Analyzer Messages ;
+--------------------------+
Info: *******************************************************************
Info: Running Quartus II Classic Timing Analyzer
    Info: Version 10.0 Build 262 08/18/2010 Service Pack 1 SJ Full Version
    Info: Processing started: Thu Dec 11 12:27:49 2014
Info: Command: quartus_tan --read_settings_files=off --write_settings_files=off de1 -c top_de1 --timing_analysis_only
Warning: Classic Timing Analyzer will not be available in a future release of the Quartus II software. Use the TimeQuest Timing Analyzer to run timing analysis on your design. Convert all the project settings and the timing constraints to TimeQuest Timing Analyzer equivalents.
Info: Parallel compilation is enabled and will use 4 of the 4 processors detected
Warning: Found pins functioning as undefined clocks and/or memory enables
    Info: Assuming node "clock_50mhz" is an undefined clock
Warning: Found 3 node(s) in clock paths which may be acting as ripple and/or gated clocks -- node(s) analyzed as buffer(s) resulting in clock skew
    Info: Detected ripple clock "vga:inst2|hsync:cmp3|nline_out" as buffer
    Info: Detected ripple clock "gen6mhz:inst1|count[2]" as buffer
    Info: Detected ripple clock "vga:inst2|deler:cmp1|deler_out" as buffer
Info: Clock "clock_50mhz" has Internal fmax of 177.02 MHz between source register "vga:inst2|counter:cmp2|count[5]" and destination register "vga:inst2|rgb:cmp6|rgb_out[2]" (period= 5.649 ns)
    Info: + Longest register to register delay is 5.430 ns
        Info: 1: + IC(0.000 ns) + CELL(0.000 ns) = 0.000 ns; Loc. = LCFF_X24_Y19_N13; Fanout = 9; REG Node = 'vga:inst2|counter:cmp2|count[5]'
        Info: 2: + IC(2.254 ns) + CELL(0.461 ns) = 2.715 ns; Loc. = LCCOMB_X37_Y25_N20; Fanout = 5; COMB Node = 'vga:inst2|rgb:cmp6|Equal7~0'
        Info: 3: + IC(0.334 ns) + CELL(0.322 ns) = 3.371 ns; Loc. = LCCOMB_X37_Y25_N30; Fanout = 1; COMB Node = 'vga:inst2|rgb:cmp6|rgb_out~2'
        Info: 4: + IC(0.478 ns) + CELL(0.513 ns) = 4.362 ns; Loc. = LCCOMB_X38_Y25_N24; Fanout = 1; COMB Node = 'vga:inst2|rgb:cmp6|rgb_out~4'
        Info: 5: + IC(0.794 ns) + CELL(0.178 ns) = 5.334 ns; Loc. = LCCOMB_X35_Y25_N10; Fanout = 1; COMB Node = 'vga:inst2|rgb:cmp6|rgb_out~6'
        Info: 6: + IC(0.000 ns) + CELL(0.096 ns) = 5.430 ns; Loc. = LCFF_X35_Y25_N11; Fanout = 2; REG Node = 'vga:inst2|rgb:cmp6|rgb_out[2]'
        Info: Total cell delay = 1.570 ns ( 28.91 % )
        Info: Total interconnect delay = 3.860 ns ( 71.09 % )
    Info: - Smallest clock skew is 0.020 ns
        Info: + Shortest clock path from clock "clock_50mhz" to destination register is 9.165 ns
            Info: 1: + IC(0.000 ns) + CELL(1.026 ns) = 1.026 ns; Loc. = PIN_L1; Fanout = 2; CLK Node = 'clock_50mhz'
            Info: 2: + IC(1.148 ns) + CELL(0.879 ns) = 3.053 ns; Loc. = LCFF_X11_Y14_N5; Fanout = 3; REG Node = 'gen6mhz:inst1|count[2]'
            Info: 3: + IC(1.513 ns) + CELL(0.879 ns) = 5.445 ns; Loc. = LCFF_X19_Y18_N1; Fanout = 2; REG Node = 'vga:inst2|deler:cmp1|deler_out'
            Info: 4: + IC(2.125 ns) + CELL(0.000 ns) = 7.570 ns; Loc. = CLKCTRL_G10; Fanout = 13; COMB Node = 'vga:inst2|deler:cmp1|deler_out~clkctrl'
            Info: 5: + IC(0.993 ns) + CELL(0.602 ns) = 9.165 ns; Loc. = LCFF_X35_Y25_N11; Fanout = 2; REG Node = 'vga:inst2|rgb:cmp6|rgb_out[2]'
            Info: Total cell delay = 3.386 ns ( 36.94 % )
            Info: Total interconnect delay = 5.779 ns ( 63.06 % )
        Info: - Longest clock path from clock "clock_50mhz" to source register is 9.145 ns
            Info: 1: + IC(0.000 ns) + CELL(1.026 ns) = 1.026 ns; Loc. = PIN_L1; Fanout = 2; CLK Node = 'clock_50mhz'
            Info: 2: + IC(1.148 ns) + CELL(0.879 ns) = 3.053 ns; Loc. = LCFF_X11_Y14_N5; Fanout = 3; REG Node = 'gen6mhz:inst1|count[2]'
            Info: 3: + IC(1.513 ns) + CELL(0.879 ns) = 5.445 ns; Loc. = LCFF_X19_Y18_N1; Fanout = 2; REG Node = 'vga:inst2|deler:cmp1|deler_out'
            Info: 4: + IC(2.125 ns) + CELL(0.000 ns) = 7.570 ns; Loc. = CLKCTRL_G10; Fanout = 13; COMB Node = 'vga:inst2|deler:cmp1|deler_out~clkctrl'
            Info: 5: + IC(0.973 ns) + CELL(0.602 ns) = 9.145 ns; Loc. = LCFF_X24_Y19_N13; Fanout = 9; REG Node = 'vga:inst2|counter:cmp2|count[5]'
            Info: Total cell delay = 3.386 ns ( 37.03 % )
            Info: Total interconnect delay = 5.759 ns ( 62.97 % )
    Info: + Micro clock to output delay of source is 0.277 ns
    Info: + Micro setup delay of destination is -0.038 ns
Info: tsu for register "vga:inst2|hsync:cmp3|nline_out" (data pin = "reset", clock pin = "clock_50mhz") is 2.115 ns
    Info: + Longest pin to register delay is 9.026 ns
        Info: 1: + IC(0.000 ns) + CELL(0.864 ns) = 0.864 ns; Loc. = PIN_R22; Fanout = 6; PIN Node = 'reset'
        Info: 2: + IC(6.709 ns) + CELL(0.521 ns) = 8.094 ns; Loc. = LCCOMB_X23_Y19_N28; Fanout = 2; COMB Node = 'vga:inst2|hsync:cmp3|nline_out~0'
        Info: 3: + IC(0.315 ns) + CELL(0.521 ns) = 8.930 ns; Loc. = LCCOMB_X23_Y19_N16; Fanout = 1; COMB Node = 'vga:inst2|hsync:cmp3|nline_out~1'
        Info: 4: + IC(0.000 ns) + CELL(0.096 ns) = 9.026 ns; Loc. = LCFF_X23_Y19_N17; Fanout = 2; REG Node = 'vga:inst2|hsync:cmp3|nline_out'
        Info: Total cell delay = 2.002 ns ( 22.18 % )
        Info: Total interconnect delay = 7.024 ns ( 77.82 % )
    Info: + Micro setup delay of destination is -0.038 ns
    Info: - Shortest clock path from clock "clock_50mhz" to destination register is 6.873 ns
        Info: 1: + IC(0.000 ns) + CELL(1.026 ns) = 1.026 ns; Loc. = PIN_L1; Fanout = 2; CLK Node = 'clock_50mhz'
        Info: 2: + IC(1.148 ns) + CELL(0.879 ns) = 3.053 ns; Loc. = LCFF_X11_Y14_N5; Fanout = 3; REG Node = 'gen6mhz:inst1|count[2]'
        Info: 3: + IC(1.513 ns) + CELL(0.879 ns) = 5.445 ns; Loc. = LCFF_X19_Y18_N1; Fanout = 2; REG Node = 'vga:inst2|deler:cmp1|deler_out'
        Info: 4: + IC(0.826 ns) + CELL(0.602 ns) = 6.873 ns; Loc. = LCFF_X23_Y19_N17; Fanout = 2; REG Node = 'vga:inst2|hsync:cmp3|nline_out'
        Info: Total cell delay = 3.386 ns ( 49.27 % )
        Info: Total interconnect delay = 3.487 ns ( 50.73 % )
Info: tco from clock "clock_50mhz" to destination pin "vga[1]" through register "vga:inst2|rgb:cmp6|rgb_out[1]" is 15.041 ns
    Info: + Longest clock path from clock "clock_50mhz" to source register is 9.165 ns
        Info: 1: + IC(0.000 ns) + CELL(1.026 ns) = 1.026 ns; Loc. = PIN_L1; Fanout = 2; CLK Node = 'clock_50mhz'
        Info: 2: + IC(1.148 ns) + CELL(0.879 ns) = 3.053 ns; Loc. = LCFF_X11_Y14_N5; Fanout = 3; REG Node = 'gen6mhz:inst1|count[2]'
        Info: 3: + IC(1.513 ns) + CELL(0.879 ns) = 5.445 ns; Loc. = LCFF_X19_Y18_N1; Fanout = 2; REG Node = 'vga:inst2|deler:cmp1|deler_out'
        Info: 4: + IC(2.125 ns) + CELL(0.000 ns) = 7.570 ns; Loc. = CLKCTRL_G10; Fanout = 13; COMB Node = 'vga:inst2|deler:cmp1|deler_out~clkctrl'
        Info: 5: + IC(0.993 ns) + CELL(0.602 ns) = 9.165 ns; Loc. = LCFF_X37_Y25_N9; Fanout = 2; REG Node = 'vga:inst2|rgb:cmp6|rgb_out[1]'
        Info: Total cell delay = 3.386 ns ( 36.94 % )
        Info: Total interconnect delay = 5.779 ns ( 63.06 % )
    Info: + Micro clock to output delay of source is 0.277 ns
    Info: + Longest register to pin delay is 5.599 ns
        Info: 1: + IC(0.000 ns) + CELL(0.000 ns) = 0.000 ns; Loc. = LCFF_X37_Y25_N9; Fanout = 2; REG Node = 'vga:inst2|rgb:cmp6|rgb_out[1]'
        Info: 2: + IC(2.593 ns) + CELL(3.006 ns) = 5.599 ns; Loc. = PIN_A8; Fanout = 0; PIN Node = 'vga[1]'
        Info: Total cell delay = 3.006 ns ( 53.69 % )
        Info: Total interconnect delay = 2.593 ns ( 46.31 % )
Info: th for register "vga:inst2|vidcounter:cmp4|count[9]" (data pin = "reset", clock pin = "clock_50mhz") is 1.050 ns
    Info: + Longest clock path from clock "clock_50mhz" to destination register is 10.038 ns
        Info: 1: + IC(0.000 ns) + CELL(1.026 ns) = 1.026 ns; Loc. = PIN_L1; Fanout = 2; CLK Node = 'clock_50mhz'
        Info: 2: + IC(1.148 ns) + CELL(0.879 ns) = 3.053 ns; Loc. = LCFF_X11_Y14_N5; Fanout = 3; REG Node = 'gen6mhz:inst1|count[2]'
        Info: 3: + IC(1.513 ns) + CELL(0.879 ns) = 5.445 ns; Loc. = LCFF_X19_Y18_N1; Fanout = 2; REG Node = 'vga:inst2|deler:cmp1|deler_out'
        Info: 4: + IC(0.826 ns) + CELL(0.879 ns) = 7.150 ns; Loc. = LCFF_X23_Y19_N17; Fanout = 2; REG Node = 'vga:inst2|hsync:cmp3|nline_out'
        Info: 5: + IC(1.294 ns) + CELL(0.000 ns) = 8.444 ns; Loc. = CLKCTRL_G11; Fanout = 10; COMB Node = 'vga:inst2|hsync:cmp3|nline_out~clkctrl'
        Info: 6: + IC(0.992 ns) + CELL(0.602 ns) = 10.038 ns; Loc. = LCFF_X34_Y25_N25; Fanout = 5; REG Node = 'vga:inst2|vidcounter:cmp4|count[9]'
        Info: Total cell delay = 4.265 ns ( 42.49 % )
        Info: Total interconnect delay = 5.773 ns ( 57.51 % )
    Info: + Micro hold delay of destination is 0.286 ns
    Info: - Shortest pin to register delay is 9.274 ns
        Info: 1: + IC(0.000 ns) + CELL(0.864 ns) = 0.864 ns; Loc. = PIN_R22; Fanout = 6; PIN Node = 'reset'
        Info: 2: + IC(7.057 ns) + CELL(0.513 ns) = 8.434 ns; Loc. = LCCOMB_X34_Y25_N30; Fanout = 10; COMB Node = 'vga:inst2|vidcounter:cmp4|count[0]~32'
        Info: 3: + IC(0.260 ns) + CELL(0.580 ns) = 9.274 ns; Loc. = LCFF_X34_Y25_N25; Fanout = 5; REG Node = 'vga:inst2|vidcounter:cmp4|count[9]'
        Info: Total cell delay = 1.957 ns ( 21.10 % )
        Info: Total interconnect delay = 7.317 ns ( 78.90 % )
Info: Quartus II Classic Timing Analyzer was successful. 0 errors, 3 warnings
    Info: Peak virtual memory: 190 megabytes
    Info: Processing ended: Thu Dec 11 12:27:51 2014
    Info: Elapsed time: 00:00:02
    Info: Total CPU time (on all processors): 00:00:00


