\BOOKMARK [0][-]{chapter.1}{Samenvatting}{}% 1
\BOOKMARK [0][-]{chapter.2}{Inleiding}{}% 2
\BOOKMARK [0][-]{chapter.3}{Probleemstelling}{}% 3
\BOOKMARK [1][-]{section.3.1}{Projectopgave: 'Ontwerp een chip'}{chapter.3}% 4
\BOOKMARK [1][-]{section.3.2}{Beschikbare infrastructuur}{chapter.3}% 5
\BOOKMARK [1][-]{section.3.3}{Functionele eisen}{chapter.3}% 6
\BOOKMARK [1][-]{section.3.4}{Randvoorwaarden}{chapter.3}% 7
\BOOKMARK [1][-]{section.3.5}{Plan van aanpak}{chapter.3}% 8
\BOOKMARK [0][-]{chapter.4}{Besturing}{}% 9
\BOOKMARK [1][-]{subsection.4.0.1}{Ultrasone}{chapter.4}% 10
\BOOKMARK [1][-]{section.4.1}{Ultrasone}{chapter.4}% 11
\BOOKMARK [1][-]{section.4.2}{Buttons}{chapter.4}% 12
\BOOKMARK [0][-]{chapter.5}{Blackbox}{}% 13
\BOOKMARK [1][-]{section.5.1}{Functionele beschrijving}{chapter.5}% 14
\BOOKMARK [1][-]{section.5.2}{Inputs en outputs}{chapter.5}% 15
\BOOKMARK [1][-]{section.5.3}{Implementatie}{chapter.5}% 16
\BOOKMARK [0][-]{chapter.6}{ALU/PC}{}% 17
\BOOKMARK [0][-]{chapter.7}{GPU}{}% 18
\BOOKMARK [0][-]{chapter.8}{VGA}{}% 19
\BOOKMARK [0][-]{chapter.9}{SPI}{}% 20
\BOOKMARK [1][-]{section.9.1}{Functionele beschrijving}{chapter.9}% 21
\BOOKMARK [1][-]{section.9.2}{Inputs en outputs}{chapter.9}% 22
\BOOKMARK [1][-]{section.9.3}{Implementatie}{chapter.9}% 23
\BOOKMARK [0][-]{chapter.10}{SD-kaart}{}% 24
\BOOKMARK [1][-]{section.10.1}{SD communicatie}{chapter.10}% 25
\BOOKMARK [1][-]{section.10.2}{SD commando's \046 responses}{chapter.10}% 26
\BOOKMARK [1][-]{section.10.3}{Functionele omschrijving}{chapter.10}% 27
\BOOKMARK [1][-]{section.10.4}{Inputs en outputs}{chapter.10}% 28
\BOOKMARK [0][-]{chapter.11}{Game: Pong}{}% 29
\BOOKMARK [0][-]{chapter.12}{Discussie}{}% 30
