Analysis & Synthesis report for top_level_cut
Tue Jan 13 01:56:57 2015
Quartus II 64-Bit Version 13.0.1 Build 232 06/12/2013 Service Pack 1 SJ Web Edition


---------------------
; Table of Contents ;
---------------------
  1. Legal Notice
  2. Analysis & Synthesis Summary
  3. Analysis & Synthesis Settings
  4. Parallel Compilation
  5. Analysis & Synthesis Messages



----------------
; Legal Notice ;
----------------
Copyright (C) 1991-2013 Altera Corporation
Your use of Altera Corporation's design tools, logic functions 
and other software and tools, and its AMPP partner logic 
functions, and any output files from any of the foregoing 
(including device programming or simulation files), and any 
associated documentation or information are expressly subject 
to the terms and conditions of the Altera Program License 
Subscription Agreement, Altera MegaCore Function License 
Agreement, or other applicable license agreement, including, 
without limitation, that your use is for the sole purpose of 
programming logic devices manufactured by Altera and sold by 
Altera or its authorized distributors.  Please refer to the 
applicable agreement for further details.



+--------------------------------------------------------------------------------------+
; Analysis & Synthesis Summary                                                         ;
+------------------------------------+-------------------------------------------------+
; Analysis & Synthesis Status        ; Failed - Tue Jan 13 01:56:57 2015               ;
; Quartus II 64-Bit Version          ; 13.0.1 Build 232 06/12/2013 SP 1 SJ Web Edition ;
; Revision Name                      ; top_level_cut                                   ;
; Top-level Entity Name              ; top_level_cut                                   ;
; Family                             ; Cyclone II                                      ;
; Total logic elements               ; N/A until Partition Merge                       ;
;     Total combinational functions  ; N/A until Partition Merge                       ;
;     Dedicated logic registers      ; N/A until Partition Merge                       ;
; Total registers                    ; N/A until Partition Merge                       ;
; Total pins                         ; N/A until Partition Merge                       ;
; Total virtual pins                 ; N/A until Partition Merge                       ;
; Total memory bits                  ; N/A until Partition Merge                       ;
; Embedded Multiplier 9-bit elements ; N/A until Partition Merge                       ;
; Total PLLs                         ; N/A until Partition Merge                       ;
+------------------------------------+-------------------------------------------------+


+----------------------------------------------------------------------------------------------------------------------+
; Analysis & Synthesis Settings                                                                                        ;
+----------------------------------------------------------------------------+--------------------+--------------------+
; Option                                                                     ; Setting            ; Default Value      ;
+----------------------------------------------------------------------------+--------------------+--------------------+
; Device                                                                     ; EP2C20F484C7       ;                    ;
; Top-level entity name                                                      ; top_level_cut      ; top_level_cut      ;
; Family name                                                                ; Cyclone II         ; Cyclone IV GX      ;
; Use smart compilation                                                      ; Off                ; Off                ;
; Enable parallel Assembler and TimeQuest Timing Analyzer during compilation ; On                 ; On                 ;
; Enable compact report table                                                ; Off                ; Off                ;
; Restructure Multiplexers                                                   ; Auto               ; Auto               ;
; Create Debugging Nodes for IP Cores                                        ; Off                ; Off                ;
; Preserve fewer node names                                                  ; On                 ; On                 ;
; Disable OpenCore Plus hardware evaluation                                  ; Off                ; Off                ;
; Verilog Version                                                            ; Verilog_2001       ; Verilog_2001       ;
; VHDL Version                                                               ; VHDL_1993          ; VHDL_1993          ;
; State Machine Processing                                                   ; Auto               ; Auto               ;
; Safe State Machine                                                         ; Off                ; Off                ;
; Extract Verilog State Machines                                             ; On                 ; On                 ;
; Extract VHDL State Machines                                                ; On                 ; On                 ;
; Ignore Verilog initial constructs                                          ; Off                ; Off                ;
; Iteration limit for constant Verilog loops                                 ; 5000               ; 5000               ;
; Iteration limit for non-constant Verilog loops                             ; 250                ; 250                ;
; Add Pass-Through Logic to Inferred RAMs                                    ; On                 ; On                 ;
; Infer RAMs from Raw Logic                                                  ; On                 ; On                 ;
; Parallel Synthesis                                                         ; On                 ; On                 ;
; DSP Block Balancing                                                        ; Auto               ; Auto               ;
; NOT Gate Push-Back                                                         ; On                 ; On                 ;
; Power-Up Don't Care                                                        ; On                 ; On                 ;
; Remove Redundant Logic Cells                                               ; Off                ; Off                ;
; Remove Duplicate Registers                                                 ; On                 ; On                 ;
; Ignore CARRY Buffers                                                       ; Off                ; Off                ;
; Ignore CASCADE Buffers                                                     ; Off                ; Off                ;
; Ignore GLOBAL Buffers                                                      ; Off                ; Off                ;
; Ignore ROW GLOBAL Buffers                                                  ; Off                ; Off                ;
; Ignore LCELL Buffers                                                       ; Off                ; Off                ;
; Ignore SOFT Buffers                                                        ; On                 ; On                 ;
; Limit AHDL Integers to 32 Bits                                             ; Off                ; Off                ;
; Optimization Technique                                                     ; Balanced           ; Balanced           ;
; Carry Chain Length                                                         ; 70                 ; 70                 ;
; Auto Carry Chains                                                          ; On                 ; On                 ;
; Auto Open-Drain Pins                                                       ; On                 ; On                 ;
; Perform WYSIWYG Primitive Resynthesis                                      ; Off                ; Off                ;
; Auto ROM Replacement                                                       ; On                 ; On                 ;
; Auto RAM Replacement                                                       ; On                 ; On                 ;
; Auto Shift Register Replacement                                            ; Auto               ; Auto               ;
; Allow Shift Register Merging across Hierarchies                            ; Auto               ; Auto               ;
; Auto Clock Enable Replacement                                              ; On                 ; On                 ;
; Strict RAM Replacement                                                     ; Off                ; Off                ;
; Allow Synchronous Control Signals                                          ; On                 ; On                 ;
; Force Use of Synchronous Clear Signals                                     ; Off                ; Off                ;
; Auto RAM to Logic Cell Conversion                                          ; Off                ; Off                ;
; Auto Resource Sharing                                                      ; Off                ; Off                ;
; Allow Any RAM Size For Recognition                                         ; Off                ; Off                ;
; Allow Any ROM Size For Recognition                                         ; Off                ; Off                ;
; Allow Any Shift Register Size For Recognition                              ; Off                ; Off                ;
; Use LogicLock Constraints during Resource Balancing                        ; On                 ; On                 ;
; Ignore translate_off and synthesis_off directives                          ; Off                ; Off                ;
; Timing-Driven Synthesis                                                    ; Off                ; Off                ;
; Report Parameter Settings                                                  ; On                 ; On                 ;
; Report Source Assignments                                                  ; On                 ; On                 ;
; Report Connectivity Checks                                                 ; On                 ; On                 ;
; Ignore Maximum Fan-Out Assignments                                         ; Off                ; Off                ;
; Synchronization Register Chain Length                                      ; 2                  ; 2                  ;
; PowerPlay Power Optimization                                               ; Normal compilation ; Normal compilation ;
; HDL message level                                                          ; Level2             ; Level2             ;
; Suppress Register Optimization Related Messages                            ; Off                ; Off                ;
; Number of Removed Registers Reported in Synthesis Report                   ; 5000               ; 5000               ;
; Number of Swept Nodes Reported in Synthesis Report                         ; 5000               ; 5000               ;
; Number of Inverted Registers Reported in Synthesis Report                  ; 100                ; 100                ;
; Clock MUX Protection                                                       ; On                 ; On                 ;
; Auto Gated Clock Conversion                                                ; Off                ; Off                ;
; Block Design Naming                                                        ; Auto               ; Auto               ;
; SDC constraint protection                                                  ; Off                ; Off                ;
; Synthesis Effort                                                           ; Auto               ; Auto               ;
; Shift Register Replacement - Allow Asynchronous Clear Signal               ; On                 ; On                 ;
; Pre-Mapping Resynthesis Optimization                                       ; Off                ; Off                ;
; Analysis & Synthesis Message Level                                         ; Medium             ; Medium             ;
; Disable Register Merging Across Hierarchies                                ; Auto               ; Auto               ;
; Resource Aware Inference For Block RAM                                     ; On                 ; On                 ;
; Synthesis Seed                                                             ; 1                  ; 1                  ;
+----------------------------------------------------------------------------+--------------------+--------------------+


Parallel compilation was disabled, but you have multiple processors available. Enable parallel compilation to reduce compilation time.
+-------------------------------------+
; Parallel Compilation                ;
+----------------------------+--------+
; Processors                 ; Number ;
+----------------------------+--------+
; Number detected on machine ; 8      ;
; Maximum allowed            ; 1      ;
+----------------------------+--------+


+-------------------------------+
; Analysis & Synthesis Messages ;
+-------------------------------+
Info: *******************************************************************
Info: Running Quartus II 64-Bit Analysis & Synthesis
    Info: Version 13.0.1 Build 232 06/12/2013 Service Pack 1 SJ Web Edition
    Info: Processing started: Tue Jan 13 01:56:55 2015
Info: Command: quartus_map --read_settings_files=on --write_settings_files=off top_level_cut -c top_level_cut
Warning (20028): Parallel compilation is not licensed and has been disabled
Info (12021): Found 2 design units, including 1 entities, in source file /users/job/epo3a5/chip/subsystems/cpu_final/cpu_toplevel.vhd
    Info (12022): Found design unit 1: cpu-behaviour
    Info (12023): Found entity 1: cpu
Info (12021): Found 2 design units, including 1 entities, in source file /users/job/epo3a5/chip/subsystems/rom/rom.vhd
    Info (12022): Found design unit 1: ROM-behavioural
    Info (12023): Found entity 1: ROM
Info (12021): Found 2 design units, including 1 entities, in source file gen6mhz.vhd
    Info (12022): Found design unit 1: gen6mhz-behaviour
    Info (12023): Found entity 1: gen6mhz
Info (12021): Found 1 design units, including 1 entities, in source file top_level_cut.bdf
    Info (12023): Found entity 1: top_level_cut
Info (12021): Found 2 design units, including 1 entities, in source file /users/job/epo3a5/chip/subsystems/spi_slave/spi_slave.vhd
    Info (12022): Found design unit 1: spi_slave-behaviour
    Info (12023): Found entity 1: spi_slave
Info (12127): Elaborating entity "top_level_cut" for the top level hierarchy
Info (12128): Elaborating entity "cpu" for hierarchy "cpu:inst1"
Warning (10036): Verilog HDL or VHDL warning at CPU_toplevel.vhd(90): object "cpu_dec_instr" assigned a value but never read
Info (12128): Elaborating entity "gen6mhz" for hierarchy "gen6mhz:inst3"
Info (12128): Elaborating entity "spi_slave" for hierarchy "spi_slave:inst"
Info (12128): Elaborating entity "ROM" for hierarchy "ROM:inst4"
Error (12006): Node instance "lbl_instrbuf" instantiates undefined entity "instr_buf" File: C:/Users/Job/epo3a5/chip/subsystems/CPU_final/CPU_toplevel.vhd Line: 109
Error (12006): Node instance "lbl_decoder" instantiates undefined entity "decoder" File: C:/Users/Job/epo3a5/chip/subsystems/CPU_final/CPU_toplevel.vhd Line: 114
Error (12006): Node instance "lbl_cpu_ibuf" instantiates undefined entity "buf_arg" File: C:/Users/Job/epo3a5/chip/subsystems/CPU_final/CPU_toplevel.vhd Line: 128
Error (12006): Node instance "lbl_cpu_pc" instantiates undefined entity "pc_counter" File: C:/Users/Job/epo3a5/chip/subsystems/CPU_final/CPU_toplevel.vhd Line: 133
Error (12006): Node instance "lbl_cpu_alu" instantiates undefined entity "alu" File: C:/Users/Job/epo3a5/chip/subsystems/CPU_final/CPU_toplevel.vhd Line: 141
Error (12006): Node instance "lbl_cpu_reg_A" instantiates undefined entity "reg_A" File: C:/Users/Job/epo3a5/chip/subsystems/CPU_final/CPU_toplevel.vhd Line: 150
Error (12006): Node instance "lbl_cpu_buf_A" instantiates undefined entity "buf_A" File: C:/Users/Job/epo3a5/chip/subsystems/CPU_final/CPU_toplevel.vhd Line: 157
Error (12006): Node instance "lbl_bregs" instantiates undefined entity "reg_cluster" File: C:/Users/Job/epo3a5/chip/subsystems/CPU_final/CPU_toplevel.vhd Line: 162
Error: Quartus II 64-Bit Analysis & Synthesis was unsuccessful. 8 errors, 3 warnings
    Error: Peak virtual memory: 491 megabytes
    Error: Processing ended: Tue Jan 13 01:56:57 2015
    Error: Elapsed time: 00:00:02
    Error: Total CPU time (on all processors): 00:00:01


